wandb: Currently logged in as: iamsamliang (use `wandb login --relogin` to force relogin)
wandb: Tracking run with wandb version 0.12.15
wandb: Run data is saved locally in /n/fs/nlp-saml/RACoLN_unidirectional/wandb/run-20220503_045724-3lu7qujs
wandb: Run `wandb offline` to turn off syncing.
wandb: Syncing run unidirectional
wandb: ⭐️ View project at https://wandb.ai/iamsamliang/RACoLN
wandb: 🚀 View run at https://wandb.ai/iamsamliang/RACoLN/runs/3lu7qujs
2022-05-03 04:58:39 | INFO | train_tsf_model.py | [Iteration 100] SelfLoss : 5.094 CycleLoss : 5.336 StyleLoss : 0.021 ContentLoss : 0.023
2022-05-03 04:58:44 | INFO | train_tsf_model.py | [Iteration 100] Model Checkpoint Saved with Loss : 10.498, Acc : 72.2, BLEU : 2.465
2022-05-03 04:59:08 | INFO | train_tsf_model.py | [Iteration 200] SelfLoss : 4.484 CycleLoss : 4.829 StyleLoss : 0.019 ContentLoss : 0.02
2022-05-03 04:59:12 | INFO | train_tsf_model.py | [Iteration 200] Model Checkpoint Saved with Loss : 9.472, Acc : 77.7, BLEU : 2.986
2022-05-03 04:59:39 | INFO | train_tsf_model.py | [Iteration 300] SelfLoss : 4.198 CycleLoss : 4.621 StyleLoss : 0.023 ContentLoss : 0.02
2022-05-03 04:59:42 | INFO | train_tsf_model.py | [Iteration 300] Model Checkpoint Saved with Loss : 8.932, Acc : 76.3, BLEU : 3.427
2022-05-03 05:00:14 | INFO | train_tsf_model.py | [Iteration 400] SelfLoss : 3.985 CycleLoss : 4.436 StyleLoss : 0.02 ContentLoss : 0.023
2022-05-03 05:00:18 | INFO | train_tsf_model.py | [Iteration 400] Model Checkpoint Saved with Loss : 8.552, Acc : 77.0, BLEU : 3.754
2022-05-03 05:00:52 | INFO | train_tsf_model.py | [Iteration 500] SelfLoss : 3.817 CycleLoss : 4.276 StyleLoss : 0.038 ContentLoss : 0.024
2022-05-03 05:00:56 | INFO | train_tsf_model.py | [Iteration 500] Model Checkpoint Saved with Loss : 8.201, Acc : 77.2, BLEU : 4.001
2022-05-03 05:01:31 | INFO | train_tsf_model.py | [Iteration 600] SelfLoss : 3.698 CycleLoss : 4.192 StyleLoss : 0.034 ContentLoss : 0.024
2022-05-03 05:01:35 | INFO | train_tsf_model.py | [Iteration 600] Model Checkpoint Saved with Loss : 8.16, Acc : 76.5, BLEU : 4.359
2022-05-03 05:02:10 | INFO | train_tsf_model.py | [Iteration 700] SelfLoss : 3.542 CycleLoss : 4.049 StyleLoss : 0.026 ContentLoss : 0.024
2022-05-03 05:02:14 | INFO | train_tsf_model.py | [Iteration 700] Model Checkpoint Saved with Loss : 7.643, Acc : 77.2, BLEU : 4.886
2022-05-03 05:02:50 | INFO | train_tsf_model.py | [Iteration 800] SelfLoss : 3.356 CycleLoss : 3.901 StyleLoss : 0.02 ContentLoss : 0.025
2022-05-03 05:02:53 | INFO | train_tsf_model.py | [Iteration 800] Model Checkpoint Saved with Loss : 7.411, Acc : 79.6, BLEU : 5.123
2022-05-03 05:03:29 | INFO | train_tsf_model.py | [Iteration 900] SelfLoss : 3.26 CycleLoss : 3.785 StyleLoss : 0.033 ContentLoss : 0.026
2022-05-03 05:03:32 | INFO | train_tsf_model.py | [Iteration 900] Model Checkpoint Saved with Loss : 7.172, Acc : 82.5, BLEU : 5.495
2022-05-03 05:04:08 | INFO | train_tsf_model.py | [Iteration 1000] SelfLoss : 3.158 CycleLoss : 3.716 StyleLoss : 0.034 ContentLoss : 0.028
2022-05-03 05:04:12 | INFO | train_tsf_model.py | [Iteration 1000] Model Checkpoint Saved with Loss : 6.961, Acc : 83.5, BLEU : 5.683
2022-05-03 05:04:48 | INFO | train_tsf_model.py | [Iteration 1100] SelfLoss : 3.06 CycleLoss : 3.664 StyleLoss : 0.04 ContentLoss : 0.029
2022-05-03 05:04:52 | INFO | train_tsf_model.py | [Iteration 1100] Model Checkpoint Saved with Loss : 6.779, Acc : 82.4, BLEU : 5.967
2022-05-03 05:05:27 | INFO | train_tsf_model.py | [Iteration 1200] SelfLoss : 2.942 CycleLoss : 3.539 StyleLoss : 0.035 ContentLoss : 0.029
2022-05-03 05:05:31 | INFO | train_tsf_model.py | [Iteration 1200] Model Checkpoint Saved with Loss : 6.557, Acc : 84.3, BLEU : 6.465
2022-05-03 05:06:07 | INFO | train_tsf_model.py | [Iteration 1300] SelfLoss : 2.975 CycleLoss : 3.637 StyleLoss : 0.023 ContentLoss : 0.03
2022-05-03 05:06:10 | INFO | train_tsf_model.py | [Iteration 1300] Model Checkpoint Saved with Loss : 6.396, Acc : 86.1, BLEU : 6.82
2022-05-03 05:06:46 | INFO | train_tsf_model.py | [Iteration 1400] SelfLoss : 2.789 CycleLoss : 3.388 StyleLoss : 0.042 ContentLoss : 0.03
2022-05-03 05:06:50 | INFO | train_tsf_model.py | [Iteration 1400] Model Checkpoint Saved with Loss : 6.205, Acc : 83.0, BLEU : 7.701
2022-05-03 05:07:25 | INFO | train_tsf_model.py | [Iteration 1500] SelfLoss : 2.837 CycleLoss : 3.485 StyleLoss : 0.019 ContentLoss : 0.031
2022-05-03 05:07:29 | INFO | train_tsf_model.py | [Iteration 1500] Model Checkpoint Saved with Loss : 6.018, Acc : 87.6, BLEU : 7.973
2022-05-03 05:08:05 | INFO | train_tsf_model.py | [Iteration 1600] SelfLoss : 2.643 CycleLoss : 3.271 StyleLoss : 0.034 ContentLoss : 0.032
2022-05-03 05:08:08 | INFO | train_tsf_model.py | [Iteration 1600] Model Checkpoint Saved with Loss : 5.875, Acc : 87.7, BLEU : 8.579
2022-05-03 05:08:44 | INFO | train_tsf_model.py | [Iteration 1700] SelfLoss : 2.542 CycleLoss : 3.184 StyleLoss : 0.043 ContentLoss : 0.032
2022-05-03 05:08:48 | INFO | train_tsf_model.py | [Iteration 1700] Model Checkpoint Saved with Loss : 5.677, Acc : 89.4, BLEU : 9.102
2022-05-03 05:09:23 | INFO | train_tsf_model.py | [Iteration 1800] SelfLoss : 2.477 CycleLoss : 3.129 StyleLoss : 0.023 ContentLoss : 0.033
2022-05-03 05:09:27 | INFO | train_tsf_model.py | [Iteration 1800] Model Checkpoint Saved with Loss : 5.536, Acc : 88.8, BLEU : 10.03
2022-05-03 05:10:02 | INFO | train_tsf_model.py | [Iteration 1900] SelfLoss : 2.394 CycleLoss : 3.054 StyleLoss : 0.032 ContentLoss : 0.034
2022-05-03 05:10:05 | INFO | train_tsf_model.py | [Iteration 1900] Model Checkpoint Saved with Loss : 5.412, Acc : 89.9, BLEU : 10.552
2022-05-03 05:10:41 | INFO | train_tsf_model.py | [Iteration 2000] SelfLoss : 2.399 CycleLoss : 3.052 StyleLoss : 0.037 ContentLoss : 0.035
2022-05-03 05:10:45 | INFO | train_tsf_model.py | [Iteration 2000] Model Checkpoint Saved with Loss : 5.284, Acc : 88.8, BLEU : 11.231
2022-05-03 05:11:20 | INFO | train_tsf_model.py | [Iteration 2100] SelfLoss : 2.159 CycleLoss : 2.824 StyleLoss : 0.035 ContentLoss : 0.035
2022-05-03 05:11:24 | INFO | train_tsf_model.py | [Iteration 2100] Model Checkpoint Saved with Loss : 5.159, Acc : 89.9, BLEU : 11.881
2022-05-03 05:12:00 | INFO | train_tsf_model.py | [Iteration 2200] SelfLoss : 2.137 CycleLoss : 2.813 StyleLoss : 0.043 ContentLoss : 0.036
2022-05-03 05:12:03 | INFO | train_tsf_model.py | [Iteration 2200] Model Checkpoint Saved with Loss : 5.04, Acc : 88.9, BLEU : 12.282
2022-05-03 05:12:39 | INFO | train_tsf_model.py | [Iteration 2300] SelfLoss : 2.107 CycleLoss : 2.743 StyleLoss : 0.029 ContentLoss : 0.036
2022-05-03 05:12:42 | INFO | train_tsf_model.py | [Iteration 2300] Model Checkpoint Saved with Loss : 4.919, Acc : 89.3, BLEU : 12.742
2022-05-03 05:13:18 | INFO | train_tsf_model.py | [Iteration 2400] SelfLoss : 2.247 CycleLoss : 2.94 StyleLoss : 0.028 ContentLoss : 0.037
2022-05-03 05:13:22 | INFO | train_tsf_model.py | [Iteration 2400] Model Checkpoint Saved with Loss : 4.818, Acc : 92.0, BLEU : 13.22
2022-05-03 05:13:57 | INFO | train_tsf_model.py | [Iteration 2500] SelfLoss : 2.127 CycleLoss : 2.887 StyleLoss : 0.039 ContentLoss : 0.038
2022-05-03 05:14:01 | INFO | train_tsf_model.py | [Iteration 2500] Model Checkpoint Saved with Loss : 4.69, Acc : 90.9, BLEU : 14.261
2022-05-03 05:14:37 | INFO | train_tsf_model.py | [Iteration 2600] SelfLoss : 2.012 CycleLoss : 2.735 StyleLoss : 0.031 ContentLoss : 0.037
2022-05-03 05:14:40 | INFO | train_tsf_model.py | [Iteration 2600] Model Checkpoint Saved with Loss : 4.57, Acc : 90.6, BLEU : 14.919
2022-05-03 05:15:16 | INFO | train_tsf_model.py | [Iteration 2700] SelfLoss : 2.011 CycleLoss : 2.709 StyleLoss : 0.069 ContentLoss : 0.038
2022-05-03 05:15:19 | INFO | train_tsf_model.py | [Iteration 2700] Model Checkpoint Saved with Loss : 4.477, Acc : 90.8, BLEU : 15.477
2022-05-03 05:15:55 | INFO | train_tsf_model.py | [Iteration 2800] SelfLoss : 1.834 CycleLoss : 2.495 StyleLoss : 0.046 ContentLoss : 0.037
2022-05-03 05:15:58 | INFO | train_tsf_model.py | [Iteration 2800] Model Checkpoint Saved with Loss : 4.388, Acc : 89.3, BLEU : 15.913
2022-05-03 05:16:34 | INFO | train_tsf_model.py | [Iteration 2900] SelfLoss : 1.946 CycleLoss : 2.649 StyleLoss : 0.068 ContentLoss : 0.038
2022-05-03 05:16:37 | INFO | train_tsf_model.py | [Iteration 2900] Model Checkpoint Saved with Loss : 4.273, Acc : 91.3, BLEU : 16.226
2022-05-03 05:17:13 | INFO | train_tsf_model.py | [Iteration 3000] SelfLoss : 1.758 CycleLoss : 2.478 StyleLoss : 0.036 ContentLoss : 0.039
2022-05-03 05:17:17 | INFO | train_tsf_model.py | [Iteration 3000] Model Checkpoint Saved with Loss : 4.205, Acc : 90.7, BLEU : 17.455
2022-05-03 05:17:52 | INFO | train_tsf_model.py | [Iteration 3100] SelfLoss : 1.679 CycleLoss : 2.351 StyleLoss : 0.071 ContentLoss : 0.038
2022-05-03 05:17:56 | INFO | train_tsf_model.py | [Iteration 3100] Model Checkpoint Saved with Loss : 4.089, Acc : 90.1, BLEU : 17.61
2022-05-03 05:18:32 | INFO | train_tsf_model.py | [Iteration 3200] SelfLoss : 1.661 CycleLoss : 2.386 StyleLoss : 0.059 ContentLoss : 0.039
2022-05-03 05:18:36 | INFO | train_tsf_model.py | [Iteration 3200] Model Checkpoint Saved with Loss : 3.996, Acc : 90.2, BLEU : 18.056
2022-05-03 05:19:11 | INFO | train_tsf_model.py | [Iteration 3300] SelfLoss : 1.686 CycleLoss : 2.442 StyleLoss : 0.04 ContentLoss : 0.04
2022-05-03 05:19:15 | INFO | train_tsf_model.py | [Iteration 3300] Model Checkpoint Saved with Loss : 3.911, Acc : 90.3, BLEU : 18.764
2022-05-03 05:19:51 | INFO | train_tsf_model.py | [Iteration 3400] SelfLoss : 1.694 CycleLoss : 2.389 StyleLoss : 0.045 ContentLoss : 0.039
2022-05-03 05:19:54 | INFO | train_tsf_model.py | [Iteration 3400] Model Checkpoint Saved with Loss : 3.798, Acc : 91.5, BLEU : 19.65
2022-05-03 05:20:30 | INFO | train_tsf_model.py | [Iteration 3500] SelfLoss : 1.563 CycleLoss : 2.261 StyleLoss : 0.057 ContentLoss : 0.04
2022-05-03 05:20:34 | INFO | train_tsf_model.py | [Iteration 3500] Model Checkpoint Saved with Loss : 3.741, Acc : 91.3, BLEU : 20.432
2022-05-03 05:21:09 | INFO | train_tsf_model.py | [Iteration 3600] SelfLoss : 1.507 CycleLoss : 2.163 StyleLoss : 0.046 ContentLoss : 0.04
2022-05-03 05:21:13 | INFO | train_tsf_model.py | [Iteration 3600] Model Checkpoint Saved with Loss : 3.647, Acc : 90.4, BLEU : 21.349
2022-05-03 05:21:49 | INFO | train_tsf_model.py | [Iteration 3700] SelfLoss : 1.454 CycleLoss : 2.163 StyleLoss : 0.077 ContentLoss : 0.04
2022-05-03 05:21:52 | INFO | train_tsf_model.py | [Iteration 3700] Model Checkpoint Saved with Loss : 3.557, Acc : 90.8, BLEU : 22.387
2022-05-03 05:22:29 | INFO | train_tsf_model.py | [Iteration 3800] SelfLoss : 1.553 CycleLoss : 2.298 StyleLoss : 0.029 ContentLoss : 0.041
2022-05-03 05:22:32 | INFO | train_tsf_model.py | [Iteration 3800] Model Checkpoint Saved with Loss : 3.457, Acc : 91.4, BLEU : 23.374
2022-05-03 05:23:08 | INFO | train_tsf_model.py | [Iteration 3900] SelfLoss : 1.475 CycleLoss : 2.21 StyleLoss : 0.06 ContentLoss : 0.041
2022-05-03 05:23:11 | INFO | train_tsf_model.py | [Iteration 3900] Model Checkpoint Saved with Loss : 3.386, Acc : 89.8, BLEU : 24.071
2022-05-03 05:23:47 | INFO | train_tsf_model.py | [Iteration 4000] SelfLoss : 1.425 CycleLoss : 2.173 StyleLoss : 0.067 ContentLoss : 0.042
2022-05-03 05:23:50 | INFO | train_tsf_model.py | [Iteration 4000] Model Checkpoint Saved with Loss : 3.338, Acc : 91.0, BLEU : 24.473
2022-05-03 05:24:26 | INFO | train_tsf_model.py | [Iteration 4100] SelfLoss : 1.403 CycleLoss : 2.149 StyleLoss : 0.04 ContentLoss : 0.042
2022-05-03 05:24:30 | INFO | train_tsf_model.py | [Iteration 4100] Model Checkpoint Saved with Loss : 3.245, Acc : 89.9, BLEU : 25.609
2022-05-03 05:25:05 | INFO | train_tsf_model.py | [Iteration 4200] SelfLoss : 1.342 CycleLoss : 2.045 StyleLoss : 0.065 ContentLoss : 0.042
2022-05-03 05:25:09 | INFO | train_tsf_model.py | [Iteration 4200] Model Checkpoint Saved with Loss : 3.159, Acc : 89.4, BLEU : 27.076
2022-05-03 05:25:44 | INFO | train_tsf_model.py | [Iteration 4300] SelfLoss : 1.368 CycleLoss : 2.104 StyleLoss : 0.064 ContentLoss : 0.043
2022-05-03 05:25:48 | INFO | train_tsf_model.py | [Iteration 4300] Model Checkpoint Saved with Loss : 3.101, Acc : 88.9, BLEU : 27.658
2022-05-03 05:26:24 | INFO | train_tsf_model.py | [Iteration 4400] SelfLoss : 1.27 CycleLoss : 1.951 StyleLoss : 0.059 ContentLoss : 0.042
2022-05-03 05:26:27 | INFO | train_tsf_model.py | [Iteration 4400] Model Checkpoint Saved with Loss : 3.023, Acc : 89.2, BLEU : 27.873
2022-05-03 05:27:02 | INFO | train_tsf_model.py | [Iteration 4500] SelfLoss : 1.261 CycleLoss : 1.936 StyleLoss : 0.041 ContentLoss : 0.042
2022-05-03 05:27:06 | INFO | train_tsf_model.py | [Iteration 4500] Model Checkpoint Saved with Loss : 2.956, Acc : 90.6, BLEU : 28.653
2022-05-03 05:27:42 | INFO | train_tsf_model.py | [Iteration 4600] SelfLoss : 1.171 CycleLoss : 1.853 StyleLoss : 0.042 ContentLoss : 0.042
2022-05-03 05:27:45 | INFO | train_tsf_model.py | [Iteration 4600] Model Checkpoint Saved with Loss : 2.899, Acc : 87.9, BLEU : 29.643
2022-05-03 05:28:21 | INFO | train_tsf_model.py | [Iteration 4700] SelfLoss : 1.226 CycleLoss : 1.925 StyleLoss : 0.072 ContentLoss : 0.042
2022-05-03 05:28:24 | INFO | train_tsf_model.py | [Iteration 4700] Model Checkpoint Saved with Loss : 2.827, Acc : 89.4, BLEU : 30.623
2022-05-03 05:29:00 | INFO | train_tsf_model.py | [Iteration 4800] SelfLoss : 1.189 CycleLoss : 1.869 StyleLoss : 0.052 ContentLoss : 0.043
2022-05-03 05:29:04 | INFO | train_tsf_model.py | [Iteration 4800] Model Checkpoint Saved with Loss : 2.773, Acc : 89.7, BLEU : 30.558
2022-05-03 05:29:39 | INFO | train_tsf_model.py | [Iteration 4900] SelfLoss : 1.196 CycleLoss : 1.883 StyleLoss : 0.044 ContentLoss : 0.043
2022-05-03 05:29:43 | INFO | train_tsf_model.py | [Iteration 4900] Model Checkpoint Saved with Loss : 2.709, Acc : 87.5, BLEU : 31.938
2022-05-03 05:30:19 | INFO | train_tsf_model.py | [Iteration 5000] SelfLoss : 1.142 CycleLoss : 1.834 StyleLoss : 0.049 ContentLoss : 0.043
2022-05-03 05:30:22 | INFO | train_tsf_model.py | [Iteration 5000] Model Checkpoint Saved with Loss : 2.678, Acc : 88.3, BLEU : 31.73
2022-05-03 05:30:58 | INFO | train_tsf_model.py | [Iteration 5100] SelfLoss : 1.126 CycleLoss : 1.816 StyleLoss : 0.032 ContentLoss : 0.042
2022-05-03 05:31:01 | INFO | train_tsf_model.py | [Iteration 5100] Model Checkpoint Saved with Loss : 2.608, Acc : 89.2, BLEU : 32.571
2022-05-03 05:31:38 | INFO | train_tsf_model.py | [Iteration 5200] SelfLoss : 0.992 CycleLoss : 1.646 StyleLoss : 0.046 ContentLoss : 0.042
2022-05-03 05:31:42 | INFO | train_tsf_model.py | [Iteration 5200] Model Checkpoint Saved with Loss : 2.558, Acc : 87.8, BLEU : 33.688
2022-05-03 05:32:17 | INFO | train_tsf_model.py | [Iteration 5300] SelfLoss : 1.092 CycleLoss : 1.796 StyleLoss : 0.06 ContentLoss : 0.042
2022-05-03 05:32:20 | INFO | train_tsf_model.py | [Iteration 5300] Model Checkpoint Saved with Loss : 2.507, Acc : 88.6, BLEU : 34.201
2022-05-03 05:32:56 | INFO | train_tsf_model.py | [Iteration 5400] SelfLoss : 1.041 CycleLoss : 1.726 StyleLoss : 0.067 ContentLoss : 0.042
2022-05-03 05:33:00 | INFO | train_tsf_model.py | [Iteration 5400] Model Checkpoint Saved with Loss : 2.462, Acc : 88.8, BLEU : 34.535
2022-05-03 05:33:35 | INFO | train_tsf_model.py | [Iteration 5500] SelfLoss : 1.016 CycleLoss : 1.689 StyleLoss : 0.038 ContentLoss : 0.043
2022-05-03 05:33:39 | INFO | train_tsf_model.py | [Iteration 5500] Model Checkpoint Saved with Loss : 2.435, Acc : 88.9, BLEU : 34.987
2022-05-03 05:34:15 | INFO | train_tsf_model.py | [Iteration 5600] SelfLoss : 0.983 CycleLoss : 1.609 StyleLoss : 0.049 ContentLoss : 0.042
2022-05-03 05:34:18 | INFO | train_tsf_model.py | [Iteration 5600] Model Checkpoint Saved with Loss : 2.375, Acc : 88.9, BLEU : 35.371
2022-05-03 05:34:54 | INFO | train_tsf_model.py | [Iteration 5700] SelfLoss : 0.931 CycleLoss : 1.621 StyleLoss : 0.075 ContentLoss : 0.043
2022-05-03 05:34:57 | INFO | train_tsf_model.py | [Iteration 5700] Model Checkpoint Saved with Loss : 2.32, Acc : 88.6, BLEU : 36.176
2022-05-03 05:35:33 | INFO | train_tsf_model.py | [Iteration 5800] SelfLoss : 0.972 CycleLoss : 1.652 StyleLoss : 0.071 ContentLoss : 0.043
2022-05-03 05:35:36 | INFO | train_tsf_model.py | [Iteration 5800] Model Checkpoint Saved with Loss : 2.293, Acc : 89.4, BLEU : 36.142
2022-05-03 05:36:12 | INFO | train_tsf_model.py | [Iteration 5900] SelfLoss : 0.921 CycleLoss : 1.596 StyleLoss : 0.09 ContentLoss : 0.042
2022-05-03 05:36:15 | INFO | train_tsf_model.py | [Iteration 5900] Model Checkpoint Saved with Loss : 2.237, Acc : 89.8, BLEU : 37.227
2022-05-03 05:36:51 | INFO | train_tsf_model.py | [Iteration 6000] SelfLoss : 0.88 CycleLoss : 1.48 StyleLoss : 0.076 ContentLoss : 0.041
2022-05-03 05:36:54 | INFO | train_tsf_model.py | [Iteration 6000] Model Checkpoint Saved with Loss : 2.2, Acc : 89.2, BLEU : 38.049
2022-05-03 05:37:30 | INFO | train_tsf_model.py | [Iteration 6100] SelfLoss : 0.905 CycleLoss : 1.527 StyleLoss : 0.062 ContentLoss : 0.043
2022-05-03 05:37:34 | INFO | train_tsf_model.py | [Iteration 6100] Model Checkpoint Saved with Loss : 2.158, Acc : 88.1, BLEU : 38.402
2022-05-03 05:38:10 | INFO | train_tsf_model.py | [Iteration 6200] SelfLoss : 0.883 CycleLoss : 1.51 StyleLoss : 0.074 ContentLoss : 0.042
2022-05-03 05:38:14 | INFO | train_tsf_model.py | [Iteration 6200] Model Checkpoint Saved with Loss : 2.12, Acc : 88.6, BLEU : 38.378
2022-05-03 05:38:49 | INFO | train_tsf_model.py | [Iteration 6300] SelfLoss : 0.882 CycleLoss : 1.522 StyleLoss : 0.05 ContentLoss : 0.042
2022-05-03 05:38:52 | INFO | train_tsf_model.py | [Iteration 6300] Model Checkpoint Saved with Loss : 2.08, Acc : 89.0, BLEU : 39.022
2022-05-03 05:39:28 | INFO | train_tsf_model.py | [Iteration 6400] SelfLoss : 0.771 CycleLoss : 1.406 StyleLoss : 0.044 ContentLoss : 0.042
2022-05-03 05:39:31 | INFO | train_tsf_model.py | [Iteration 6400] Model Checkpoint Saved with Loss : 2.037, Acc : 90.1, BLEU : 39.513
2022-05-03 05:40:07 | INFO | train_tsf_model.py | [Iteration 6500] SelfLoss : 0.891 CycleLoss : 1.544 StyleLoss : 0.088 ContentLoss : 0.043
2022-05-03 05:40:10 | INFO | train_tsf_model.py | [Iteration 6500] Model Checkpoint Saved with Loss : 1.989, Acc : 89.8, BLEU : 40.289
wandb: Network error (ReadTimeout), entering retry loop.
2022-05-03 05:40:46 | INFO | train_tsf_model.py | [Iteration 6600] SelfLoss : 0.77 CycleLoss : 1.355 StyleLoss : 0.083 ContentLoss : 0.042
2022-05-03 05:40:50 | INFO | train_tsf_model.py | [Iteration 6600] Model Checkpoint Saved with Loss : 1.966, Acc : 89.6, BLEU : 40.441
2022-05-03 05:41:25 | INFO | train_tsf_model.py | [Iteration 6700] SelfLoss : 0.791 CycleLoss : 1.39 StyleLoss : 0.046 ContentLoss : 0.042
2022-05-03 05:41:29 | INFO | train_tsf_model.py | [Iteration 6700] Model Checkpoint Saved with Loss : 1.927, Acc : 88.9, BLEU : 41.491
2022-05-03 05:42:04 | INFO | train_tsf_model.py | [Iteration 6800] SelfLoss : 0.847 CycleLoss : 1.504 StyleLoss : 0.062 ContentLoss : 0.043
2022-05-03 05:42:08 | INFO | train_tsf_model.py | [Iteration 6800] Model Checkpoint Saved with Loss : 1.888, Acc : 89.1, BLEU : 41.52
2022-05-03 05:42:43 | INFO | train_tsf_model.py | [Iteration 6900] SelfLoss : 0.79 CycleLoss : 1.435 StyleLoss : 0.061 ContentLoss : 0.043
2022-05-03 05:42:46 | INFO | train_tsf_model.py | [Iteration 6900] Model Checkpoint Saved with Loss : 1.857, Acc : 89.2, BLEU : 42.323
2022-05-03 05:43:22 | INFO | train_tsf_model.py | [Iteration 7000] SelfLoss : 0.751 CycleLoss : 1.383 StyleLoss : 0.073 ContentLoss : 0.042
2022-05-03 05:43:26 | INFO | train_tsf_model.py | [Iteration 7000] Model Checkpoint Saved with Loss : 1.824, Acc : 89.1, BLEU : 42.653
2022-05-03 05:44:01 | INFO | train_tsf_model.py | [Iteration 7100] SelfLoss : 0.703 CycleLoss : 1.322 StyleLoss : 0.063 ContentLoss : 0.042
2022-05-03 05:44:05 | INFO | train_tsf_model.py | [Iteration 7100] Model Checkpoint Saved with Loss : 1.797, Acc : 88.7, BLEU : 42.73
2022-05-03 05:44:41 | INFO | train_tsf_model.py | [Iteration 7200] SelfLoss : 0.717 CycleLoss : 1.308 StyleLoss : 0.063 ContentLoss : 0.042
2022-05-03 05:44:44 | INFO | train_tsf_model.py | [Iteration 7200] Model Checkpoint Saved with Loss : 1.768, Acc : 89.0, BLEU : 43.356
2022-05-03 05:45:20 | INFO | train_tsf_model.py | [Iteration 7300] SelfLoss : 0.762 CycleLoss : 1.356 StyleLoss : 0.08 ContentLoss : 0.043
2022-05-03 05:45:23 | INFO | train_tsf_model.py | [Iteration 7300] Model Checkpoint Saved with Loss : 1.741, Acc : 88.6, BLEU : 43.469
2022-05-03 05:45:59 | INFO | train_tsf_model.py | [Iteration 7400] SelfLoss : 0.764 CycleLoss : 1.401 StyleLoss : 0.097 ContentLoss : 0.043
2022-05-03 05:46:03 | INFO | train_tsf_model.py | [Iteration 7400] Model Checkpoint Saved with Loss : 1.727, Acc : 87.9, BLEU : 43.741
2022-05-03 05:46:38 | INFO | train_tsf_model.py | [Iteration 7500] SelfLoss : 0.726 CycleLoss : 1.343 StyleLoss : 0.046 ContentLoss : 0.042
2022-05-03 05:46:41 | INFO | train_tsf_model.py | [Iteration 7500] Model Checkpoint Saved with Loss : 1.679, Acc : 88.8, BLEU : 44.566
2022-05-03 05:47:17 | INFO | train_tsf_model.py | [Iteration 7600] SelfLoss : 0.686 CycleLoss : 1.321 StyleLoss : 0.076 ContentLoss : 0.042
2022-05-03 05:47:20 | INFO | train_tsf_model.py | [Iteration 7600] Model Checkpoint Saved with Loss : 1.663, Acc : 90.0, BLEU : 44.55
2022-05-03 05:47:55 | INFO | train_tsf_model.py | [Iteration 7700] SelfLoss : 0.679 CycleLoss : 1.287 StyleLoss : 0.07 ContentLoss : 0.041
2022-05-03 05:47:59 | INFO | train_tsf_model.py | [Iteration 7700] Model Checkpoint Saved with Loss : 1.624, Acc : 88.3, BLEU : 45.297
2022-05-03 05:48:35 | INFO | train_tsf_model.py | [Iteration 7800] SelfLoss : 0.575 CycleLoss : 1.116 StyleLoss : 0.078 ContentLoss : 0.041
2022-05-03 05:48:38 | INFO | train_tsf_model.py | [Iteration 7800] Model Checkpoint Saved with Loss : 1.59, Acc : 88.1, BLEU : 46.085
2022-05-03 05:49:14 | INFO | train_tsf_model.py | [Iteration 7900] SelfLoss : 0.611 CycleLoss : 1.229 StyleLoss : 0.06 ContentLoss : 0.042
2022-05-03 05:49:17 | INFO | train_tsf_model.py | [Iteration 7900] Model Checkpoint Saved with Loss : 1.577, Acc : 89.0, BLEU : 46.04
2022-05-03 05:49:52 | INFO | train_tsf_model.py | [Iteration 8000] SelfLoss : 0.603 CycleLoss : 1.174 StyleLoss : 0.092 ContentLoss : 0.042
2022-05-03 05:49:56 | INFO | train_tsf_model.py | [Iteration 8000] Model Checkpoint Saved with Loss : 1.551, Acc : 89.1, BLEU : 46.484
2022-05-03 05:50:31 | INFO | train_tsf_model.py | [Iteration 8100] SelfLoss : 0.66 CycleLoss : 1.249 StyleLoss : 0.093 ContentLoss : 0.042
2022-05-03 05:50:35 | INFO | train_tsf_model.py | [Iteration 8100] Model Checkpoint Saved with Loss : 1.533, Acc : 88.8, BLEU : 46.997
2022-05-03 05:51:10 | INFO | train_tsf_model.py | [Iteration 8200] SelfLoss : 0.618 CycleLoss : 1.194 StyleLoss : 0.062 ContentLoss : 0.041
2022-05-03 05:51:14 | INFO | train_tsf_model.py | [Iteration 8200] Model Checkpoint Saved with Loss : 1.515, Acc : 87.8, BLEU : 47.116
2022-05-03 05:51:49 | INFO | train_tsf_model.py | [Iteration 8300] SelfLoss : 0.553 CycleLoss : 1.095 StyleLoss : 0.094 ContentLoss : 0.042
2022-05-03 05:51:52 | INFO | train_tsf_model.py | [Iteration 8300] Model Checkpoint Saved with Loss : 1.478, Acc : 87.4, BLEU : 47.386
2022-05-03 05:52:28 | INFO | train_tsf_model.py | [Iteration 8400] SelfLoss : 0.575 CycleLoss : 1.101 StyleLoss : 0.071 ContentLoss : 0.041
2022-05-03 05:52:31 | INFO | train_tsf_model.py | [Iteration 8400] Model Checkpoint Saved with Loss : 1.457, Acc : 88.3, BLEU : 47.9
2022-05-03 05:53:07 | INFO | train_tsf_model.py | [Iteration 8500] SelfLoss : 0.559 CycleLoss : 1.11 StyleLoss : 0.097 ContentLoss : 0.041
2022-05-03 05:53:10 | INFO | train_tsf_model.py | [Iteration 8500] Model Checkpoint Saved with Loss : 1.417, Acc : 85.2, BLEU : 49.349
2022-05-03 05:53:45 | INFO | train_tsf_model.py | [Iteration 8600] SelfLoss : 0.555 CycleLoss : 1.109 StyleLoss : 0.115 ContentLoss : 0.041
2022-05-03 05:53:49 | INFO | train_tsf_model.py | [Iteration 8600] Model Checkpoint Saved with Loss : 1.403, Acc : 86.4, BLEU : 48.981
2022-05-03 05:54:24 | INFO | train_tsf_model.py | [Iteration 8700] SelfLoss : 0.505 CycleLoss : 1.043 StyleLoss : 0.084 ContentLoss : 0.04
2022-05-03 05:54:28 | INFO | train_tsf_model.py | [Iteration 8700] Model Checkpoint Saved with Loss : 1.391, Acc : 86.6, BLEU : 49.185
2022-05-03 05:55:03 | INFO | train_tsf_model.py | [Iteration 8800] SelfLoss : 0.565 CycleLoss : 1.113 StyleLoss : 0.087 ContentLoss : 0.041
2022-05-03 05:55:06 | INFO | train_tsf_model.py | [Iteration 8800] Model Checkpoint Saved with Loss : 1.384, Acc : 86.6, BLEU : 49.149
2022-05-03 05:55:41 | INFO | train_tsf_model.py | [Iteration 8900] SelfLoss : 0.56 CycleLoss : 1.1 StyleLoss : 0.07 ContentLoss : 0.04
2022-05-03 05:55:44 | INFO | train_tsf_model.py | [Iteration 8900] Model Checkpoint Saved with Loss : 1.352, Acc : 87.6, BLEU : 49.323
2022-05-03 05:56:19 | INFO | train_tsf_model.py | [Iteration 9000] SelfLoss : 0.52 CycleLoss : 1.055 StyleLoss : 0.081 ContentLoss : 0.041
2022-05-03 05:56:23 | INFO | train_tsf_model.py | [Iteration 9000] Model Checkpoint Saved with Loss : 1.341, Acc : 87.9, BLEU : 49.541
2022-05-03 05:56:58 | INFO | train_tsf_model.py | [Iteration 9100] SelfLoss : 0.512 CycleLoss : 1.058 StyleLoss : 0.088 ContentLoss : 0.041
2022-05-03 05:57:01 | INFO | train_tsf_model.py | [Iteration 9100] Model Checkpoint Saved with Loss : 1.312, Acc : 88.1, BLEU : 49.897
2022-05-03 05:57:36 | INFO | train_tsf_model.py | [Iteration 9200] SelfLoss : 0.497 CycleLoss : 1.029 StyleLoss : 0.044 ContentLoss : 0.041
2022-05-03 05:57:40 | INFO | train_tsf_model.py | [Iteration 9200] Model Checkpoint Saved with Loss : 1.298, Acc : 86.4, BLEU : 50.585
2022-05-03 05:58:15 | INFO | train_tsf_model.py | [Iteration 9300] SelfLoss : 0.555 CycleLoss : 1.099 StyleLoss : 0.057 ContentLoss : 0.04
2022-05-03 05:58:18 | INFO | train_tsf_model.py | [Iteration 9300] Model Checkpoint Saved with Loss : 1.259, Acc : 87.9, BLEU : 50.494
2022-05-03 05:58:53 | INFO | train_tsf_model.py | [Iteration 9400] SelfLoss : 0.546 CycleLoss : 1.099 StyleLoss : 0.115 ContentLoss : 0.041
2022-05-03 05:58:57 | INFO | train_tsf_model.py | [Iteration 9400] Model Checkpoint Saved with Loss : 1.252, Acc : 87.7, BLEU : 50.442
2022-05-03 05:59:32 | INFO | train_tsf_model.py | [Iteration 9500] SelfLoss : 0.53 CycleLoss : 1.063 StyleLoss : 0.096 ContentLoss : 0.041
2022-05-03 05:59:35 | INFO | train_tsf_model.py | [Iteration 9500] Model Checkpoint Saved with Loss : 1.235, Acc : 87.5, BLEU : 50.966
2022-05-03 06:00:11 | INFO | train_tsf_model.py | [Iteration 9600] SelfLoss : 0.482 CycleLoss : 0.988 StyleLoss : 0.069 ContentLoss : 0.04
2022-05-03 06:00:14 | INFO | train_tsf_model.py | [Iteration 9600] Model Checkpoint Saved with Loss : 1.226, Acc : 89.2, BLEU : 50.719
2022-05-03 06:00:49 | INFO | train_tsf_model.py | [Iteration 9700] SelfLoss : 0.578 CycleLoss : 1.087 StyleLoss : 0.104 ContentLoss : 0.041
2022-05-03 06:00:53 | INFO | train_tsf_model.py | [Iteration 9700] Model Checkpoint Saved with Loss : 1.217, Acc : 87.5, BLEU : 51.021
2022-05-03 06:01:28 | INFO | train_tsf_model.py | [Iteration 9800] SelfLoss : 0.477 CycleLoss : 1.001 StyleLoss : 0.093 ContentLoss : 0.04
2022-05-03 06:01:32 | INFO | train_tsf_model.py | [Iteration 9800] Model Checkpoint Saved with Loss : 1.2, Acc : 88.3, BLEU : 51.07
2022-05-03 06:02:07 | INFO | train_tsf_model.py | [Iteration 9900] SelfLoss : 0.458 CycleLoss : 0.991 StyleLoss : 0.101 ContentLoss : 0.04
2022-05-03 06:02:10 | INFO | train_tsf_model.py | [Iteration 9900] Model Checkpoint Saved with Loss : 1.186, Acc : 89.7, BLEU : 51.441
2022-05-03 06:02:46 | INFO | train_tsf_model.py | [Iteration 10000] SelfLoss : 0.44 CycleLoss : 0.931 StyleLoss : 0.08 ContentLoss : 0.039
2022-05-03 06:02:49 | INFO | train_tsf_model.py | [Iteration 10000] Model Checkpoint Saved with Loss : 1.162, Acc : 88.7, BLEU : 51.955
2022-05-03 06:03:25 | INFO | train_tsf_model.py | [Iteration 10100] SelfLoss : 0.458 CycleLoss : 0.984 StyleLoss : 0.086 ContentLoss : 0.04
2022-05-03 06:03:29 | INFO | train_tsf_model.py | [Iteration 10100] Model Checkpoint Saved with Loss : 1.146, Acc : 88.5, BLEU : 52.275
2022-05-03 06:04:04 | INFO | train_tsf_model.py | [Iteration 10200] SelfLoss : 0.464 CycleLoss : 0.951 StyleLoss : 0.108 ContentLoss : 0.04
2022-05-03 06:04:08 | INFO | train_tsf_model.py | [Iteration 10200] Model Checkpoint Saved with Loss : 1.13, Acc : 88.2, BLEU : 52.605
2022-05-03 06:04:43 | INFO | train_tsf_model.py | [Iteration 10300] SelfLoss : 0.452 CycleLoss : 0.923 StyleLoss : 0.073 ContentLoss : 0.04
2022-05-03 06:04:47 | INFO | train_tsf_model.py | [Iteration 10300] Model Checkpoint Saved with Loss : 1.118, Acc : 87.9, BLEU : 52.468
2022-05-03 06:05:22 | INFO | train_tsf_model.py | [Iteration 10400] SelfLoss : 0.401 CycleLoss : 0.87 StyleLoss : 0.062 ContentLoss : 0.04
2022-05-03 06:05:25 | INFO | train_tsf_model.py | [Iteration 10400] Model Checkpoint Saved with Loss : 1.114, Acc : 87.2, BLEU : 52.813
2022-05-03 06:06:01 | INFO | train_tsf_model.py | [Iteration 10500] SelfLoss : 0.398 CycleLoss : 0.867 StyleLoss : 0.08 ContentLoss : 0.039
2022-05-03 06:06:04 | INFO | train_tsf_model.py | [Iteration 10500] Model Checkpoint Saved with Loss : 1.108, Acc : 87.7, BLEU : 52.57
2022-05-03 06:06:39 | INFO | train_tsf_model.py | [Iteration 10600] SelfLoss : 0.389 CycleLoss : 0.85 StyleLoss : 0.09 ContentLoss : 0.04
2022-05-03 06:06:43 | INFO | train_tsf_model.py | [Iteration 10600] Model Checkpoint Saved with Loss : 1.091, Acc : 87.9, BLEU : 52.529
2022-05-03 06:07:18 | INFO | train_tsf_model.py | [Iteration 10700] SelfLoss : 0.389 CycleLoss : 0.859 StyleLoss : 0.065 ContentLoss : 0.039
2022-05-03 06:07:22 | INFO | train_tsf_model.py | [Iteration 10700] Model Checkpoint Saved with Loss : 1.081, Acc : 87.1, BLEU : 53.302
2022-05-03 06:07:57 | INFO | train_tsf_model.py | [Iteration 10800] SelfLoss : 0.4 CycleLoss : 0.862 StyleLoss : 0.099 ContentLoss : 0.039
2022-05-03 06:08:01 | INFO | train_tsf_model.py | [Iteration 10800] Model Checkpoint Saved with Loss : 1.059, Acc : 86.8, BLEU : 53.764
2022-05-03 06:08:36 | INFO | train_tsf_model.py | [Iteration 10900] SelfLoss : 0.407 CycleLoss : 0.909 StyleLoss : 0.098 ContentLoss : 0.04
2022-05-03 06:08:39 | INFO | train_tsf_model.py | [Iteration 10900] Model Checkpoint Saved with Loss : 1.048, Acc : 88.6, BLEU : 53.533
2022-05-03 06:09:15 | INFO | train_tsf_model.py | [Iteration 11000] SelfLoss : 0.388 CycleLoss : 0.864 StyleLoss : 0.084 ContentLoss : 0.039
2022-05-03 06:09:18 | INFO | train_tsf_model.py | [Iteration 11000] Model Checkpoint Saved with Loss : 1.046, Acc : 85.5, BLEU : 54.287
2022-05-03 06:09:54 | INFO | train_tsf_model.py | [Iteration 11100] SelfLoss : 0.376 CycleLoss : 0.811 StyleLoss : 0.108 ContentLoss : 0.039
2022-05-03 06:09:58 | INFO | train_tsf_model.py | [Iteration 11100] Model Checkpoint Saved with Loss : 1.031, Acc : 87.5, BLEU : 53.936
2022-05-03 06:10:33 | INFO | train_tsf_model.py | [Iteration 11200] SelfLoss : 0.387 CycleLoss : 0.846 StyleLoss : 0.099 ContentLoss : 0.039
2022-05-03 06:10:36 | INFO | train_tsf_model.py | [Iteration 11200] Model Checkpoint Saved with Loss : 1.016, Acc : 87.4, BLEU : 53.95
2022-05-03 06:11:12 | INFO | train_tsf_model.py | [Iteration 11300] SelfLoss : 0.384 CycleLoss : 0.85 StyleLoss : 0.103 ContentLoss : 0.039
2022-05-03 06:11:15 | INFO | train_tsf_model.py | [Iteration 11300] Model Checkpoint Saved with Loss : 1.016, Acc : 88.8, BLEU : 54.009
2022-05-03 06:11:50 | INFO | train_tsf_model.py | [Iteration 11400] SelfLoss : 0.37 CycleLoss : 0.781 StyleLoss : 0.084 ContentLoss : 0.039
2022-05-03 06:11:54 | INFO | train_tsf_model.py | [Iteration 11400] Model Checkpoint Saved with Loss : 1.001, Acc : 87.3, BLEU : 54.309
2022-05-03 06:12:29 | INFO | train_tsf_model.py | [Iteration 11500] SelfLoss : 0.368 CycleLoss : 0.805 StyleLoss : 0.141 ContentLoss : 0.039
2022-05-03 06:12:33 | INFO | train_tsf_model.py | [Iteration 11500] Model Checkpoint Saved with Loss : 0.996, Acc : 87.9, BLEU : 54.108
2022-05-03 06:13:08 | INFO | train_tsf_model.py | [Iteration 11600] SelfLoss : 0.357 CycleLoss : 0.783 StyleLoss : 0.086 ContentLoss : 0.039
2022-05-03 06:13:12 | INFO | train_tsf_model.py | [Iteration 11600] Model Checkpoint Saved with Loss : 0.985, Acc : 87.5, BLEU : 54.572
2022-05-03 06:13:48 | INFO | train_tsf_model.py | [Iteration 11700] SelfLoss : 0.376 CycleLoss : 0.863 StyleLoss : 0.061 ContentLoss : 0.039
2022-05-03 06:13:51 | INFO | train_tsf_model.py | [Iteration 11700] Model Checkpoint Saved with Loss : 0.983, Acc : 87.8, BLEU : 54.694
2022-05-03 06:14:27 | INFO | train_tsf_model.py | [Iteration 11800] SelfLoss : 0.339 CycleLoss : 0.778 StyleLoss : 0.077 ContentLoss : 0.039
2022-05-03 06:14:30 | INFO | train_tsf_model.py | [Iteration 11800] Model Checkpoint Saved with Loss : 0.97, Acc : 87.5, BLEU : 54.755
2022-05-03 06:15:06 | INFO | train_tsf_model.py | [Iteration 11900] SelfLoss : 0.38 CycleLoss : 0.824 StyleLoss : 0.114 ContentLoss : 0.039
2022-05-03 06:15:10 | INFO | train_tsf_model.py | [Iteration 11900] Model Checkpoint Saved with Loss : 0.961, Acc : 87.4, BLEU : 54.687
2022-05-03 06:15:46 | INFO | train_tsf_model.py | [Iteration 12000] SelfLoss : 0.349 CycleLoss : 0.787 StyleLoss : 0.106 ContentLoss : 0.038
2022-05-03 06:15:49 | INFO | train_tsf_model.py | [Iteration 12000] Model Checkpoint Saved with Loss : 0.945, Acc : 87.4, BLEU : 54.91
2022-05-03 06:16:24 | INFO | train_tsf_model.py | [Iteration 12100] SelfLoss : 0.383 CycleLoss : 0.812 StyleLoss : 0.121 ContentLoss : 0.039
2022-05-03 06:16:28 | INFO | train_tsf_model.py | [Iteration 12100] Model Checkpoint Saved with Loss : 0.93, Acc : 87.9, BLEU : 54.938
2022-05-03 06:17:03 | INFO | train_tsf_model.py | [Iteration 12200] SelfLoss : 0.333 CycleLoss : 0.758 StyleLoss : 0.134 ContentLoss : 0.039
2022-05-03 06:17:06 | INFO | train_tsf_model.py | [Iteration 12200] Model Checkpoint Saved with Loss : 0.932, Acc : 88.3, BLEU : 54.668
2022-05-03 06:17:41 | INFO | train_tsf_model.py | [Iteration 12300] SelfLoss : 0.283 CycleLoss : 0.681 StyleLoss : 0.088 ContentLoss : 0.037
2022-05-03 06:17:45 | INFO | train_tsf_model.py | [Iteration 12300] Model Checkpoint Saved with Loss : 0.929, Acc : 87.4, BLEU : 55.315
2022-05-03 06:18:19 | INFO | train_tsf_model.py | [Iteration 12400] SelfLoss : 0.311 CycleLoss : 0.728 StyleLoss : 0.108 ContentLoss : 0.039
2022-05-03 06:18:23 | INFO | train_tsf_model.py | [Iteration 12400] Model Checkpoint Saved with Loss : 0.903, Acc : 87.1, BLEU : 55.868
2022-05-03 06:18:58 | INFO | train_tsf_model.py | [Iteration 12500] SelfLoss : 0.334 CycleLoss : 0.781 StyleLoss : 0.106 ContentLoss : 0.038
2022-05-03 06:19:02 | INFO | train_tsf_model.py | [Iteration 12500] Model Checkpoint Saved with Loss : 0.91, Acc : 87.2, BLEU : 55.696
2022-05-03 06:19:37 | INFO | train_tsf_model.py | [Iteration 12600] SelfLoss : 0.332 CycleLoss : 0.796 StyleLoss : 0.086 ContentLoss : 0.038
2022-05-03 06:19:41 | INFO | train_tsf_model.py | [Iteration 12600] Model Checkpoint Saved with Loss : 0.892, Acc : 87.4, BLEU : 55.516
2022-05-03 06:20:17 | INFO | train_tsf_model.py | [Iteration 12700] SelfLoss : 0.351 CycleLoss : 0.776 StyleLoss : 0.115 ContentLoss : 0.038
2022-05-03 06:20:20 | INFO | train_tsf_model.py | [Iteration 12700] Model Checkpoint Saved with Loss : 0.881, Acc : 86.8, BLEU : 56.034
2022-05-03 06:20:56 | INFO | train_tsf_model.py | [Iteration 12800] SelfLoss : 0.344 CycleLoss : 0.765 StyleLoss : 0.106 ContentLoss : 0.037
2022-05-03 06:20:59 | INFO | train_tsf_model.py | [Iteration 12800] Model Checkpoint Saved with Loss : 0.869, Acc : 87.0, BLEU : 56.142
2022-05-03 06:21:35 | INFO | train_tsf_model.py | [Iteration 12900] SelfLoss : 0.326 CycleLoss : 0.758 StyleLoss : 0.129 ContentLoss : 0.037
2022-05-03 06:21:38 | INFO | train_tsf_model.py | [Iteration 12900] Model Checkpoint Saved with Loss : 0.858, Acc : 86.3, BLEU : 56.026
2022-05-03 06:22:14 | INFO | train_tsf_model.py | [Iteration 13000] SelfLoss : 0.317 CycleLoss : 0.733 StyleLoss : 0.123 ContentLoss : 0.038
2022-05-03 06:22:17 | INFO | train_tsf_model.py | [Iteration 13000] Model Checkpoint Saved with Loss : 0.853, Acc : 87.8, BLEU : 55.786
2022-05-03 06:22:53 | INFO | train_tsf_model.py | [Iteration 13100] SelfLoss : 0.299 CycleLoss : 0.716 StyleLoss : 0.102 ContentLoss : 0.038
2022-05-03 06:22:55 | INFO | train_tsf_model.py | [Iteration 13100] Model Checkpoint Saved with Loss : 0.85, Acc : 87.3, BLEU : 56.051
2022-05-03 06:23:31 | INFO | train_tsf_model.py | [Iteration 13200] SelfLoss : 0.299 CycleLoss : 0.699 StyleLoss : 0.156 ContentLoss : 0.037
2022-05-03 06:23:34 | INFO | train_tsf_model.py | [Iteration 13200] Model Checkpoint Saved with Loss : 0.855, Acc : 86.1, BLEU : 55.953
2022-05-03 06:24:10 | INFO | train_tsf_model.py | [Iteration 13300] SelfLoss : 0.268 CycleLoss : 0.644 StyleLoss : 0.119 ContentLoss : 0.037
2022-05-03 06:24:14 | INFO | train_tsf_model.py | [Iteration 13300] Model Checkpoint Saved with Loss : 0.844, Acc : 87.6, BLEU : 56.059
2022-05-03 06:24:49 | INFO | train_tsf_model.py | [Iteration 13400] SelfLoss : 0.286 CycleLoss : 0.723 StyleLoss : 0.156 ContentLoss : 0.037
2022-05-03 06:24:52 | INFO | train_tsf_model.py | [Iteration 13400] Model Checkpoint Saved with Loss : 0.815, Acc : 87.6, BLEU : 56.368
2022-05-03 06:25:28 | INFO | train_tsf_model.py | [Iteration 13500] SelfLoss : 0.325 CycleLoss : 0.72 StyleLoss : 0.116 ContentLoss : 0.037
2022-05-03 06:25:31 | INFO | train_tsf_model.py | [Iteration 13500] Model Checkpoint Saved with Loss : 0.833, Acc : 87.0, BLEU : 56.05
2022-05-03 06:26:06 | INFO | train_tsf_model.py | [Iteration 13600] SelfLoss : 0.26 CycleLoss : 0.684 StyleLoss : 0.137 ContentLoss : 0.036
2022-05-03 06:26:10 | INFO | train_tsf_model.py | [Iteration 13600] Model Checkpoint Saved with Loss : 0.806, Acc : 87.0, BLEU : 56.417
2022-05-03 06:26:45 | INFO | train_tsf_model.py | [Iteration 13700] SelfLoss : 0.405 CycleLoss : 1.021 StyleLoss : 0.085 ContentLoss : 0.045
2022-05-03 06:26:48 | INFO | train_tsf_model.py | [Iteration 13700] Model Checkpoint Saved with Loss : 1.217, Acc : 87.7, BLEU : 54.307
2022-05-03 06:27:24 | INFO | train_tsf_model.py | [Iteration 13800] SelfLoss : 0.286 CycleLoss : 0.723 StyleLoss : 0.083 ContentLoss : 0.036
2022-05-03 06:27:27 | INFO | train_tsf_model.py | [Iteration 13800] Model Checkpoint Saved with Loss : 0.795, Acc : 86.0, BLEU : 57.202
2022-05-03 06:28:03 | INFO | train_tsf_model.py | [Iteration 13900] SelfLoss : 0.26 CycleLoss : 0.656 StyleLoss : 0.099 ContentLoss : 0.036
2022-05-03 06:28:06 | INFO | train_tsf_model.py | [Iteration 13900] Model Checkpoint Saved with Loss : 0.796, Acc : 87.6, BLEU : 56.903
2022-05-03 06:28:41 | INFO | train_tsf_model.py | [Iteration 14000] SelfLoss : 0.274 CycleLoss : 0.695 StyleLoss : 0.079 ContentLoss : 0.037
2022-05-03 06:28:45 | INFO | train_tsf_model.py | [Iteration 14000] Model Checkpoint Saved with Loss : 0.793, Acc : 86.7, BLEU : 56.582
2022-05-03 06:29:20 | INFO | train_tsf_model.py | [Iteration 14100] SelfLoss : 0.277 CycleLoss : 0.627 StyleLoss : 0.118 ContentLoss : 0.036
2022-05-03 06:29:24 | INFO | train_tsf_model.py | [Iteration 14100] Model Checkpoint Saved with Loss : 0.773, Acc : 87.4, BLEU : 57.082
2022-05-03 06:29:59 | INFO | train_tsf_model.py | [Iteration 14200] SelfLoss : 0.285 CycleLoss : 0.655 StyleLoss : 0.07 ContentLoss : 0.036
2022-05-03 06:30:03 | INFO | train_tsf_model.py | [Iteration 14200] Model Checkpoint Saved with Loss : 0.781, Acc : 88.2, BLEU : 56.787
2022-05-03 06:30:38 | INFO | train_tsf_model.py | [Iteration 14300] SelfLoss : 0.27 CycleLoss : 0.646 StyleLoss : 0.132 ContentLoss : 0.036
2022-05-03 06:30:42 | INFO | train_tsf_model.py | [Iteration 14300] Model Checkpoint Saved with Loss : 0.779, Acc : 87.4, BLEU : 57.046
2022-05-03 06:31:16 | INFO | train_tsf_model.py | [Iteration 14400] SelfLoss : 0.26 CycleLoss : 0.654 StyleLoss : 0.114 ContentLoss : 0.036
2022-05-03 06:31:20 | INFO | train_tsf_model.py | [Iteration 14400] Model Checkpoint Saved with Loss : 0.76, Acc : 87.6, BLEU : 56.563
2022-05-03 06:31:55 | INFO | train_tsf_model.py | [Iteration 14500] SelfLoss : 0.247 CycleLoss : 0.581 StyleLoss : 0.13 ContentLoss : 0.035
2022-05-03 06:31:58 | INFO | train_tsf_model.py | [Iteration 14500] Model Checkpoint Saved with Loss : 0.761, Acc : 88.3, BLEU : 56.674
2022-05-03 06:32:33 | INFO | train_tsf_model.py | [Iteration 14600] SelfLoss : 0.272 CycleLoss : 0.648 StyleLoss : 0.118 ContentLoss : 0.036
2022-05-03 06:32:37 | INFO | train_tsf_model.py | [Iteration 14600] Model Checkpoint Saved with Loss : 0.756, Acc : 86.2, BLEU : 57.084
2022-05-03 06:33:13 | INFO | train_tsf_model.py | [Iteration 14700] SelfLoss : 0.282 CycleLoss : 0.642 StyleLoss : 0.143 ContentLoss : 0.035
2022-05-03 06:33:15 | INFO | train_tsf_model.py | [Iteration 14700] Model Checkpoint Saved with Loss : 0.755, Acc : 86.9, BLEU : 57.569
2022-05-03 06:33:51 | INFO | train_tsf_model.py | [Iteration 14800] SelfLoss : 0.219 CycleLoss : 0.552 StyleLoss : 0.163 ContentLoss : 0.035
2022-05-03 06:33:54 | INFO | train_tsf_model.py | [Iteration 14800] Model Checkpoint Saved with Loss : 0.754, Acc : 87.5, BLEU : 56.755
2022-05-03 06:34:30 | INFO | train_tsf_model.py | [Iteration 14900] SelfLoss : 0.271 CycleLoss : 0.651 StyleLoss : 0.104 ContentLoss : 0.035
2022-05-03 06:34:33 | INFO | train_tsf_model.py | [Iteration 14900] Model Checkpoint Saved with Loss : 0.744, Acc : 87.2, BLEU : 56.88
2022-05-03 06:35:08 | INFO | train_tsf_model.py | [Iteration 15000] SelfLoss : 0.246 CycleLoss : 0.634 StyleLoss : 0.085 ContentLoss : 0.036
2022-05-03 06:35:12 | INFO | train_tsf_model.py | [Iteration 15000] Model Checkpoint Saved with Loss : 0.733, Acc : 87.8, BLEU : 57.045
2022-05-03 06:35:47 | INFO | train_tsf_model.py | [Iteration 15100] SelfLoss : 0.234 CycleLoss : 0.583 StyleLoss : 0.126 ContentLoss : 0.035
2022-05-03 06:35:51 | INFO | train_tsf_model.py | [Iteration 15100] Model Checkpoint Saved with Loss : 0.729, Acc : 86.6, BLEU : 57.114
2022-05-03 06:36:26 | INFO | train_tsf_model.py | [Iteration 15200] SelfLoss : 0.212 CycleLoss : 0.554 StyleLoss : 0.146 ContentLoss : 0.034
2022-05-03 06:36:30 | INFO | train_tsf_model.py | [Iteration 15200] Model Checkpoint Saved with Loss : 0.733, Acc : 86.5, BLEU : 57.739
2022-05-03 06:37:05 | INFO | train_tsf_model.py | [Iteration 15300] SelfLoss : 0.244 CycleLoss : 0.584 StyleLoss : 0.057 ContentLoss : 0.035
2022-05-03 06:37:09 | INFO | train_tsf_model.py | [Iteration 15300] Model Checkpoint Saved with Loss : 0.72, Acc : 86.7, BLEU : 57.409
2022-05-03 06:37:44 | INFO | train_tsf_model.py | [Iteration 15400] SelfLoss : 0.247 CycleLoss : 0.6 StyleLoss : 0.102 ContentLoss : 0.035
2022-05-03 06:37:47 | INFO | train_tsf_model.py | [Iteration 15400] Model Checkpoint Saved with Loss : 0.718, Acc : 87.0, BLEU : 57.437
2022-05-03 06:38:23 | INFO | train_tsf_model.py | [Iteration 15500] SelfLoss : 0.26 CycleLoss : 0.626 StyleLoss : 0.09 ContentLoss : 0.035
2022-05-03 06:38:27 | INFO | train_tsf_model.py | [Iteration 15500] Model Checkpoint Saved with Loss : 0.712, Acc : 86.9, BLEU : 57.6
2022-05-03 06:39:02 | INFO | train_tsf_model.py | [Iteration 15600] SelfLoss : 0.234 CycleLoss : 0.588 StyleLoss : 0.114 ContentLoss : 0.034
2022-05-03 06:39:05 | INFO | train_tsf_model.py | [Iteration 15600] Model Checkpoint Saved with Loss : 0.707, Acc : 86.9, BLEU : 57.925
2022-05-03 06:39:41 | INFO | train_tsf_model.py | [Iteration 15700] SelfLoss : 0.216 CycleLoss : 0.57 StyleLoss : 0.141 ContentLoss : 0.035
2022-05-03 06:39:44 | INFO | train_tsf_model.py | [Iteration 15700] Model Checkpoint Saved with Loss : 0.701, Acc : 86.9, BLEU : 57.94
2022-05-03 06:40:19 | INFO | train_tsf_model.py | [Iteration 15800] SelfLoss : 0.233 CycleLoss : 0.597 StyleLoss : 0.15 ContentLoss : 0.035
2022-05-03 06:40:23 | INFO | train_tsf_model.py | [Iteration 15800] Model Checkpoint Saved with Loss : 0.706, Acc : 86.4, BLEU : 57.953
2022-05-03 06:40:58 | INFO | train_tsf_model.py | [Iteration 15900] SelfLoss : 0.223 CycleLoss : 0.569 StyleLoss : 0.089 ContentLoss : 0.035
2022-05-03 06:41:02 | INFO | train_tsf_model.py | [Iteration 15900] Model Checkpoint Saved with Loss : 0.7, Acc : 87.4, BLEU : 57.559
2022-05-03 06:41:37 | INFO | train_tsf_model.py | [Iteration 16000] SelfLoss : 0.203 CycleLoss : 0.528 StyleLoss : 0.112 ContentLoss : 0.034
2022-05-03 06:41:39 | INFO | train_tsf_model.py | [Iteration 16000] Model Checkpoint Saved with Loss : 0.7, Acc : 87.1, BLEU : 57.913
2022-05-03 06:42:15 | INFO | train_tsf_model.py | [Iteration 16100] SelfLoss : 0.224 CycleLoss : 0.554 StyleLoss : 0.122 ContentLoss : 0.034
2022-05-03 06:42:18 | INFO | train_tsf_model.py | [Iteration 16100] Model Checkpoint Saved with Loss : 0.688, Acc : 86.9, BLEU : 57.854
2022-05-03 06:42:54 | INFO | train_tsf_model.py | [Iteration 16200] SelfLoss : 0.264 CycleLoss : 0.627 StyleLoss : 0.133 ContentLoss : 0.035
2022-05-03 06:42:57 | INFO | train_tsf_model.py | [Iteration 16200] Model Checkpoint Saved with Loss : 0.688, Acc : 88.0, BLEU : 57.324
2022-05-03 06:43:33 | INFO | train_tsf_model.py | [Iteration 16300] SelfLoss : 0.215 CycleLoss : 0.559 StyleLoss : 0.131 ContentLoss : 0.034
2022-05-03 06:43:36 | INFO | train_tsf_model.py | [Iteration 16300] Model Checkpoint Saved with Loss : 0.673, Acc : 87.3, BLEU : 57.714
2022-05-03 06:44:12 | INFO | train_tsf_model.py | [Iteration 16400] SelfLoss : 0.197 CycleLoss : 0.528 StyleLoss : 0.116 ContentLoss : 0.034
2022-05-03 06:44:15 | INFO | train_tsf_model.py | [Iteration 16400] Model Checkpoint Saved with Loss : 0.679, Acc : 86.9, BLEU : 58.151
2022-05-03 06:44:50 | INFO | train_tsf_model.py | [Iteration 16500] SelfLoss : 0.184 CycleLoss : 0.485 StyleLoss : 0.166 ContentLoss : 0.034
2022-05-03 06:44:53 | INFO | train_tsf_model.py | [Iteration 16500] Model Checkpoint Saved with Loss : 0.67, Acc : 87.3, BLEU : 58.161
2022-05-03 06:45:29 | INFO | train_tsf_model.py | [Iteration 16600] SelfLoss : 0.2 CycleLoss : 0.503 StyleLoss : 0.119 ContentLoss : 0.033
2022-05-03 06:45:32 | INFO | train_tsf_model.py | [Iteration 16600] Model Checkpoint Saved with Loss : 0.668, Acc : 88.0, BLEU : 57.508
2022-05-03 06:46:08 | INFO | train_tsf_model.py | [Iteration 16700] SelfLoss : 0.209 CycleLoss : 0.536 StyleLoss : 0.098 ContentLoss : 0.033
2022-05-03 06:46:11 | INFO | train_tsf_model.py | [Iteration 16700] Model Checkpoint Saved with Loss : 0.672, Acc : 87.3, BLEU : 57.908
2022-05-03 06:46:47 | INFO | train_tsf_model.py | [Iteration 16800] SelfLoss : 0.227 CycleLoss : 0.578 StyleLoss : 0.1 ContentLoss : 0.034
2022-05-03 06:46:50 | INFO | train_tsf_model.py | [Iteration 16800] Model Checkpoint Saved with Loss : 0.674, Acc : 86.2, BLEU : 58.153
2022-05-03 06:47:26 | INFO | train_tsf_model.py | [Iteration 16900] SelfLoss : 0.2 CycleLoss : 0.538 StyleLoss : 0.127 ContentLoss : 0.033
2022-05-03 06:47:29 | INFO | train_tsf_model.py | [Iteration 16900] Model Checkpoint Saved with Loss : 0.674, Acc : 87.6, BLEU : 57.654
2022-05-03 06:48:05 | INFO | train_tsf_model.py | [Iteration 17000] SelfLoss : 0.207 CycleLoss : 0.539 StyleLoss : 0.098 ContentLoss : 0.033
2022-05-03 06:48:08 | INFO | train_tsf_model.py | [Iteration 17000] Model Checkpoint Saved with Loss : 0.654, Acc : 88.2, BLEU : 57.646
2022-05-03 06:48:44 | INFO | train_tsf_model.py | [Iteration 17100] SelfLoss : 0.206 CycleLoss : 0.52 StyleLoss : 0.109 ContentLoss : 0.033
2022-05-03 06:48:47 | INFO | train_tsf_model.py | [Iteration 17100] Model Checkpoint Saved with Loss : 0.658, Acc : 87.6, BLEU : 58.559
2022-05-03 06:49:23 | INFO | train_tsf_model.py | [Iteration 17200] SelfLoss : 0.192 CycleLoss : 0.501 StyleLoss : 0.094 ContentLoss : 0.033
2022-05-03 06:49:26 | INFO | train_tsf_model.py | [Iteration 17200] Model Checkpoint Saved with Loss : 0.647, Acc : 86.9, BLEU : 58.323
2022-05-03 06:50:02 | INFO | train_tsf_model.py | [Iteration 17300] SelfLoss : 0.209 CycleLoss : 0.581 StyleLoss : 0.154 ContentLoss : 0.034
2022-05-03 06:50:05 | INFO | train_tsf_model.py | [Iteration 17300] Model Checkpoint Saved with Loss : 0.638, Acc : 87.6, BLEU : 58.256
2022-05-03 06:50:41 | INFO | train_tsf_model.py | [Iteration 17400] SelfLoss : 0.191 CycleLoss : 0.542 StyleLoss : 0.107 ContentLoss : 0.033
2022-05-03 06:50:44 | INFO | train_tsf_model.py | [Iteration 17400] Model Checkpoint Saved with Loss : 0.627, Acc : 87.9, BLEU : 57.685
2022-05-03 06:51:20 | INFO | train_tsf_model.py | [Iteration 17500] SelfLoss : 0.202 CycleLoss : 0.509 StyleLoss : 0.148 ContentLoss : 0.033
2022-05-03 06:51:22 | INFO | train_tsf_model.py | [Iteration 17500] Model Checkpoint Saved with Loss : 0.637, Acc : 87.9, BLEU : 58.401
2022-05-03 06:51:58 | INFO | train_tsf_model.py | [Iteration 17600] SelfLoss : 0.183 CycleLoss : 0.493 StyleLoss : 0.123 ContentLoss : 0.032
2022-05-03 06:52:01 | INFO | train_tsf_model.py | [Iteration 17600] Model Checkpoint Saved with Loss : 0.63, Acc : 88.2, BLEU : 58.139
2022-05-03 06:52:37 | INFO | train_tsf_model.py | [Iteration 17700] SelfLoss : 0.185 CycleLoss : 0.515 StyleLoss : 0.108 ContentLoss : 0.034
2022-05-03 06:52:39 | INFO | train_tsf_model.py | [Iteration 17700] Model Checkpoint Saved with Loss : 0.638, Acc : 89.3, BLEU : 57.922
2022-05-03 06:53:15 | INFO | train_tsf_model.py | [Iteration 17800] SelfLoss : 0.202 CycleLoss : 0.529 StyleLoss : 0.166 ContentLoss : 0.033
2022-05-03 06:53:19 | INFO | train_tsf_model.py | [Iteration 17800] Model Checkpoint Saved with Loss : 0.637, Acc : 88.2, BLEU : 58.029
2022-05-03 06:53:53 | INFO | train_tsf_model.py | [Iteration 17900] SelfLoss : 0.213 CycleLoss : 0.519 StyleLoss : 0.124 ContentLoss : 0.033
2022-05-03 06:53:57 | INFO | train_tsf_model.py | [Iteration 17900] Model Checkpoint Saved with Loss : 0.612, Acc : 87.1, BLEU : 58.749
2022-05-03 06:54:32 | INFO | train_tsf_model.py | [Iteration 18000] SelfLoss : 0.163 CycleLoss : 0.435 StyleLoss : 0.115 ContentLoss : 0.033
2022-05-03 06:54:35 | INFO | train_tsf_model.py | [Iteration 18000] Model Checkpoint Saved with Loss : 0.608, Acc : 86.6, BLEU : 58.5
2022-05-03 06:55:11 | INFO | train_tsf_model.py | [Iteration 18100] SelfLoss : 0.225 CycleLoss : 0.574 StyleLoss : 0.134 ContentLoss : 0.033
2022-05-03 06:55:14 | INFO | train_tsf_model.py | [Iteration 18100] Model Checkpoint Saved with Loss : 0.615, Acc : 88.0, BLEU : 58.114
2022-05-03 06:55:50 | INFO | train_tsf_model.py | [Iteration 18200] SelfLoss : 0.163 CycleLoss : 0.464 StyleLoss : 0.106 ContentLoss : 0.032
2022-05-03 06:55:54 | INFO | train_tsf_model.py | [Iteration 18200] Model Checkpoint Saved with Loss : 0.61, Acc : 89.4, BLEU : 57.45
2022-05-03 06:56:29 | INFO | train_tsf_model.py | [Iteration 18300] SelfLoss : 0.186 CycleLoss : 0.502 StyleLoss : 0.106 ContentLoss : 0.034
2022-05-03 06:56:31 | INFO | train_tsf_model.py | [Iteration 18300] Model Checkpoint Saved with Loss : 0.642, Acc : 87.7, BLEU : 57.932
2022-05-03 06:57:08 | INFO | train_tsf_model.py | [Iteration 18400] SelfLoss : 0.181 CycleLoss : 0.503 StyleLoss : 0.139 ContentLoss : 0.033
2022-05-03 06:57:11 | INFO | train_tsf_model.py | [Iteration 18400] Model Checkpoint Saved with Loss : 0.629, Acc : 87.6, BLEU : 58.371
2022-05-03 06:57:47 | INFO | train_tsf_model.py | [Iteration 18500] SelfLoss : 0.192 CycleLoss : 0.485 StyleLoss : 0.09 ContentLoss : 0.033
2022-05-03 06:57:50 | INFO | train_tsf_model.py | [Iteration 18500] Model Checkpoint Saved with Loss : 0.586, Acc : 88.4, BLEU : 58.095
2022-05-03 06:58:26 | INFO | train_tsf_model.py | [Iteration 18600] SelfLoss : 0.171 CycleLoss : 0.45 StyleLoss : 0.144 ContentLoss : 0.033
2022-05-03 06:58:30 | INFO | train_tsf_model.py | [Iteration 18600] Model Checkpoint Saved with Loss : 0.604, Acc : 87.0, BLEU : 58.884
2022-05-03 06:59:05 | INFO | train_tsf_model.py | [Iteration 18700] SelfLoss : 0.175 CycleLoss : 0.499 StyleLoss : 0.132 ContentLoss : 0.032
2022-05-03 06:59:09 | INFO | train_tsf_model.py | [Iteration 18700] Model Checkpoint Saved with Loss : 0.58, Acc : 89.0, BLEU : 58.519
2022-05-03 06:59:43 | INFO | train_tsf_model.py | [Iteration 18800] SelfLoss : 0.148 CycleLoss : 0.444 StyleLoss : 0.142 ContentLoss : 0.032
2022-05-03 06:59:46 | INFO | train_tsf_model.py | [Iteration 18800] Model Checkpoint Saved with Loss : 0.585, Acc : 88.0, BLEU : 58.312
2022-05-03 07:00:22 | INFO | train_tsf_model.py | [Iteration 18900] SelfLoss : 0.179 CycleLoss : 0.51 StyleLoss : 0.131 ContentLoss : 0.032
2022-05-03 07:00:26 | INFO | train_tsf_model.py | [Iteration 18900] Model Checkpoint Saved with Loss : 0.588, Acc : 88.0, BLEU : 58.414
2022-05-03 07:01:01 | INFO | train_tsf_model.py | [Iteration 19000] SelfLoss : 0.162 CycleLoss : 0.497 StyleLoss : 0.091 ContentLoss : 0.032
2022-05-03 07:01:04 | INFO | train_tsf_model.py | [Iteration 19000] Model Checkpoint Saved with Loss : 0.585, Acc : 87.8, BLEU : 58.337
2022-05-03 07:01:39 | INFO | train_tsf_model.py | [Iteration 19100] SelfLoss : 0.17 CycleLoss : 0.455 StyleLoss : 0.09 ContentLoss : 0.032
2022-05-03 07:01:43 | INFO | train_tsf_model.py | [Iteration 19100] Model Checkpoint Saved with Loss : 0.575, Acc : 88.0, BLEU : 58.318
2022-05-03 07:02:19 | INFO | train_tsf_model.py | [Iteration 19200] SelfLoss : 0.162 CycleLoss : 0.443 StyleLoss : 0.167 ContentLoss : 0.032
2022-05-03 07:02:21 | INFO | train_tsf_model.py | [Iteration 19200] Model Checkpoint Saved with Loss : 0.588, Acc : 87.4, BLEU : 58.676
2022-05-03 07:02:57 | INFO | train_tsf_model.py | [Iteration 19300] SelfLoss : 0.146 CycleLoss : 0.416 StyleLoss : 0.122 ContentLoss : 0.032
2022-05-03 07:03:00 | INFO | train_tsf_model.py | [Iteration 19300] Model Checkpoint Saved with Loss : 0.587, Acc : 87.6, BLEU : 58.469
2022-05-03 07:03:36 | INFO | train_tsf_model.py | [Iteration 19400] SelfLoss : 0.144 CycleLoss : 0.411 StyleLoss : 0.089 ContentLoss : 0.031
2022-05-03 07:03:39 | INFO | train_tsf_model.py | [Iteration 19400] Model Checkpoint Saved with Loss : 0.576, Acc : 87.9, BLEU : 58.406
2022-05-03 07:04:15 | INFO | train_tsf_model.py | [Iteration 19500] SelfLoss : 0.171 CycleLoss : 0.48 StyleLoss : 0.121 ContentLoss : 0.032
2022-05-03 07:04:17 | INFO | train_tsf_model.py | [Iteration 19500] Model Checkpoint Saved with Loss : 0.582, Acc : 89.2, BLEU : 58.275
2022-05-03 07:04:53 | INFO | train_tsf_model.py | [Iteration 19600] SelfLoss : 0.17 CycleLoss : 0.469 StyleLoss : 0.168 ContentLoss : 0.032
2022-05-03 07:04:56 | INFO | train_tsf_model.py | [Iteration 19600] Model Checkpoint Saved with Loss : 0.571, Acc : 88.4, BLEU : 58.396
2022-05-03 07:05:31 | INFO | train_tsf_model.py | [Iteration 19700] SelfLoss : 0.169 CycleLoss : 0.425 StyleLoss : 0.2 ContentLoss : 0.031
2022-05-03 07:05:35 | INFO | train_tsf_model.py | [Iteration 19700] Model Checkpoint Saved with Loss : 0.575, Acc : 87.9, BLEU : 58.354
2022-05-03 07:06:10 | INFO | train_tsf_model.py | [Iteration 19800] SelfLoss : 0.151 CycleLoss : 0.424 StyleLoss : 0.132 ContentLoss : 0.031
2022-05-03 07:06:13 | INFO | train_tsf_model.py | [Iteration 19800] Model Checkpoint Saved with Loss : 0.571, Acc : 90.0, BLEU : 58.121
2022-05-03 07:06:49 | INFO | train_tsf_model.py | [Iteration 19900] SelfLoss : 0.169 CycleLoss : 0.476 StyleLoss : 0.116 ContentLoss : 0.032
2022-05-03 07:06:52 | INFO | train_tsf_model.py | [Iteration 19900] Model Checkpoint Saved with Loss : 0.564, Acc : 88.2, BLEU : 58.64
2022-05-03 07:07:27 | INFO | train_tsf_model.py | [Iteration 20000] SelfLoss : 0.134 CycleLoss : 0.384 StyleLoss : 0.133 ContentLoss : 0.031
2022-05-03 07:07:31 | INFO | train_tsf_model.py | [Iteration 20000] Model Checkpoint Saved with Loss : 0.578, Acc : 88.4, BLEU : 58.627
2022-05-03 07:08:06 | INFO | train_tsf_model.py | [Iteration 20100] SelfLoss : 0.151 CycleLoss : 0.435 StyleLoss : 0.157 ContentLoss : 0.031
2022-05-03 07:08:09 | INFO | train_tsf_model.py | [Iteration 20100] Model Checkpoint Saved with Loss : 0.554, Acc : 88.8, BLEU : 58.404
2022-05-03 07:08:44 | INFO | train_tsf_model.py | [Iteration 20200] SelfLoss : 0.15 CycleLoss : 0.415 StyleLoss : 0.154 ContentLoss : 0.032
2022-05-03 07:08:47 | INFO | train_tsf_model.py | [Iteration 20200] Model Checkpoint Saved with Loss : 0.561, Acc : 88.3, BLEU : 58.558
2022-05-03 07:09:23 | INFO | train_tsf_model.py | [Iteration 20300] SelfLoss : 0.145 CycleLoss : 0.408 StyleLoss : 0.103 ContentLoss : 0.03
2022-05-03 07:09:25 | INFO | train_tsf_model.py | [Iteration 20300] Model Checkpoint Saved with Loss : 0.562, Acc : 89.2, BLEU : 58.207
2022-05-03 07:10:01 | INFO | train_tsf_model.py | [Iteration 20400] SelfLoss : 0.139 CycleLoss : 0.422 StyleLoss : 0.133 ContentLoss : 0.031
2022-05-03 07:10:05 | INFO | train_tsf_model.py | [Iteration 20400] Model Checkpoint Saved with Loss : 0.554, Acc : 87.4, BLEU : 59.288
2022-05-03 07:10:40 | INFO | train_tsf_model.py | [Iteration 20500] SelfLoss : 0.145 CycleLoss : 0.418 StyleLoss : 0.11 ContentLoss : 0.031
2022-05-03 07:10:43 | INFO | train_tsf_model.py | [Iteration 20500] Model Checkpoint Saved with Loss : 0.545, Acc : 89.7, BLEU : 58.365
2022-05-03 07:11:18 | INFO | train_tsf_model.py | [Iteration 20600] SelfLoss : 0.138 CycleLoss : 0.395 StyleLoss : 0.145 ContentLoss : 0.03
2022-05-03 07:11:21 | INFO | train_tsf_model.py | [Iteration 20600] Model Checkpoint Saved with Loss : 0.553, Acc : 88.7, BLEU : 58.6
2022-05-03 07:11:57 | INFO | train_tsf_model.py | [Iteration 20700] SelfLoss : 0.156 CycleLoss : 0.442 StyleLoss : 0.119 ContentLoss : 0.031
2022-05-03 07:12:00 | INFO | train_tsf_model.py | [Iteration 20700] Model Checkpoint Saved with Loss : 0.541, Acc : 89.2, BLEU : 58.499
2022-05-03 07:12:36 | INFO | train_tsf_model.py | [Iteration 20800] SelfLoss : 0.142 CycleLoss : 0.402 StyleLoss : 0.141 ContentLoss : 0.03
2022-05-03 07:12:40 | INFO | train_tsf_model.py | [Iteration 20800] Model Checkpoint Saved with Loss : 0.537, Acc : 88.7, BLEU : 58.826
2022-05-03 07:13:14 | INFO | train_tsf_model.py | [Iteration 20900] SelfLoss : 0.14 CycleLoss : 0.399 StyleLoss : 0.102 ContentLoss : 0.03
2022-05-03 07:13:17 | INFO | train_tsf_model.py | [Iteration 20900] Model Checkpoint Saved with Loss : 0.549, Acc : 89.4, BLEU : 58.299
2022-05-03 07:13:52 | INFO | train_tsf_model.py | [Iteration 21000] SelfLoss : 0.134 CycleLoss : 0.388 StyleLoss : 0.115 ContentLoss : 0.03
2022-05-03 07:13:55 | INFO | train_tsf_model.py | [Iteration 21000] Model Checkpoint Saved with Loss : 0.544, Acc : 89.1, BLEU : 58.231
2022-05-03 07:14:31 | INFO | train_tsf_model.py | [Iteration 21100] SelfLoss : 0.129 CycleLoss : 0.378 StyleLoss : 0.109 ContentLoss : 0.03
2022-05-03 07:14:34 | INFO | train_tsf_model.py | [Iteration 21100] Model Checkpoint Saved with Loss : 0.536, Acc : 88.2, BLEU : 59.12
2022-05-03 07:15:10 | INFO | train_tsf_model.py | [Iteration 21200] SelfLoss : 0.132 CycleLoss : 0.37 StyleLoss : 0.133 ContentLoss : 0.03
2022-05-03 07:15:13 | INFO | train_tsf_model.py | [Iteration 21200] Model Checkpoint Saved with Loss : 0.529, Acc : 88.6, BLEU : 58.803
2022-05-03 07:15:48 | INFO | train_tsf_model.py | [Iteration 21300] SelfLoss : 0.144 CycleLoss : 0.399 StyleLoss : 0.143 ContentLoss : 0.029
2022-05-03 07:15:52 | INFO | train_tsf_model.py | [Iteration 21300] Model Checkpoint Saved with Loss : 0.531, Acc : 89.8, BLEU : 58.503
2022-05-03 07:16:26 | INFO | train_tsf_model.py | [Iteration 21400] SelfLoss : 0.146 CycleLoss : 0.401 StyleLoss : 0.121 ContentLoss : 0.03
2022-05-03 07:16:30 | INFO | train_tsf_model.py | [Iteration 21400] Model Checkpoint Saved with Loss : 0.53, Acc : 88.9, BLEU : 58.79
2022-05-03 07:17:05 | INFO | train_tsf_model.py | [Iteration 21500] SelfLoss : 0.138 CycleLoss : 0.384 StyleLoss : 0.144 ContentLoss : 0.03
2022-05-03 07:17:07 | INFO | train_tsf_model.py | [Iteration 21500] Model Checkpoint Saved with Loss : 0.521, Acc : 89.2, BLEU : 58.944
2022-05-03 07:17:43 | INFO | train_tsf_model.py | [Iteration 21600] SelfLoss : 0.138 CycleLoss : 0.382 StyleLoss : 0.151 ContentLoss : 0.03
2022-05-03 07:17:47 | INFO | train_tsf_model.py | [Iteration 21600] Model Checkpoint Saved with Loss : 0.515, Acc : 89.8, BLEU : 58.869
2022-05-03 07:18:22 | INFO | train_tsf_model.py | [Iteration 21700] SelfLoss : 0.122 CycleLoss : 0.356 StyleLoss : 0.156 ContentLoss : 0.03
2022-05-03 07:18:25 | INFO | train_tsf_model.py | [Iteration 21700] Model Checkpoint Saved with Loss : 0.514, Acc : 88.5, BLEU : 58.808
2022-05-03 07:19:00 | INFO | train_tsf_model.py | [Iteration 21800] SelfLoss : 0.158 CycleLoss : 0.443 StyleLoss : 0.086 ContentLoss : 0.031
2022-05-03 07:19:03 | INFO | train_tsf_model.py | [Iteration 21800] Model Checkpoint Saved with Loss : 0.51, Acc : 88.9, BLEU : 58.677
2022-05-03 07:19:38 | INFO | train_tsf_model.py | [Iteration 21900] SelfLoss : 0.118 CycleLoss : 0.352 StyleLoss : 0.1 ContentLoss : 0.029
2022-05-03 07:19:41 | INFO | train_tsf_model.py | [Iteration 21900] Model Checkpoint Saved with Loss : 0.509, Acc : 89.4, BLEU : 58.7
2022-05-03 07:20:17 | INFO | train_tsf_model.py | [Iteration 22000] SelfLoss : 0.125 CycleLoss : 0.349 StyleLoss : 0.109 ContentLoss : 0.03
2022-05-03 07:20:20 | INFO | train_tsf_model.py | [Iteration 22000] Model Checkpoint Saved with Loss : 0.509, Acc : 90.0, BLEU : 58.691
2022-05-03 07:20:56 | INFO | train_tsf_model.py | [Iteration 22100] SelfLoss : 0.137 CycleLoss : 0.385 StyleLoss : 0.229 ContentLoss : 0.03
2022-05-03 07:20:59 | INFO | train_tsf_model.py | [Iteration 22100] Model Checkpoint Saved with Loss : 0.51, Acc : 89.1, BLEU : 59.126
2022-05-03 07:21:35 | INFO | train_tsf_model.py | [Iteration 22200] SelfLoss : 0.126 CycleLoss : 0.368 StyleLoss : 0.122 ContentLoss : 0.03
2022-05-03 07:21:38 | INFO | train_tsf_model.py | [Iteration 22200] Model Checkpoint Saved with Loss : 0.519, Acc : 89.0, BLEU : 58.7
2022-05-03 07:22:14 | INFO | train_tsf_model.py | [Iteration 22300] SelfLoss : 0.117 CycleLoss : 0.355 StyleLoss : 0.09 ContentLoss : 0.029
2022-05-03 07:22:18 | INFO | train_tsf_model.py | [Iteration 22300] Model Checkpoint Saved with Loss : 0.506, Acc : 89.2, BLEU : 58.59
2022-05-03 07:22:53 | INFO | train_tsf_model.py | [Iteration 22400] SelfLoss : 0.14 CycleLoss : 0.387 StyleLoss : 0.111 ContentLoss : 0.03
2022-05-03 07:22:57 | INFO | train_tsf_model.py | [Iteration 22400] Model Checkpoint Saved with Loss : 0.505, Acc : 90.4, BLEU : 58.447
2022-05-03 07:23:32 | INFO | train_tsf_model.py | [Iteration 22500] SelfLoss : 0.133 CycleLoss : 0.384 StyleLoss : 0.159 ContentLoss : 0.029
2022-05-03 07:23:35 | INFO | train_tsf_model.py | [Iteration 22500] Model Checkpoint Saved with Loss : 0.506, Acc : 88.8, BLEU : 59.48
2022-05-03 07:24:10 | INFO | train_tsf_model.py | [Iteration 22600] SelfLoss : 0.12 CycleLoss : 0.338 StyleLoss : 0.145 ContentLoss : 0.029
2022-05-03 07:24:13 | INFO | train_tsf_model.py | [Iteration 22600] Model Checkpoint Saved with Loss : 0.499, Acc : 89.7, BLEU : 58.529
2022-05-03 07:24:49 | INFO | train_tsf_model.py | [Iteration 22700] SelfLoss : 0.111 CycleLoss : 0.345 StyleLoss : 0.136 ContentLoss : 0.029
2022-05-03 07:24:53 | INFO | train_tsf_model.py | [Iteration 22700] Model Checkpoint Saved with Loss : 0.5, Acc : 89.7, BLEU : 58.524
2022-05-03 07:25:28 | INFO | train_tsf_model.py | [Iteration 22800] SelfLoss : 0.118 CycleLoss : 0.346 StyleLoss : 0.143 ContentLoss : 0.029
2022-05-03 07:25:31 | INFO | train_tsf_model.py | [Iteration 22800] Model Checkpoint Saved with Loss : 0.496, Acc : 90.8, BLEU : 58.455
2022-05-03 07:26:06 | INFO | train_tsf_model.py | [Iteration 22900] SelfLoss : 0.139 CycleLoss : 0.391 StyleLoss : 0.127 ContentLoss : 0.03
2022-05-03 07:26:09 | INFO | train_tsf_model.py | [Iteration 22900] Model Checkpoint Saved with Loss : 0.501, Acc : 89.9, BLEU : 58.929
2022-05-03 07:26:44 | INFO | train_tsf_model.py | [Iteration 23000] SelfLoss : 0.124 CycleLoss : 0.387 StyleLoss : 0.136 ContentLoss : 0.029
2022-05-03 07:26:47 | INFO | train_tsf_model.py | [Iteration 23000] Model Checkpoint Saved with Loss : 0.493, Acc : 89.3, BLEU : 58.841
2022-05-03 07:27:23 | INFO | train_tsf_model.py | [Iteration 23100] SelfLoss : 0.111 CycleLoss : 0.367 StyleLoss : 0.109 ContentLoss : 0.029
2022-05-03 07:27:26 | INFO | train_tsf_model.py | [Iteration 23100] Model Checkpoint Saved with Loss : 0.49, Acc : 90.1, BLEU : 58.644
2022-05-03 07:28:01 | INFO | train_tsf_model.py | [Iteration 23200] SelfLoss : 0.104 CycleLoss : 0.338 StyleLoss : 0.101 ContentLoss : 0.029
2022-05-03 07:28:04 | INFO | train_tsf_model.py | [Iteration 23200] Model Checkpoint Saved with Loss : 0.495, Acc : 89.5, BLEU : 58.665
2022-05-03 07:28:39 | INFO | train_tsf_model.py | [Iteration 23300] SelfLoss : 0.123 CycleLoss : 0.382 StyleLoss : 0.096 ContentLoss : 0.029
2022-05-03 07:28:42 | INFO | train_tsf_model.py | [Iteration 23300] Model Checkpoint Saved with Loss : 0.494, Acc : 90.1, BLEU : 58.442
2022-05-03 07:29:18 | INFO | train_tsf_model.py | [Iteration 23400] SelfLoss : 0.125 CycleLoss : 0.358 StyleLoss : 0.092 ContentLoss : 0.029
2022-05-03 07:29:21 | INFO | train_tsf_model.py | [Iteration 23400] Model Checkpoint Saved with Loss : 0.484, Acc : 90.4, BLEU : 58.32
2022-05-03 07:29:57 | INFO | train_tsf_model.py | [Iteration 23500] SelfLoss : 0.114 CycleLoss : 0.338 StyleLoss : 0.126 ContentLoss : 0.029
2022-05-03 07:29:59 | INFO | train_tsf_model.py | [Iteration 23500] Model Checkpoint Saved with Loss : 0.484, Acc : 90.1, BLEU : 58.241
2022-05-03 07:30:35 | INFO | train_tsf_model.py | [Iteration 23600] SelfLoss : 0.108 CycleLoss : 0.322 StyleLoss : 0.082 ContentLoss : 0.029
2022-05-03 07:30:37 | INFO | train_tsf_model.py | [Iteration 23600] Model Checkpoint Saved with Loss : 0.487, Acc : 89.4, BLEU : 58.194
2022-05-03 07:31:13 | INFO | train_tsf_model.py | [Iteration 23700] SelfLoss : 0.107 CycleLoss : 0.325 StyleLoss : 0.116 ContentLoss : 0.029
2022-05-03 07:31:15 | INFO | train_tsf_model.py | [Iteration 23700] Model Checkpoint Saved with Loss : 0.491, Acc : 89.3, BLEU : 58.914
2022-05-03 07:31:51 | INFO | train_tsf_model.py | [Iteration 23800] SelfLoss : 0.108 CycleLoss : 0.354 StyleLoss : 0.126 ContentLoss : 0.029
2022-05-03 07:31:54 | INFO | train_tsf_model.py | [Iteration 23800] Model Checkpoint Saved with Loss : 0.489, Acc : 89.8, BLEU : 58.376
2022-05-03 07:32:29 | INFO | train_tsf_model.py | [Iteration 23900] SelfLoss : 0.131 CycleLoss : 0.363 StyleLoss : 0.123 ContentLoss : 0.029
2022-05-03 07:32:32 | INFO | train_tsf_model.py | [Iteration 23900] Model Checkpoint Saved with Loss : 0.49, Acc : 90.7, BLEU : 58.184
2022-05-03 07:33:08 | INFO | train_tsf_model.py | [Iteration 24000] SelfLoss : 0.1 CycleLoss : 0.326 StyleLoss : 0.126 ContentLoss : 0.028
2022-05-03 07:33:12 | INFO | train_tsf_model.py | [Iteration 24000] Model Checkpoint Saved with Loss : 0.497, Acc : 89.8, BLEU : 58.523
2022-05-03 07:33:47 | INFO | train_tsf_model.py | [Iteration 24100] SelfLoss : 0.112 CycleLoss : 0.356 StyleLoss : 0.078 ContentLoss : 0.028
2022-05-03 07:33:50 | INFO | train_tsf_model.py | [Iteration 24100] Model Checkpoint Saved with Loss : 0.484, Acc : 90.0, BLEU : 58.605
2022-05-03 07:34:25 | INFO | train_tsf_model.py | [Iteration 24200] SelfLoss : 0.104 CycleLoss : 0.323 StyleLoss : 0.122 ContentLoss : 0.028
2022-05-03 07:34:28 | INFO | train_tsf_model.py | [Iteration 24200] Model Checkpoint Saved with Loss : 0.488, Acc : 89.8, BLEU : 58.917
2022-05-03 07:35:03 | INFO | train_tsf_model.py | [Iteration 24300] SelfLoss : 0.101 CycleLoss : 0.344 StyleLoss : 0.115 ContentLoss : 0.028
2022-05-03 07:35:06 | INFO | train_tsf_model.py | [Iteration 24300] Model Checkpoint Saved with Loss : 0.483, Acc : 90.3, BLEU : 58.038
2022-05-03 07:35:41 | INFO | train_tsf_model.py | [Iteration 24400] SelfLoss : 0.104 CycleLoss : 0.301 StyleLoss : 0.119 ContentLoss : 0.028
2022-05-03 07:35:44 | INFO | train_tsf_model.py | [Iteration 24400] Model Checkpoint Saved with Loss : 0.485, Acc : 90.8, BLEU : 57.837
2022-05-03 07:36:19 | INFO | train_tsf_model.py | [Iteration 24500] SelfLoss : 0.107 CycleLoss : 0.352 StyleLoss : 0.126 ContentLoss : 0.028
2022-05-03 07:36:22 | INFO | train_tsf_model.py | [Iteration 24500] Model Checkpoint Saved with Loss : 0.48, Acc : 89.4, BLEU : 58.809
2022-05-03 07:36:57 | INFO | train_tsf_model.py | [Iteration 24600] SelfLoss : 0.098 CycleLoss : 0.28 StyleLoss : 0.102 ContentLoss : 0.027
2022-05-03 07:37:00 | INFO | train_tsf_model.py | [Iteration 24600] Model Checkpoint Saved with Loss : 0.472, Acc : 90.6, BLEU : 58.249
2022-05-03 07:37:35 | INFO | train_tsf_model.py | [Iteration 24700] SelfLoss : 0.118 CycleLoss : 0.372 StyleLoss : 0.118 ContentLoss : 0.029
2022-05-03 07:37:38 | INFO | train_tsf_model.py | [Iteration 24700] Model Checkpoint Saved with Loss : 0.479, Acc : 90.0, BLEU : 58.542
2022-05-03 07:38:13 | INFO | train_tsf_model.py | [Iteration 24800] SelfLoss : 0.114 CycleLoss : 0.352 StyleLoss : 0.131 ContentLoss : 0.028
2022-05-03 07:38:16 | INFO | train_tsf_model.py | [Iteration 24800] Model Checkpoint Saved with Loss : 0.482, Acc : 89.7, BLEU : 58.877
2022-05-03 07:38:51 | INFO | train_tsf_model.py | [Iteration 24900] SelfLoss : 0.113 CycleLoss : 0.361 StyleLoss : 0.129 ContentLoss : 0.028
2022-05-03 07:38:54 | INFO | train_tsf_model.py | [Iteration 24900] Model Checkpoint Saved with Loss : 0.469, Acc : 90.1, BLEU : 58.479
2022-05-03 07:39:30 | INFO | train_tsf_model.py | [Iteration 25000] SelfLoss : 0.103 CycleLoss : 0.329 StyleLoss : 0.097 ContentLoss : 0.028
2022-05-03 07:39:32 | INFO | train_tsf_model.py | [Iteration 25000] Model Checkpoint Saved with Loss : 0.508, Acc : 89.0, BLEU : 58.49
2022-05-03 07:40:08 | INFO | train_tsf_model.py | [Iteration 25100] SelfLoss : 0.1 CycleLoss : 0.31 StyleLoss : 0.136 ContentLoss : 0.027
2022-05-03 07:40:11 | INFO | train_tsf_model.py | [Iteration 25100] Model Checkpoint Saved with Loss : 0.471, Acc : 89.9, BLEU : 58.109
2022-05-03 07:40:46 | INFO | train_tsf_model.py | [Iteration 25200] SelfLoss : 0.097 CycleLoss : 0.283 StyleLoss : 0.088 ContentLoss : 0.027
2022-05-03 07:40:50 | INFO | train_tsf_model.py | [Iteration 25200] Model Checkpoint Saved with Loss : 0.465, Acc : 91.5, BLEU : 58.086
2022-05-03 07:41:25 | INFO | train_tsf_model.py | [Iteration 25300] SelfLoss : 0.105 CycleLoss : 0.31 StyleLoss : 0.119 ContentLoss : 0.028
2022-05-03 07:41:28 | INFO | train_tsf_model.py | [Iteration 25300] Model Checkpoint Saved with Loss : 0.47, Acc : 90.0, BLEU : 58.336
2022-05-03 07:42:03 | INFO | train_tsf_model.py | [Iteration 25400] SelfLoss : 0.098 CycleLoss : 0.308 StyleLoss : 0.12 ContentLoss : 0.028
2022-05-03 07:42:07 | INFO | train_tsf_model.py | [Iteration 25400] Model Checkpoint Saved with Loss : 0.464, Acc : 91.7, BLEU : 57.416
2022-05-03 07:42:41 | INFO | train_tsf_model.py | [Iteration 25500] SelfLoss : 0.112 CycleLoss : 0.352 StyleLoss : 0.112 ContentLoss : 0.027
2022-05-03 07:42:44 | INFO | train_tsf_model.py | [Iteration 25500] Model Checkpoint Saved with Loss : 0.47, Acc : 90.6, BLEU : 58.182
2022-05-03 07:43:21 | INFO | train_tsf_model.py | [Iteration 25600] SelfLoss : 0.101 CycleLoss : 0.326 StyleLoss : 0.149 ContentLoss : 0.028
2022-05-03 07:43:24 | INFO | train_tsf_model.py | [Iteration 25600] Model Checkpoint Saved with Loss : 0.45, Acc : 91.2, BLEU : 57.955
2022-05-03 07:43:59 | INFO | train_tsf_model.py | [Iteration 25700] SelfLoss : 0.097 CycleLoss : 0.298 StyleLoss : 0.159 ContentLoss : 0.027
2022-05-03 07:44:02 | INFO | train_tsf_model.py | [Iteration 25700] Model Checkpoint Saved with Loss : 0.463, Acc : 90.9, BLEU : 58.136
2022-05-03 07:44:38 | INFO | train_tsf_model.py | [Iteration 25800] SelfLoss : 0.109 CycleLoss : 0.292 StyleLoss : 0.071 ContentLoss : 0.027
2022-05-03 07:44:41 | INFO | train_tsf_model.py | [Iteration 25800] Model Checkpoint Saved with Loss : 0.453, Acc : 90.7, BLEU : 57.79
2022-05-03 07:45:16 | INFO | train_tsf_model.py | [Iteration 25900] SelfLoss : 0.098 CycleLoss : 0.286 StyleLoss : 0.112 ContentLoss : 0.027
2022-05-03 07:45:20 | INFO | train_tsf_model.py | [Iteration 25900] Model Checkpoint Saved with Loss : 0.459, Acc : 90.7, BLEU : 58.41
2022-05-03 07:45:54 | INFO | train_tsf_model.py | [Iteration 26000] SelfLoss : 0.083 CycleLoss : 0.295 StyleLoss : 0.109 ContentLoss : 0.027
2022-05-03 07:45:57 | INFO | train_tsf_model.py | [Iteration 26000] Model Checkpoint Saved with Loss : 0.45, Acc : 90.3, BLEU : 58.695
2022-05-03 07:46:33 | INFO | train_tsf_model.py | [Iteration 26100] SelfLoss : 0.086 CycleLoss : 0.299 StyleLoss : 0.145 ContentLoss : 0.027
2022-05-03 07:46:35 | INFO | train_tsf_model.py | [Iteration 26100] Model Checkpoint Saved with Loss : 0.458, Acc : 91.3, BLEU : 58.154
2022-05-03 07:47:11 | INFO | train_tsf_model.py | [Iteration 26200] SelfLoss : 0.094 CycleLoss : 0.291 StyleLoss : 0.107 ContentLoss : 0.027
2022-05-03 07:47:13 | INFO | train_tsf_model.py | [Iteration 26200] Model Checkpoint Saved with Loss : 0.446, Acc : 91.6, BLEU : 57.918
2022-05-03 07:47:49 | INFO | train_tsf_model.py | [Iteration 26300] SelfLoss : 0.097 CycleLoss : 0.327 StyleLoss : 0.073 ContentLoss : 0.027
2022-05-03 07:47:52 | INFO | train_tsf_model.py | [Iteration 26300] Model Checkpoint Saved with Loss : 0.444, Acc : 91.4, BLEU : 58.117
2022-05-03 07:48:27 | INFO | train_tsf_model.py | [Iteration 26400] SelfLoss : 0.098 CycleLoss : 0.302 StyleLoss : 0.169 ContentLoss : 0.027
2022-05-03 07:48:30 | INFO | train_tsf_model.py | [Iteration 26400] Model Checkpoint Saved with Loss : 0.449, Acc : 91.6, BLEU : 57.766
2022-05-03 07:49:05 | INFO | train_tsf_model.py | [Iteration 26500] SelfLoss : 0.093 CycleLoss : 0.28 StyleLoss : 0.14 ContentLoss : 0.026
2022-05-03 07:49:09 | INFO | train_tsf_model.py | [Iteration 26500] Model Checkpoint Saved with Loss : 0.453, Acc : 90.6, BLEU : 58.191
2022-05-03 07:49:44 | INFO | train_tsf_model.py | [Iteration 26600] SelfLoss : 0.108 CycleLoss : 0.312 StyleLoss : 0.135 ContentLoss : 0.027
2022-05-03 07:49:48 | INFO | train_tsf_model.py | [Iteration 26600] Model Checkpoint Saved with Loss : 0.445, Acc : 91.5, BLEU : 57.724
2022-05-03 07:50:23 | INFO | train_tsf_model.py | [Iteration 26700] SelfLoss : 0.108 CycleLoss : 0.322 StyleLoss : 0.122 ContentLoss : 0.027
2022-05-03 07:50:25 | INFO | train_tsf_model.py | [Iteration 26700] Model Checkpoint Saved with Loss : 0.446, Acc : 90.7, BLEU : 58.11
2022-05-03 07:51:01 | INFO | train_tsf_model.py | [Iteration 26800] SelfLoss : 0.098 CycleLoss : 0.308 StyleLoss : 0.119 ContentLoss : 0.026
2022-05-03 07:51:04 | INFO | train_tsf_model.py | [Iteration 26800] Model Checkpoint Saved with Loss : 0.44, Acc : 92.0, BLEU : 58.007
2022-05-03 07:51:39 | INFO | train_tsf_model.py | [Iteration 26900] SelfLoss : 0.103 CycleLoss : 0.291 StyleLoss : 0.113 ContentLoss : 0.026
2022-05-03 07:51:42 | INFO | train_tsf_model.py | [Iteration 26900] Model Checkpoint Saved with Loss : 0.445, Acc : 92.0, BLEU : 58.273
2022-05-03 07:52:17 | INFO | train_tsf_model.py | [Iteration 27000] SelfLoss : 0.106 CycleLoss : 0.317 StyleLoss : 0.102 ContentLoss : 0.026
2022-05-03 07:52:20 | INFO | train_tsf_model.py | [Iteration 27000] Model Checkpoint Saved with Loss : 0.441, Acc : 90.9, BLEU : 58.832
2022-05-03 07:52:56 | INFO | train_tsf_model.py | [Iteration 27100] SelfLoss : 0.092 CycleLoss : 0.29 StyleLoss : 0.086 ContentLoss : 0.026
2022-05-03 07:52:58 | INFO | train_tsf_model.py | [Iteration 27100] Model Checkpoint Saved with Loss : 0.43, Acc : 91.6, BLEU : 57.977
2022-05-03 07:53:34 | INFO | train_tsf_model.py | [Iteration 27200] SelfLoss : 0.085 CycleLoss : 0.265 StyleLoss : 0.112 ContentLoss : 0.026
2022-05-03 07:53:37 | INFO | train_tsf_model.py | [Iteration 27200] Model Checkpoint Saved with Loss : 0.438, Acc : 90.9, BLEU : 58.118
2022-05-03 07:54:12 | INFO | train_tsf_model.py | [Iteration 27300] SelfLoss : 0.084 CycleLoss : 0.275 StyleLoss : 0.144 ContentLoss : 0.026
2022-05-03 07:54:15 | INFO | train_tsf_model.py | [Iteration 27300] Model Checkpoint Saved with Loss : 0.427, Acc : 91.9, BLEU : 57.905
2022-05-03 07:54:50 | INFO | train_tsf_model.py | [Iteration 27400] SelfLoss : 0.098 CycleLoss : 0.305 StyleLoss : 0.095 ContentLoss : 0.027
2022-05-03 07:54:53 | INFO | train_tsf_model.py | [Iteration 27400] Model Checkpoint Saved with Loss : 0.44, Acc : 91.0, BLEU : 58.105
2022-05-03 07:55:29 | INFO | train_tsf_model.py | [Iteration 27500] SelfLoss : 0.081 CycleLoss : 0.288 StyleLoss : 0.097 ContentLoss : 0.026
2022-05-03 07:55:32 | INFO | train_tsf_model.py | [Iteration 27500] Model Checkpoint Saved with Loss : 0.433, Acc : 90.7, BLEU : 58.274
2022-05-03 07:56:07 | INFO | train_tsf_model.py | [Iteration 27600] SelfLoss : 0.085 CycleLoss : 0.277 StyleLoss : 0.117 ContentLoss : 0.026
2022-05-03 07:56:10 | INFO | train_tsf_model.py | [Iteration 27600] Model Checkpoint Saved with Loss : 0.44, Acc : 91.5, BLEU : 58.092
2022-05-03 07:56:45 | INFO | train_tsf_model.py | [Iteration 27700] SelfLoss : 0.088 CycleLoss : 0.288 StyleLoss : 0.108 ContentLoss : 0.026
2022-05-03 07:56:48 | INFO | train_tsf_model.py | [Iteration 27700] Model Checkpoint Saved with Loss : 0.425, Acc : 91.7, BLEU : 57.66
2022-05-03 07:57:24 | INFO | train_tsf_model.py | [Iteration 27800] SelfLoss : 0.086 CycleLoss : 0.229 StyleLoss : 0.103 ContentLoss : 0.025
2022-05-03 07:57:27 | INFO | train_tsf_model.py | [Iteration 27800] Model Checkpoint Saved with Loss : 0.432, Acc : 91.6, BLEU : 57.834
2022-05-03 07:58:02 | INFO | train_tsf_model.py | [Iteration 27900] SelfLoss : 0.092 CycleLoss : 0.262 StyleLoss : 0.143 ContentLoss : 0.026
2022-05-03 07:58:05 | INFO | train_tsf_model.py | [Iteration 27900] Model Checkpoint Saved with Loss : 0.427, Acc : 91.3, BLEU : 58.044
2022-05-03 07:58:41 | INFO | train_tsf_model.py | [Iteration 28000] SelfLoss : 0.08 CycleLoss : 0.297 StyleLoss : 0.127 ContentLoss : 0.026
2022-05-03 07:58:44 | INFO | train_tsf_model.py | [Iteration 28000] Model Checkpoint Saved with Loss : 0.436, Acc : 90.3, BLEU : 58.687
2022-05-03 07:59:19 | INFO | train_tsf_model.py | [Iteration 28100] SelfLoss : 0.091 CycleLoss : 0.266 StyleLoss : 0.124 ContentLoss : 0.026
2022-05-03 07:59:22 | INFO | train_tsf_model.py | [Iteration 28100] Model Checkpoint Saved with Loss : 0.422, Acc : 91.4, BLEU : 58.114
2022-05-03 07:59:57 | INFO | train_tsf_model.py | [Iteration 28200] SelfLoss : 0.093 CycleLoss : 0.305 StyleLoss : 0.109 ContentLoss : 0.027
2022-05-03 08:00:00 | INFO | train_tsf_model.py | [Iteration 28200] Model Checkpoint Saved with Loss : 0.434, Acc : 91.7, BLEU : 58.272
2022-05-03 08:00:35 | INFO | train_tsf_model.py | [Iteration 28300] SelfLoss : 0.097 CycleLoss : 0.262 StyleLoss : 0.129 ContentLoss : 0.026
2022-05-03 08:00:38 | INFO | train_tsf_model.py | [Iteration 28300] Model Checkpoint Saved with Loss : 0.418, Acc : 91.7, BLEU : 57.899
2022-05-03 08:01:13 | INFO | train_tsf_model.py | [Iteration 28400] SelfLoss : 0.097 CycleLoss : 0.274 StyleLoss : 0.085 ContentLoss : 0.025
2022-05-03 08:01:16 | INFO | train_tsf_model.py | [Iteration 28400] Model Checkpoint Saved with Loss : 0.433, Acc : 92.3, BLEU : 57.818
2022-05-03 08:01:51 | INFO | train_tsf_model.py | [Iteration 28500] SelfLoss : 0.078 CycleLoss : 0.264 StyleLoss : 0.148 ContentLoss : 0.025
2022-05-03 08:01:54 | INFO | train_tsf_model.py | [Iteration 28500] Model Checkpoint Saved with Loss : 0.426, Acc : 91.7, BLEU : 57.965
2022-05-03 08:02:30 | INFO | train_tsf_model.py | [Iteration 28600] SelfLoss : 0.07 CycleLoss : 0.226 StyleLoss : 0.134 ContentLoss : 0.025
2022-05-03 08:02:34 | INFO | train_tsf_model.py | [Iteration 28600] Model Checkpoint Saved with Loss : 0.423, Acc : 91.4, BLEU : 58.024
2022-05-03 08:03:09 | INFO | train_tsf_model.py | [Iteration 28700] SelfLoss : 0.079 CycleLoss : 0.254 StyleLoss : 0.124 ContentLoss : 0.025
2022-05-03 08:03:11 | INFO | train_tsf_model.py | [Iteration 28700] Model Checkpoint Saved with Loss : 0.426, Acc : 92.1, BLEU : 57.405
2022-05-03 08:03:47 | INFO | train_tsf_model.py | [Iteration 28800] SelfLoss : 0.09 CycleLoss : 0.253 StyleLoss : 0.139 ContentLoss : 0.025
2022-05-03 08:03:50 | INFO | train_tsf_model.py | [Iteration 28800] Model Checkpoint Saved with Loss : 0.43, Acc : 90.8, BLEU : 58.074
2022-05-03 08:04:25 | INFO | train_tsf_model.py | [Iteration 28900] SelfLoss : 0.087 CycleLoss : 0.273 StyleLoss : 0.132 ContentLoss : 0.026
2022-05-03 08:04:28 | INFO | train_tsf_model.py | [Iteration 28900] Model Checkpoint Saved with Loss : 0.429, Acc : 92.0, BLEU : 57.986
2022-05-03 08:05:04 | INFO | train_tsf_model.py | [Iteration 29000] SelfLoss : 0.07 CycleLoss : 0.248 StyleLoss : 0.089 ContentLoss : 0.025
2022-05-03 08:05:07 | INFO | train_tsf_model.py | [Iteration 29000] Model Checkpoint Saved with Loss : 0.425, Acc : 91.8, BLEU : 57.965
2022-05-03 08:05:42 | INFO | train_tsf_model.py | [Iteration 29100] SelfLoss : 0.095 CycleLoss : 0.269 StyleLoss : 0.077 ContentLoss : 0.025
2022-05-03 08:05:45 | INFO | train_tsf_model.py | [Iteration 29100] Model Checkpoint Saved with Loss : 0.407, Acc : 91.9, BLEU : 58.355
2022-05-03 08:06:20 | INFO | train_tsf_model.py | [Iteration 29200] SelfLoss : 0.08 CycleLoss : 0.238 StyleLoss : 0.092 ContentLoss : 0.025
2022-05-03 08:06:23 | INFO | train_tsf_model.py | [Iteration 29200] Model Checkpoint Saved with Loss : 0.406, Acc : 91.3, BLEU : 58.466
2022-05-03 08:06:59 | INFO | train_tsf_model.py | [Iteration 29300] SelfLoss : 0.087 CycleLoss : 0.286 StyleLoss : 0.088 ContentLoss : 0.026
2022-05-03 08:07:02 | INFO | train_tsf_model.py | [Iteration 29300] Model Checkpoint Saved with Loss : 0.404, Acc : 91.8, BLEU : 58.239
2022-05-03 08:07:37 | INFO | train_tsf_model.py | [Iteration 29400] SelfLoss : 0.073 CycleLoss : 0.237 StyleLoss : 0.15 ContentLoss : 0.025
2022-05-03 08:07:40 | INFO | train_tsf_model.py | [Iteration 29400] Model Checkpoint Saved with Loss : 0.409, Acc : 91.7, BLEU : 58.425
2022-05-03 08:08:16 | INFO | train_tsf_model.py | [Iteration 29500] SelfLoss : 0.079 CycleLoss : 0.245 StyleLoss : 0.101 ContentLoss : 0.025
2022-05-03 08:08:18 | INFO | train_tsf_model.py | [Iteration 29500] Model Checkpoint Saved with Loss : 0.412, Acc : 91.7, BLEU : 58.284
2022-05-03 08:08:53 | INFO | train_tsf_model.py | [Iteration 29600] SelfLoss : 0.089 CycleLoss : 0.254 StyleLoss : 0.146 ContentLoss : 0.025
2022-05-03 08:08:57 | INFO | train_tsf_model.py | [Iteration 29600] Model Checkpoint Saved with Loss : 0.419, Acc : 91.8, BLEU : 57.888
2022-05-03 08:09:32 | INFO | train_tsf_model.py | [Iteration 29700] SelfLoss : 0.077 CycleLoss : 0.264 StyleLoss : 0.105 ContentLoss : 0.025
2022-05-03 08:09:35 | INFO | train_tsf_model.py | [Iteration 29700] Model Checkpoint Saved with Loss : 0.41, Acc : 91.9, BLEU : 57.625
2022-05-03 08:10:10 | INFO | train_tsf_model.py | [Iteration 29800] SelfLoss : 0.082 CycleLoss : 0.282 StyleLoss : 0.107 ContentLoss : 0.025
2022-05-03 08:10:13 | INFO | train_tsf_model.py | [Iteration 29800] Model Checkpoint Saved with Loss : 0.423, Acc : 92.6, BLEU : 57.84
2022-05-03 08:10:48 | INFO | train_tsf_model.py | [Iteration 29900] SelfLoss : 0.083 CycleLoss : 0.245 StyleLoss : 0.113 ContentLoss : 0.025
2022-05-03 08:10:51 | INFO | train_tsf_model.py | [Iteration 29900] Model Checkpoint Saved with Loss : 0.416, Acc : 92.6, BLEU : 57.436
2022-05-03 08:11:26 | INFO | train_tsf_model.py | [Iteration 30000] SelfLoss : 0.065 CycleLoss : 0.213 StyleLoss : 0.099 ContentLoss : 0.024
2022-05-03 08:11:29 | INFO | train_tsf_model.py | [Iteration 30000] Model Checkpoint Saved with Loss : 0.412, Acc : 91.4, BLEU : 57.927
2022-05-03 08:12:04 | INFO | train_tsf_model.py | [Iteration 30100] SelfLoss : 0.073 CycleLoss : 0.229 StyleLoss : 0.104 ContentLoss : 0.025
2022-05-03 08:12:07 | INFO | train_tsf_model.py | [Iteration 30100] Model Checkpoint Saved with Loss : 0.422, Acc : 91.8, BLEU : 57.824
2022-05-03 08:12:43 | INFO | train_tsf_model.py | [Iteration 30200] SelfLoss : 0.072 CycleLoss : 0.26 StyleLoss : 0.088 ContentLoss : 0.025
2022-05-03 08:12:46 | INFO | train_tsf_model.py | [Iteration 30200] Model Checkpoint Saved with Loss : 0.411, Acc : 91.6, BLEU : 57.886
2022-05-03 08:13:21 | INFO | train_tsf_model.py | [Iteration 30300] SelfLoss : 0.076 CycleLoss : 0.233 StyleLoss : 0.112 ContentLoss : 0.025
2022-05-03 08:13:24 | INFO | train_tsf_model.py | [Iteration 30300] Model Checkpoint Saved with Loss : 0.411, Acc : 92.6, BLEU : 57.713
2022-05-03 08:13:59 | INFO | train_tsf_model.py | [Iteration 30400] SelfLoss : 0.075 CycleLoss : 0.246 StyleLoss : 0.089 ContentLoss : 0.024
2022-05-03 08:14:02 | INFO | train_tsf_model.py | [Iteration 30400] Model Checkpoint Saved with Loss : 0.41, Acc : 93.0, BLEU : 57.4
2022-05-03 08:14:37 | INFO | train_tsf_model.py | [Iteration 30500] SelfLoss : 0.074 CycleLoss : 0.248 StyleLoss : 0.086 ContentLoss : 0.025
2022-05-03 08:14:41 | INFO | train_tsf_model.py | [Iteration 30500] Model Checkpoint Saved with Loss : 0.412, Acc : 92.2, BLEU : 57.863
2022-05-03 08:15:15 | INFO | train_tsf_model.py | [Iteration 30600] SelfLoss : 0.066 CycleLoss : 0.236 StyleLoss : 0.115 ContentLoss : 0.025
2022-05-03 08:15:18 | INFO | train_tsf_model.py | [Iteration 30600] Model Checkpoint Saved with Loss : 0.422, Acc : 92.1, BLEU : 57.817
2022-05-03 08:15:53 | INFO | train_tsf_model.py | [Iteration 30700] SelfLoss : 0.076 CycleLoss : 0.245 StyleLoss : 0.124 ContentLoss : 0.025
2022-05-03 08:15:56 | INFO | train_tsf_model.py | [Iteration 30700] Model Checkpoint Saved with Loss : 0.403, Acc : 92.4, BLEU : 57.527
2022-05-03 08:16:31 | INFO | train_tsf_model.py | [Iteration 30800] SelfLoss : 0.082 CycleLoss : 0.255 StyleLoss : 0.124 ContentLoss : 0.025
2022-05-03 08:16:34 | INFO | train_tsf_model.py | [Iteration 30800] Model Checkpoint Saved with Loss : 0.416, Acc : 93.5, BLEU : 56.939
2022-05-03 08:17:10 | INFO | train_tsf_model.py | [Iteration 30900] SelfLoss : 0.078 CycleLoss : 0.226 StyleLoss : 0.101 ContentLoss : 0.024
2022-05-03 08:17:13 | INFO | train_tsf_model.py | [Iteration 30900] Model Checkpoint Saved with Loss : 0.405, Acc : 92.5, BLEU : 57.613
2022-05-03 08:17:48 | INFO | train_tsf_model.py | [Iteration 31000] SelfLoss : 0.08 CycleLoss : 0.257 StyleLoss : 0.12 ContentLoss : 0.024
2022-05-03 08:17:52 | INFO | train_tsf_model.py | [Iteration 31000] Model Checkpoint Saved with Loss : 0.409, Acc : 93.2, BLEU : 57.161
2022-05-03 08:18:26 | INFO | train_tsf_model.py | [Iteration 31100] SelfLoss : 0.079 CycleLoss : 0.255 StyleLoss : 0.182 ContentLoss : 0.025
2022-05-03 08:18:29 | INFO | train_tsf_model.py | [Iteration 31100] Model Checkpoint Saved with Loss : 0.412, Acc : 92.3, BLEU : 57.324
2022-05-03 08:19:04 | INFO | train_tsf_model.py | [Iteration 31200] SelfLoss : 0.083 CycleLoss : 0.241 StyleLoss : 0.14 ContentLoss : 0.025
2022-05-03 08:19:07 | INFO | train_tsf_model.py | [Iteration 31200] Model Checkpoint Saved with Loss : 0.411, Acc : 92.2, BLEU : 57.558
2022-05-03 08:19:43 | INFO | train_tsf_model.py | [Iteration 31300] SelfLoss : 0.077 CycleLoss : 0.225 StyleLoss : 0.099 ContentLoss : 0.024
2022-05-03 08:19:45 | INFO | train_tsf_model.py | [Iteration 31300] Model Checkpoint Saved with Loss : 0.408, Acc : 92.7, BLEU : 57.367
2022-05-03 08:20:21 | INFO | train_tsf_model.py | [Iteration 31400] SelfLoss : 0.083 CycleLoss : 0.26 StyleLoss : 0.096 ContentLoss : 0.024
2022-05-03 08:20:24 | INFO | train_tsf_model.py | [Iteration 31400] Model Checkpoint Saved with Loss : 0.409, Acc : 93.1, BLEU : 57.207
2022-05-03 08:21:00 | INFO | train_tsf_model.py | [Iteration 31500] SelfLoss : 0.072 CycleLoss : 0.215 StyleLoss : 0.087 ContentLoss : 0.024
2022-05-03 08:21:02 | INFO | train_tsf_model.py | [Iteration 31500] Model Checkpoint Saved with Loss : 0.401, Acc : 92.8, BLEU : 57.297
2022-05-03 08:21:38 | INFO | train_tsf_model.py | [Iteration 31600] SelfLoss : 0.066 CycleLoss : 0.219 StyleLoss : 0.112 ContentLoss : 0.025
2022-05-03 08:21:41 | INFO | train_tsf_model.py | [Iteration 31600] Model Checkpoint Saved with Loss : 0.412, Acc : 91.9, BLEU : 58.051
2022-05-03 08:22:17 | INFO | train_tsf_model.py | [Iteration 31700] SelfLoss : 0.079 CycleLoss : 0.256 StyleLoss : 0.154 ContentLoss : 0.024
2022-05-03 08:22:20 | INFO | train_tsf_model.py | [Iteration 31700] Model Checkpoint Saved with Loss : 0.413, Acc : 91.0, BLEU : 58.573
2022-05-03 08:22:55 | INFO | train_tsf_model.py | [Iteration 31800] SelfLoss : 0.071 CycleLoss : 0.231 StyleLoss : 0.146 ContentLoss : 0.024
2022-05-03 08:22:58 | INFO | train_tsf_model.py | [Iteration 31800] Model Checkpoint Saved with Loss : 0.407, Acc : 91.6, BLEU : 57.762
2022-05-03 08:23:33 | INFO | train_tsf_model.py | [Iteration 31900] SelfLoss : 0.08 CycleLoss : 0.256 StyleLoss : 0.147 ContentLoss : 0.024
2022-05-03 08:23:36 | INFO | train_tsf_model.py | [Iteration 31900] Model Checkpoint Saved with Loss : 0.402, Acc : 93.1, BLEU : 57.357
2022-05-03 08:24:12 | INFO | train_tsf_model.py | [Iteration 32000] SelfLoss : 0.073 CycleLoss : 0.242 StyleLoss : 0.115 ContentLoss : 0.024
2022-05-03 08:24:15 | INFO | train_tsf_model.py | [Iteration 32000] Model Checkpoint Saved with Loss : 0.406, Acc : 92.0, BLEU : 57.482
2022-05-03 08:24:50 | INFO | train_tsf_model.py | [Iteration 32100] SelfLoss : 0.057 CycleLoss : 0.19 StyleLoss : 0.096 ContentLoss : 0.023
2022-05-03 08:24:54 | INFO | train_tsf_model.py | [Iteration 32100] Model Checkpoint Saved with Loss : 0.406, Acc : 93.2, BLEU : 57.572
2022-05-03 08:25:29 | INFO | train_tsf_model.py | [Iteration 32200] SelfLoss : 0.063 CycleLoss : 0.2 StyleLoss : 0.1 ContentLoss : 0.023
2022-05-03 08:25:32 | INFO | train_tsf_model.py | [Iteration 32200] Model Checkpoint Saved with Loss : 0.396, Acc : 92.7, BLEU : 57.97
2022-05-03 08:26:07 | INFO | train_tsf_model.py | [Iteration 32300] SelfLoss : 0.078 CycleLoss : 0.226 StyleLoss : 0.089 ContentLoss : 0.024
2022-05-03 08:26:10 | INFO | train_tsf_model.py | [Iteration 32300] Model Checkpoint Saved with Loss : 0.396, Acc : 92.9, BLEU : 57.388
2022-05-03 08:26:45 | INFO | train_tsf_model.py | [Iteration 32400] SelfLoss : 0.077 CycleLoss : 0.255 StyleLoss : 0.091 ContentLoss : 0.024
2022-05-03 08:26:48 | INFO | train_tsf_model.py | [Iteration 32400] Model Checkpoint Saved with Loss : 0.403, Acc : 93.3, BLEU : 57.173
2022-05-03 08:27:23 | INFO | train_tsf_model.py | [Iteration 32500] SelfLoss : 0.068 CycleLoss : 0.22 StyleLoss : 0.093 ContentLoss : 0.024
2022-05-03 08:27:26 | INFO | train_tsf_model.py | [Iteration 32500] Model Checkpoint Saved with Loss : 0.403, Acc : 92.7, BLEU : 57.524
2022-05-03 08:28:01 | INFO | train_tsf_model.py | [Iteration 32600] SelfLoss : 0.063 CycleLoss : 0.224 StyleLoss : 0.134 ContentLoss : 0.024
2022-05-03 08:28:04 | INFO | train_tsf_model.py | [Iteration 32600] Model Checkpoint Saved with Loss : 0.409, Acc : 93.5, BLEU : 57.326
2022-05-03 08:28:40 | INFO | train_tsf_model.py | [Iteration 32700] SelfLoss : 0.072 CycleLoss : 0.239 StyleLoss : 0.127 ContentLoss : 0.024
2022-05-03 08:28:42 | INFO | train_tsf_model.py | [Iteration 32700] Model Checkpoint Saved with Loss : 0.397, Acc : 92.6, BLEU : 57.471
2022-05-03 08:29:18 | INFO | train_tsf_model.py | [Iteration 32800] SelfLoss : 0.065 CycleLoss : 0.227 StyleLoss : 0.084 ContentLoss : 0.024
2022-05-03 08:29:20 | INFO | train_tsf_model.py | [Iteration 32800] Model Checkpoint Saved with Loss : 0.403, Acc : 92.7, BLEU : 57.769
2022-05-03 08:29:56 | INFO | train_tsf_model.py | [Iteration 32900] SelfLoss : 0.078 CycleLoss : 0.238 StyleLoss : 0.098 ContentLoss : 0.024
2022-05-03 08:30:01 | INFO | train_tsf_model.py | [Iteration 32900] Model Checkpoint Saved with Loss : 0.4, Acc : 91.8, BLEU : 58.145
2022-05-03 08:30:35 | INFO | train_tsf_model.py | [Iteration 33000] SelfLoss : 0.066 CycleLoss : 0.21 StyleLoss : 0.116 ContentLoss : 0.024
2022-05-03 08:30:38 | INFO | train_tsf_model.py | [Iteration 33000] Model Checkpoint Saved with Loss : 0.405, Acc : 92.6, BLEU : 57.24
2022-05-03 08:31:14 | INFO | train_tsf_model.py | [Iteration 33100] SelfLoss : 0.055 CycleLoss : 0.208 StyleLoss : 0.143 ContentLoss : 0.024
2022-05-03 08:31:16 | INFO | train_tsf_model.py | [Iteration 33100] Model Checkpoint Saved with Loss : 0.398, Acc : 92.2, BLEU : 57.604
2022-05-03 08:31:52 | INFO | train_tsf_model.py | [Iteration 33200] SelfLoss : 0.077 CycleLoss : 0.246 StyleLoss : 0.125 ContentLoss : 0.024
2022-05-03 08:31:54 | INFO | train_tsf_model.py | [Iteration 33200] Model Checkpoint Saved with Loss : 0.409, Acc : 92.2, BLEU : 57.698
2022-05-03 08:32:30 | INFO | train_tsf_model.py | [Iteration 33300] SelfLoss : 0.06 CycleLoss : 0.208 StyleLoss : 0.096 ContentLoss : 0.023
2022-05-03 08:32:33 | INFO | train_tsf_model.py | [Iteration 33300] Model Checkpoint Saved with Loss : 0.4, Acc : 93.1, BLEU : 57.174
2022-05-03 08:33:08 | INFO | train_tsf_model.py | [Iteration 33400] SelfLoss : 0.06 CycleLoss : 0.227 StyleLoss : 0.117 ContentLoss : 0.023
2022-05-03 08:33:11 | INFO | train_tsf_model.py | [Iteration 33400] Model Checkpoint Saved with Loss : 0.387, Acc : 92.9, BLEU : 57.34
2022-05-03 08:33:46 | INFO | train_tsf_model.py | [Iteration 33500] SelfLoss : 0.068 CycleLoss : 0.234 StyleLoss : 0.126 ContentLoss : 0.023
2022-05-03 08:33:50 | INFO | train_tsf_model.py | [Iteration 33500] Model Checkpoint Saved with Loss : 0.391, Acc : 92.1, BLEU : 57.317
2022-05-03 08:34:25 | INFO | train_tsf_model.py | [Iteration 33600] SelfLoss : 0.061 CycleLoss : 0.237 StyleLoss : 0.076 ContentLoss : 0.024
2022-05-03 08:34:27 | INFO | train_tsf_model.py | [Iteration 33600] Model Checkpoint Saved with Loss : 0.386, Acc : 93.2, BLEU : 57.297
2022-05-03 08:35:02 | INFO | train_tsf_model.py | [Iteration 33700] SelfLoss : 0.074 CycleLoss : 0.229 StyleLoss : 0.103 ContentLoss : 0.023
2022-05-03 08:35:06 | INFO | train_tsf_model.py | [Iteration 33700] Model Checkpoint Saved with Loss : 0.391, Acc : 91.4, BLEU : 57.992
2022-05-03 08:35:41 | INFO | train_tsf_model.py | [Iteration 33800] SelfLoss : 0.058 CycleLoss : 0.204 StyleLoss : 0.112 ContentLoss : 0.023
2022-05-03 08:35:44 | INFO | train_tsf_model.py | [Iteration 33800] Model Checkpoint Saved with Loss : 0.387, Acc : 93.0, BLEU : 57.119
2022-05-03 08:36:20 | INFO | train_tsf_model.py | [Iteration 33900] SelfLoss : 0.054 CycleLoss : 0.203 StyleLoss : 0.175 ContentLoss : 0.023
2022-05-03 08:36:22 | INFO | train_tsf_model.py | [Iteration 33900] Model Checkpoint Saved with Loss : 0.399, Acc : 92.5, BLEU : 57.373
2022-05-03 08:36:58 | INFO | train_tsf_model.py | [Iteration 34000] SelfLoss : 0.059 CycleLoss : 0.181 StyleLoss : 0.105 ContentLoss : 0.023
2022-05-03 08:37:01 | INFO | train_tsf_model.py | [Iteration 34000] Model Checkpoint Saved with Loss : 0.394, Acc : 93.3, BLEU : 56.84
2022-05-03 08:37:36 | INFO | train_tsf_model.py | [Iteration 34100] SelfLoss : 0.069 CycleLoss : 0.224 StyleLoss : 0.119 ContentLoss : 0.023
2022-05-03 08:37:39 | INFO | train_tsf_model.py | [Iteration 34100] Model Checkpoint Saved with Loss : 0.394, Acc : 92.5, BLEU : 57.877
2022-05-03 08:38:14 | INFO | train_tsf_model.py | [Iteration 34200] SelfLoss : 0.064 CycleLoss : 0.203 StyleLoss : 0.11 ContentLoss : 0.023
2022-05-03 08:38:17 | INFO | train_tsf_model.py | [Iteration 34200] Model Checkpoint Saved with Loss : 0.392, Acc : 91.8, BLEU : 57.925
2022-05-03 08:38:52 | INFO | train_tsf_model.py | [Iteration 34300] SelfLoss : 0.07 CycleLoss : 0.221 StyleLoss : 0.159 ContentLoss : 0.023
2022-05-03 08:38:55 | INFO | train_tsf_model.py | [Iteration 34300] Model Checkpoint Saved with Loss : 0.386, Acc : 92.3, BLEU : 57.355
2022-05-03 08:39:31 | INFO | train_tsf_model.py | [Iteration 34400] SelfLoss : 0.073 CycleLoss : 0.247 StyleLoss : 0.126 ContentLoss : 0.024
2022-05-03 08:39:33 | INFO | train_tsf_model.py | [Iteration 34400] Model Checkpoint Saved with Loss : 0.39, Acc : 92.7, BLEU : 57.312
2022-05-03 08:40:09 | INFO | train_tsf_model.py | [Iteration 34500] SelfLoss : 0.064 CycleLoss : 0.23 StyleLoss : 0.112 ContentLoss : 0.023
2022-05-03 08:40:12 | INFO | train_tsf_model.py | [Iteration 34500] Model Checkpoint Saved with Loss : 0.391, Acc : 92.7, BLEU : 57.285
2022-05-03 08:40:47 | INFO | train_tsf_model.py | [Iteration 34600] SelfLoss : 0.061 CycleLoss : 0.228 StyleLoss : 0.133 ContentLoss : 0.023
2022-05-03 08:40:50 | INFO | train_tsf_model.py | [Iteration 34600] Model Checkpoint Saved with Loss : 0.398, Acc : 92.8, BLEU : 57.216
/n/fs/nlp-saml/miniconda3/envs/racoln/lib/python3.7/site-packages/torch/nn/modules/rnn.py:65: UserWarning: dropout option adds dropout after all but last recurrent layer, so non-zero dropout expects num_layers greater than 1, but got dropout=0.2 and num_layers=1
  "num_layers={}".format(dropout, num_layers))
wandb: Waiting for W&B process to finish... (success).
wandb: - 0.001 MB of 0.001 MB uploaded (0.000 MB deduped)wandb: \ 0.001 MB of 0.001 MB uploaded (0.000 MB deduped)wandb: | 0.001 MB of 0.095 MB uploaded (0.000 MB deduped)wandb: / 0.001 MB of 0.095 MB uploaded (0.000 MB deduped)wandb: - 0.095 MB of 0.095 MB uploaded (0.000 MB deduped)wandb: \ 0.095 MB of 0.095 MB uploaded (0.000 MB deduped)wandb: | 0.095 MB of 0.095 MB uploaded (0.000 MB deduped)wandb: / 0.095 MB of 0.095 MB uploaded (0.000 MB deduped)wandb: - 0.095 MB of 0.095 MB uploaded (0.000 MB deduped)wandb: \ 0.095 MB of 0.095 MB uploaded (0.000 MB deduped)wandb: | 0.095 MB of 0.095 MB uploaded (0.000 MB deduped)wandb:                                                                                
wandb: 
wandb: Run history:
wandb:    cycle_loss █▇▆▅▅▄▃▃▃▃▃▂▂▂▂▂▂▂▂▂▂▂▁▁▁▁▁▁▁▁▁▁▁▁▁▁▁▁▁▁
wandb:  dev_accuracy ▁▄▆▇▇▆▇▇▇▆▆▇▆▆▆▆▆▆▆▆▆▇▆▆▇▇▇▇▇▇▇▇▇▇▇█▇███
wandb:      dev_loss █▆▅▄▄▃▃▂▂▂▂▂▂▁▁▁▁▁▁▁▁▁▁▁▁▁▁▁▁▁▁▁▁▁▁▁▁▁▁▁
wandb:        loss_r ▁▃▂▂▂▄▃▃▃▄▅▆▅▅▄▅▇▆▅▇▇▄▅█▆▅█▅▆██▆▇▄▇█▄▅▄▆
wandb:       mseLoss ▁▃▅▆▇▇███▇▇▇▇▆▆▆▆▅▅▅▅▄▄▄▄▃▃▃▃▃▃▂▂▂▂▂▁▂▁▁
wandb:     self_loss █▇▅▄▄▃▃▃▂▂▂▂▂▂▂▁▁▁▁▁▁▁▁▁▁▁▁▁▁▁▁▁▁▁▁▁▁▁▁▁
wandb: test_accuracy ▁▄▆▆▇▆▆▇▆▆▅▆▅▅▅▅▅▅▅▅▆▅▅▅▆▇▇▆▆▇▇▇▇▇▇█▇█▇█
wandb:     test_loss █▆▅▄▄▃▃▂▂▂▂▂▂▂▁▁▁▁▁▁▁▁▁▁▁▁▁▁▁▁▁▁▁▁▁▁▁▁▁▁
wandb: 
wandb: Run summary:
wandb:    cycle_loss 0.18697
wandb:  dev_accuracy 0.938
wandb:      dev_loss 0.37338
wandb:        loss_r 0.14492
wandb:       mseLoss 0.02316
wandb:     self_loss 0.05756
wandb: test_accuracy 0.928
wandb:     test_loss 0.39817
wandb: 
wandb: Synced unidirectional: https://wandb.ai/iamsamliang/RACoLN/runs/3lu7qujs
wandb: Synced 6 W&B file(s), 0 media file(s), 0 artifact file(s) and 0 other file(s)
wandb: Find logs at: ./wandb/run-20220503_045724-3lu7qujs/logs
