wandb: Currently logged in as: iamsamliang (use `wandb login --relogin` to force relogin)
wandb: Tracking run with wandb version 0.12.15
wandb: Run data is saved locally in /n/fs/nlp-saml/RACoLN_cycleloss/wandb/run-20220503_084219-2iq44l8k
wandb: Run `wandb offline` to turn off syncing.
wandb: Syncing run no_cycle_loss
wandb: ⭐️ View project at https://wandb.ai/iamsamliang/RACoLN
wandb: 🚀 View run at https://wandb.ai/iamsamliang/RACoLN/runs/2iq44l8k
2022-05-03 08:43:24 | INFO | train_tsf_model.py | [Iteration 100] SelfLoss : 4.674 CycleLoss : 0 StyleLoss : 0.041 ContentLoss : 0.085
2022-05-03 08:43:29 | INFO | train_tsf_model.py | [Iteration 100] Model Checkpoint Saved with Loss : 4.743, Acc : 78.5, BLEU : 2.807
2022-05-03 08:43:54 | INFO | train_tsf_model.py | [Iteration 200] SelfLoss : 3.992 CycleLoss : 0 StyleLoss : 0.03 ContentLoss : 0.096
2022-05-03 08:43:58 | INFO | train_tsf_model.py | [Iteration 200] Model Checkpoint Saved with Loss : 4.13, Acc : 79.3, BLEU : 4.112
2022-05-03 08:44:25 | INFO | train_tsf_model.py | [Iteration 300] SelfLoss : 3.672 CycleLoss : 0 StyleLoss : 0.029 ContentLoss : 0.113
2022-05-03 08:44:29 | INFO | train_tsf_model.py | [Iteration 300] Model Checkpoint Saved with Loss : 3.757, Acc : 79.5, BLEU : 5.036
2022-05-03 08:45:00 | INFO | train_tsf_model.py | [Iteration 400] SelfLoss : 3.361 CycleLoss : 0 StyleLoss : 0.027 ContentLoss : 0.121
2022-05-03 08:45:04 | INFO | train_tsf_model.py | [Iteration 400] Model Checkpoint Saved with Loss : 3.469, Acc : 77.2, BLEU : 6.012
2022-05-03 08:45:36 | INFO | train_tsf_model.py | [Iteration 500] SelfLoss : 3.081 CycleLoss : 0 StyleLoss : 0.051 ContentLoss : 0.132
2022-05-03 08:45:40 | INFO | train_tsf_model.py | [Iteration 500] Model Checkpoint Saved with Loss : 3.155, Acc : 82.2, BLEU : 6.939
2022-05-03 08:46:12 | INFO | train_tsf_model.py | [Iteration 600] SelfLoss : 2.868 CycleLoss : 0 StyleLoss : 0.043 ContentLoss : 0.135
2022-05-03 08:46:16 | INFO | train_tsf_model.py | [Iteration 600] Model Checkpoint Saved with Loss : 2.919, Acc : 88.7, BLEU : 7.735
2022-05-03 08:46:49 | INFO | train_tsf_model.py | [Iteration 700] SelfLoss : 2.715 CycleLoss : 0 StyleLoss : 0.059 ContentLoss : 0.137
2022-05-03 08:46:53 | INFO | train_tsf_model.py | [Iteration 700] Model Checkpoint Saved with Loss : 2.717, Acc : 90.8, BLEU : 8.828
2022-05-03 08:47:25 | INFO | train_tsf_model.py | [Iteration 800] SelfLoss : 2.465 CycleLoss : 0 StyleLoss : 0.02 ContentLoss : 0.144
2022-05-03 08:47:29 | INFO | train_tsf_model.py | [Iteration 800] Model Checkpoint Saved with Loss : 2.526, Acc : 94.6, BLEU : 9.857
2022-05-03 08:48:03 | INFO | train_tsf_model.py | [Iteration 900] SelfLoss : 2.405 CycleLoss : 0 StyleLoss : 0.016 ContentLoss : 0.151
2022-05-03 08:48:07 | INFO | train_tsf_model.py | [Iteration 900] Model Checkpoint Saved with Loss : 2.374, Acc : 95.6, BLEU : 11.002
2022-05-03 08:48:39 | INFO | train_tsf_model.py | [Iteration 1000] SelfLoss : 2.281 CycleLoss : 0 StyleLoss : 0.026 ContentLoss : 0.152
2022-05-03 08:48:43 | INFO | train_tsf_model.py | [Iteration 1000] Model Checkpoint Saved with Loss : 2.241, Acc : 97.0, BLEU : 12.536
2022-05-03 08:49:17 | INFO | train_tsf_model.py | [Iteration 1100] SelfLoss : 2.151 CycleLoss : 0 StyleLoss : 0.023 ContentLoss : 0.154
2022-05-03 08:49:21 | INFO | train_tsf_model.py | [Iteration 1100] Model Checkpoint Saved with Loss : 2.112, Acc : 96.5, BLEU : 13.6
2022-05-03 08:49:54 | INFO | train_tsf_model.py | [Iteration 1200] SelfLoss : 2.015 CycleLoss : 0 StyleLoss : 0.043 ContentLoss : 0.149
2022-05-03 08:49:58 | INFO | train_tsf_model.py | [Iteration 1200] Model Checkpoint Saved with Loss : 2.023, Acc : 96.4, BLEU : 14.686
2022-05-03 08:50:31 | INFO | train_tsf_model.py | [Iteration 1300] SelfLoss : 1.979 CycleLoss : 0 StyleLoss : 0.024 ContentLoss : 0.155
2022-05-03 08:50:35 | INFO | train_tsf_model.py | [Iteration 1300] Model Checkpoint Saved with Loss : 1.891, Acc : 97.8, BLEU : 15.561
2022-05-03 08:51:09 | INFO | train_tsf_model.py | [Iteration 1400] SelfLoss : 1.857 CycleLoss : 0 StyleLoss : 0.005 ContentLoss : 0.155
2022-05-03 08:51:13 | INFO | train_tsf_model.py | [Iteration 1400] Model Checkpoint Saved with Loss : 1.796, Acc : 98.8, BLEU : 16.112
2022-05-03 08:51:46 | INFO | train_tsf_model.py | [Iteration 1500] SelfLoss : 1.882 CycleLoss : 0 StyleLoss : 0.012 ContentLoss : 0.165
2022-05-03 08:51:50 | INFO | train_tsf_model.py | [Iteration 1500] Model Checkpoint Saved with Loss : 1.716, Acc : 98.4, BLEU : 17.409
2022-05-03 08:52:24 | INFO | train_tsf_model.py | [Iteration 1600] SelfLoss : 1.696 CycleLoss : 0 StyleLoss : 0.023 ContentLoss : 0.162
2022-05-03 08:52:28 | INFO | train_tsf_model.py | [Iteration 1600] Model Checkpoint Saved with Loss : 1.617, Acc : 98.1, BLEU : 18.772
2022-05-03 08:53:01 | INFO | train_tsf_model.py | [Iteration 1700] SelfLoss : 1.617 CycleLoss : 0 StyleLoss : 0.03 ContentLoss : 0.158
2022-05-03 08:53:06 | INFO | train_tsf_model.py | [Iteration 1700] Model Checkpoint Saved with Loss : 1.539, Acc : 97.8, BLEU : 19.881
2022-05-03 08:53:39 | INFO | train_tsf_model.py | [Iteration 1800] SelfLoss : 1.587 CycleLoss : 0 StyleLoss : 0.015 ContentLoss : 0.159
2022-05-03 08:53:43 | INFO | train_tsf_model.py | [Iteration 1800] Model Checkpoint Saved with Loss : 1.475, Acc : 98.5, BLEU : 19.674
2022-05-03 08:54:16 | INFO | train_tsf_model.py | [Iteration 1900] SelfLoss : 1.508 CycleLoss : 0 StyleLoss : 0.021 ContentLoss : 0.156
2022-05-03 08:54:20 | INFO | train_tsf_model.py | [Iteration 1900] Model Checkpoint Saved with Loss : 1.41, Acc : 98.1, BLEU : 22.314
2022-05-03 08:54:53 | INFO | train_tsf_model.py | [Iteration 2000] SelfLoss : 1.49 CycleLoss : 0 StyleLoss : 0.01 ContentLoss : 0.161
2022-05-03 08:54:57 | INFO | train_tsf_model.py | [Iteration 2000] Model Checkpoint Saved with Loss : 1.352, Acc : 98.1, BLEU : 22.507
2022-05-03 08:55:30 | INFO | train_tsf_model.py | [Iteration 2100] SelfLoss : 1.279 CycleLoss : 0 StyleLoss : 0.022 ContentLoss : 0.158
2022-05-03 08:55:34 | INFO | train_tsf_model.py | [Iteration 2100] Model Checkpoint Saved with Loss : 1.29, Acc : 98.5, BLEU : 23.702
2022-05-03 08:56:07 | INFO | train_tsf_model.py | [Iteration 2200] SelfLoss : 1.291 CycleLoss : 0 StyleLoss : 0.023 ContentLoss : 0.157
2022-05-03 08:56:11 | INFO | train_tsf_model.py | [Iteration 2200] Model Checkpoint Saved with Loss : 1.238, Acc : 98.1, BLEU : 24.797
2022-05-03 08:56:44 | INFO | train_tsf_model.py | [Iteration 2300] SelfLoss : 1.272 CycleLoss : 0 StyleLoss : 0.022 ContentLoss : 0.154
2022-05-03 08:56:47 | INFO | train_tsf_model.py | [Iteration 2300] Model Checkpoint Saved with Loss : 1.188, Acc : 98.7, BLEU : 25.365
wandb: Network error (ReadTimeout), entering retry loop.
2022-05-03 08:57:20 | INFO | train_tsf_model.py | [Iteration 2400] SelfLoss : 1.399 CycleLoss : 0 StyleLoss : 0.015 ContentLoss : 0.159
2022-05-03 08:57:24 | INFO | train_tsf_model.py | [Iteration 2400] Model Checkpoint Saved with Loss : 1.141, Acc : 98.7, BLEU : 26.013
2022-05-03 08:57:57 | INFO | train_tsf_model.py | [Iteration 2500] SelfLoss : 1.301 CycleLoss : 0 StyleLoss : 0.025 ContentLoss : 0.161
2022-05-03 08:58:01 | INFO | train_tsf_model.py | [Iteration 2500] Model Checkpoint Saved with Loss : 1.086, Acc : 98.6, BLEU : 27.133
2022-05-03 08:58:35 | INFO | train_tsf_model.py | [Iteration 2600] SelfLoss : 1.206 CycleLoss : 0 StyleLoss : 0.037 ContentLoss : 0.159
2022-05-03 08:58:38 | INFO | train_tsf_model.py | [Iteration 2600] Model Checkpoint Saved with Loss : 1.094, Acc : 98.4, BLEU : 27.613
2022-05-03 08:59:12 | INFO | train_tsf_model.py | [Iteration 2700] SelfLoss : 1.155 CycleLoss : 0 StyleLoss : 0.014 ContentLoss : 0.158
2022-05-03 08:59:16 | INFO | train_tsf_model.py | [Iteration 2700] Model Checkpoint Saved with Loss : 1.012, Acc : 98.3, BLEU : 29.081
2022-05-03 08:59:49 | INFO | train_tsf_model.py | [Iteration 2800] SelfLoss : 1.045 CycleLoss : 0 StyleLoss : 0.026 ContentLoss : 0.158
2022-05-03 08:59:53 | INFO | train_tsf_model.py | [Iteration 2800] Model Checkpoint Saved with Loss : 0.976, Acc : 98.7, BLEU : 29.12
2022-05-03 09:00:26 | INFO | train_tsf_model.py | [Iteration 2900] SelfLoss : 1.144 CycleLoss : 0 StyleLoss : 0.015 ContentLoss : 0.159
2022-05-03 09:00:30 | INFO | train_tsf_model.py | [Iteration 2900] Model Checkpoint Saved with Loss : 0.945, Acc : 98.7, BLEU : 30.468
2022-05-03 09:01:04 | INFO | train_tsf_model.py | [Iteration 3000] SelfLoss : 0.976 CycleLoss : 0 StyleLoss : 0.029 ContentLoss : 0.154
2022-05-03 09:01:08 | INFO | train_tsf_model.py | [Iteration 3000] Model Checkpoint Saved with Loss : 0.908, Acc : 98.3, BLEU : 32.526
2022-05-03 09:01:41 | INFO | train_tsf_model.py | [Iteration 3100] SelfLoss : 0.933 CycleLoss : 0 StyleLoss : 0.01 ContentLoss : 0.152
2022-05-03 09:01:45 | INFO | train_tsf_model.py | [Iteration 3100] Model Checkpoint Saved with Loss : 0.875, Acc : 98.5, BLEU : 33.155
2022-05-03 09:02:18 | INFO | train_tsf_model.py | [Iteration 3200] SelfLoss : 0.925 CycleLoss : 0 StyleLoss : 0.027 ContentLoss : 0.151
2022-05-03 09:02:22 | INFO | train_tsf_model.py | [Iteration 3200] Model Checkpoint Saved with Loss : 0.845, Acc : 98.7, BLEU : 33.624
2022-05-03 09:02:56 | INFO | train_tsf_model.py | [Iteration 3300] SelfLoss : 0.953 CycleLoss : 0 StyleLoss : 0.004 ContentLoss : 0.158
2022-05-03 09:03:00 | INFO | train_tsf_model.py | [Iteration 3300] Model Checkpoint Saved with Loss : 0.827, Acc : 98.5, BLEU : 33.278
2022-05-03 09:03:33 | INFO | train_tsf_model.py | [Iteration 3400] SelfLoss : 0.987 CycleLoss : 0 StyleLoss : 0.017 ContentLoss : 0.153
2022-05-03 09:03:37 | INFO | train_tsf_model.py | [Iteration 3400] Model Checkpoint Saved with Loss : 0.799, Acc : 98.3, BLEU : 34.969
2022-05-03 09:04:11 | INFO | train_tsf_model.py | [Iteration 3500] SelfLoss : 0.848 CycleLoss : 0 StyleLoss : 0.034 ContentLoss : 0.154
2022-05-03 09:04:15 | INFO | train_tsf_model.py | [Iteration 3500] Model Checkpoint Saved with Loss : 0.77, Acc : 98.4, BLEU : 35.346
2022-05-03 09:04:48 | INFO | train_tsf_model.py | [Iteration 3600] SelfLoss : 0.819 CycleLoss : 0 StyleLoss : 0.026 ContentLoss : 0.152
2022-05-03 09:04:52 | INFO | train_tsf_model.py | [Iteration 3600] Model Checkpoint Saved with Loss : 0.743, Acc : 98.9, BLEU : 35.754
2022-05-03 09:05:26 | INFO | train_tsf_model.py | [Iteration 3700] SelfLoss : 0.806 CycleLoss : 0 StyleLoss : 0.017 ContentLoss : 0.155
2022-05-03 09:05:31 | INFO | train_tsf_model.py | [Iteration 3700] Model Checkpoint Saved with Loss : 0.722, Acc : 99.0, BLEU : 35.804
2022-05-03 09:06:04 | INFO | train_tsf_model.py | [Iteration 3800] SelfLoss : 0.925 CycleLoss : 0 StyleLoss : 0.025 ContentLoss : 0.158
2022-05-03 09:06:08 | INFO | train_tsf_model.py | [Iteration 3800] Model Checkpoint Saved with Loss : 0.709, Acc : 98.7, BLEU : 36.819
2022-05-03 09:06:40 | INFO | train_tsf_model.py | [Iteration 3900] SelfLoss : 0.816 CycleLoss : 0 StyleLoss : 0.018 ContentLoss : 0.15
2022-05-03 09:06:44 | INFO | train_tsf_model.py | [Iteration 3900] Model Checkpoint Saved with Loss : 0.681, Acc : 98.4, BLEU : 38.418
2022-05-03 09:07:17 | INFO | train_tsf_model.py | [Iteration 4000] SelfLoss : 0.822 CycleLoss : 0 StyleLoss : 0.012 ContentLoss : 0.15
2022-05-03 09:07:21 | INFO | train_tsf_model.py | [Iteration 4000] Model Checkpoint Saved with Loss : 0.657, Acc : 98.3, BLEU : 38.979
2022-05-03 09:07:53 | INFO | train_tsf_model.py | [Iteration 4100] SelfLoss : 0.796 CycleLoss : 0 StyleLoss : 0.026 ContentLoss : 0.154
2022-05-03 09:07:57 | INFO | train_tsf_model.py | [Iteration 4100] Model Checkpoint Saved with Loss : 0.644, Acc : 98.4, BLEU : 40.304
2022-05-03 09:08:30 | INFO | train_tsf_model.py | [Iteration 4200] SelfLoss : 0.712 CycleLoss : 0 StyleLoss : 0.019 ContentLoss : 0.15
2022-05-03 09:08:34 | INFO | train_tsf_model.py | [Iteration 4200] Model Checkpoint Saved with Loss : 0.617, Acc : 98.9, BLEU : 38.941
2022-05-03 09:09:07 | INFO | train_tsf_model.py | [Iteration 4300] SelfLoss : 0.745 CycleLoss : 0 StyleLoss : 0.032 ContentLoss : 0.149
2022-05-03 09:09:11 | INFO | train_tsf_model.py | [Iteration 4300] Model Checkpoint Saved with Loss : 0.601, Acc : 98.8, BLEU : 40.472
2022-05-03 09:09:44 | INFO | train_tsf_model.py | [Iteration 4400] SelfLoss : 0.677 CycleLoss : 0 StyleLoss : 0.003 ContentLoss : 0.15
2022-05-03 09:09:48 | INFO | train_tsf_model.py | [Iteration 4400] Model Checkpoint Saved with Loss : 0.584, Acc : 98.4, BLEU : 40.728
2022-05-03 09:10:20 | INFO | train_tsf_model.py | [Iteration 4500] SelfLoss : 0.706 CycleLoss : 0 StyleLoss : 0.032 ContentLoss : 0.147
2022-05-03 09:10:24 | INFO | train_tsf_model.py | [Iteration 4500] Model Checkpoint Saved with Loss : 0.568, Acc : 98.5, BLEU : 42.654
2022-05-03 09:10:56 | INFO | train_tsf_model.py | [Iteration 4600] SelfLoss : 0.658 CycleLoss : 0 StyleLoss : 0.022 ContentLoss : 0.15
2022-05-03 09:11:00 | INFO | train_tsf_model.py | [Iteration 4600] Model Checkpoint Saved with Loss : 0.571, Acc : 98.4, BLEU : 41.284
2022-05-03 09:11:33 | INFO | train_tsf_model.py | [Iteration 4700] SelfLoss : 0.686 CycleLoss : 0 StyleLoss : 0.01 ContentLoss : 0.15
2022-05-03 09:11:36 | INFO | train_tsf_model.py | [Iteration 4700] Model Checkpoint Saved with Loss : 0.54, Acc : 99.0, BLEU : 40.983
2022-05-03 09:12:09 | INFO | train_tsf_model.py | [Iteration 4800] SelfLoss : 0.651 CycleLoss : 0 StyleLoss : 0.017 ContentLoss : 0.147
2022-05-03 09:12:13 | INFO | train_tsf_model.py | [Iteration 4800] Model Checkpoint Saved with Loss : 0.523, Acc : 98.6, BLEU : 41.916
2022-05-03 09:12:46 | INFO | train_tsf_model.py | [Iteration 4900] SelfLoss : 0.645 CycleLoss : 0 StyleLoss : 0.013 ContentLoss : 0.148
2022-05-03 09:12:50 | INFO | train_tsf_model.py | [Iteration 4900] Model Checkpoint Saved with Loss : 0.502, Acc : 98.8, BLEU : 42.315
2022-05-03 09:13:23 | INFO | train_tsf_model.py | [Iteration 5000] SelfLoss : 0.614 CycleLoss : 0 StyleLoss : 0.026 ContentLoss : 0.143
2022-05-03 09:13:27 | INFO | train_tsf_model.py | [Iteration 5000] Model Checkpoint Saved with Loss : 0.489, Acc : 99.0, BLEU : 43.324
2022-05-03 09:13:59 | INFO | train_tsf_model.py | [Iteration 5100] SelfLoss : 0.62 CycleLoss : 0 StyleLoss : 0.017 ContentLoss : 0.146
2022-05-03 09:14:05 | INFO | train_tsf_model.py | [Iteration 5100] Model Checkpoint Saved with Loss : 0.491, Acc : 98.8, BLEU : 42.876
2022-05-03 09:14:38 | INFO | train_tsf_model.py | [Iteration 5200] SelfLoss : 0.502 CycleLoss : 0 StyleLoss : 0.016 ContentLoss : 0.138
2022-05-03 09:14:43 | INFO | train_tsf_model.py | [Iteration 5200] Model Checkpoint Saved with Loss : 0.472, Acc : 98.8, BLEU : 43.251
2022-05-03 09:15:23 | INFO | train_tsf_model.py | [Iteration 5300] SelfLoss : 0.6 CycleLoss : 0 StyleLoss : 0.013 ContentLoss : 0.142
2022-05-03 09:15:28 | INFO | train_tsf_model.py | [Iteration 5300] Model Checkpoint Saved with Loss : 0.467, Acc : 98.7, BLEU : 42.951
2022-05-03 09:15:59 | INFO | train_tsf_model.py | [Iteration 5400] SelfLoss : 0.554 CycleLoss : 0 StyleLoss : 0.019 ContentLoss : 0.138
2022-05-03 09:16:04 | INFO | train_tsf_model.py | [Iteration 5400] Model Checkpoint Saved with Loss : 0.451, Acc : 98.8, BLEU : 45.24
2022-05-03 09:16:40 | INFO | train_tsf_model.py | [Iteration 5500] SelfLoss : 0.546 CycleLoss : 0 StyleLoss : 0.018 ContentLoss : 0.143
2022-05-03 09:16:44 | INFO | train_tsf_model.py | [Iteration 5500] Model Checkpoint Saved with Loss : 0.438, Acc : 99.1, BLEU : 44.746
2022-05-03 09:17:16 | INFO | train_tsf_model.py | [Iteration 5600] SelfLoss : 0.533 CycleLoss : 0 StyleLoss : 0.009 ContentLoss : 0.141
2022-05-03 09:17:20 | INFO | train_tsf_model.py | [Iteration 5600] Model Checkpoint Saved with Loss : 0.432, Acc : 98.6, BLEU : 45.678
2022-05-03 09:17:53 | INFO | train_tsf_model.py | [Iteration 5700] SelfLoss : 0.519 CycleLoss : 0 StyleLoss : 0.033 ContentLoss : 0.143
2022-05-03 09:17:58 | INFO | train_tsf_model.py | [Iteration 5700] Model Checkpoint Saved with Loss : 0.415, Acc : 98.9, BLEU : 46.404
2022-05-03 09:18:33 | INFO | train_tsf_model.py | [Iteration 5800] SelfLoss : 0.539 CycleLoss : 0 StyleLoss : 0.034 ContentLoss : 0.142
2022-05-03 09:18:37 | INFO | train_tsf_model.py | [Iteration 5800] Model Checkpoint Saved with Loss : 0.406, Acc : 98.6, BLEU : 46.432
2022-05-03 09:19:11 | INFO | train_tsf_model.py | [Iteration 5900] SelfLoss : 0.488 CycleLoss : 0 StyleLoss : 0.039 ContentLoss : 0.139
2022-05-03 09:19:19 | INFO | train_tsf_model.py | [Iteration 5900] Model Checkpoint Saved with Loss : 0.4, Acc : 98.9, BLEU : 45.621
2022-05-03 09:19:52 | INFO | train_tsf_model.py | [Iteration 6000] SelfLoss : 0.476 CycleLoss : 0 StyleLoss : 0.044 ContentLoss : 0.134
2022-05-03 09:19:56 | INFO | train_tsf_model.py | [Iteration 6000] Model Checkpoint Saved with Loss : 0.395, Acc : 98.3, BLEU : 46.699
2022-05-03 09:20:31 | INFO | train_tsf_model.py | [Iteration 6100] SelfLoss : 0.465 CycleLoss : 0 StyleLoss : 0.018 ContentLoss : 0.137
2022-05-03 09:20:35 | INFO | train_tsf_model.py | [Iteration 6100] Model Checkpoint Saved with Loss : 0.382, Acc : 98.9, BLEU : 45.811
2022-05-03 09:21:19 | INFO | train_tsf_model.py | [Iteration 6200] SelfLoss : 0.463 CycleLoss : 0 StyleLoss : 0.027 ContentLoss : 0.135
2022-05-03 09:21:24 | INFO | train_tsf_model.py | [Iteration 6200] Model Checkpoint Saved with Loss : 0.374, Acc : 98.7, BLEU : 47.811
2022-05-03 09:21:57 | INFO | train_tsf_model.py | [Iteration 6300] SelfLoss : 0.454 CycleLoss : 0 StyleLoss : 0.008 ContentLoss : 0.139
2022-05-03 09:22:01 | INFO | train_tsf_model.py | [Iteration 6300] Model Checkpoint Saved with Loss : 0.372, Acc : 99.1, BLEU : 46.833
2022-05-03 09:22:33 | INFO | train_tsf_model.py | [Iteration 6400] SelfLoss : 0.4 CycleLoss : 0 StyleLoss : 0.016 ContentLoss : 0.133
2022-05-03 09:22:37 | INFO | train_tsf_model.py | [Iteration 6400] Model Checkpoint Saved with Loss : 0.361, Acc : 98.8, BLEU : 47.535
2022-05-03 09:23:09 | INFO | train_tsf_model.py | [Iteration 6500] SelfLoss : 0.473 CycleLoss : 0 StyleLoss : 0.025 ContentLoss : 0.137
2022-05-03 09:23:13 | INFO | train_tsf_model.py | [Iteration 6500] Model Checkpoint Saved with Loss : 0.358, Acc : 98.9, BLEU : 47.198
2022-05-03 09:23:45 | INFO | train_tsf_model.py | [Iteration 6600] SelfLoss : 0.396 CycleLoss : 0 StyleLoss : 0.035 ContentLoss : 0.133
2022-05-03 09:23:49 | INFO | train_tsf_model.py | [Iteration 6600] Model Checkpoint Saved with Loss : 0.342, Acc : 98.6, BLEU : 47.983
2022-05-03 09:24:22 | INFO | train_tsf_model.py | [Iteration 6700] SelfLoss : 0.41 CycleLoss : 0 StyleLoss : 0.016 ContentLoss : 0.13
2022-05-03 09:24:26 | INFO | train_tsf_model.py | [Iteration 6700] Model Checkpoint Saved with Loss : 0.336, Acc : 98.9, BLEU : 49.071
2022-05-03 09:24:59 | INFO | train_tsf_model.py | [Iteration 6800] SelfLoss : 0.468 CycleLoss : 0 StyleLoss : 0.031 ContentLoss : 0.138
2022-05-03 09:25:03 | INFO | train_tsf_model.py | [Iteration 6800] Model Checkpoint Saved with Loss : 0.333, Acc : 98.7, BLEU : 48.731
2022-05-03 09:25:36 | INFO | train_tsf_model.py | [Iteration 6900] SelfLoss : 0.395 CycleLoss : 0 StyleLoss : 0.013 ContentLoss : 0.137
2022-05-03 09:25:40 | INFO | train_tsf_model.py | [Iteration 6900] Model Checkpoint Saved with Loss : 0.322, Acc : 99.2, BLEU : 49.822
2022-05-03 09:26:13 | INFO | train_tsf_model.py | [Iteration 7000] SelfLoss : 0.382 CycleLoss : 0 StyleLoss : 0.028 ContentLoss : 0.135
2022-05-03 09:26:17 | INFO | train_tsf_model.py | [Iteration 7000] Model Checkpoint Saved with Loss : 0.321, Acc : 99.2, BLEU : 48.186
2022-05-03 09:26:50 | INFO | train_tsf_model.py | [Iteration 7100] SelfLoss : 0.347 CycleLoss : 0 StyleLoss : 0.01 ContentLoss : 0.129
2022-05-03 09:26:55 | INFO | train_tsf_model.py | [Iteration 7100] Model Checkpoint Saved with Loss : 0.316, Acc : 98.9, BLEU : 48.236
2022-05-03 09:27:28 | INFO | train_tsf_model.py | [Iteration 7200] SelfLoss : 0.366 CycleLoss : 0 StyleLoss : 0.019 ContentLoss : 0.13
2022-05-03 09:27:33 | INFO | train_tsf_model.py | [Iteration 7200] Model Checkpoint Saved with Loss : 0.309, Acc : 98.9, BLEU : 49.092
2022-05-03 09:28:05 | INFO | train_tsf_model.py | [Iteration 7300] SelfLoss : 0.379 CycleLoss : 0 StyleLoss : 0.019 ContentLoss : 0.134
2022-05-03 09:28:10 | INFO | train_tsf_model.py | [Iteration 7300] Model Checkpoint Saved with Loss : 0.3, Acc : 99.0, BLEU : 49.169
2022-05-03 09:28:43 | INFO | train_tsf_model.py | [Iteration 7400] SelfLoss : 0.399 CycleLoss : 0 StyleLoss : 0.025 ContentLoss : 0.127
2022-05-03 09:28:48 | INFO | train_tsf_model.py | [Iteration 7400] Model Checkpoint Saved with Loss : 0.301, Acc : 98.7, BLEU : 51.439
2022-05-03 09:29:21 | INFO | train_tsf_model.py | [Iteration 7500] SelfLoss : 0.41 CycleLoss : 0 StyleLoss : 0.011 ContentLoss : 0.129
2022-05-03 09:29:24 | INFO | train_tsf_model.py | [Iteration 7500] Model Checkpoint Saved with Loss : 0.3, Acc : 98.8, BLEU : 48.691
2022-05-03 09:29:57 | INFO | train_tsf_model.py | [Iteration 7600] SelfLoss : 0.372 CycleLoss : 0 StyleLoss : 0.015 ContentLoss : 0.129
2022-05-03 09:30:01 | INFO | train_tsf_model.py | [Iteration 7600] Model Checkpoint Saved with Loss : 0.289, Acc : 98.7, BLEU : 49.907
2022-05-03 09:30:34 | INFO | train_tsf_model.py | [Iteration 7700] SelfLoss : 0.376 CycleLoss : 0 StyleLoss : 0.019 ContentLoss : 0.127
2022-05-03 09:30:38 | INFO | train_tsf_model.py | [Iteration 7700] Model Checkpoint Saved with Loss : 0.283, Acc : 98.8, BLEU : 50.228
2022-05-03 09:31:12 | INFO | train_tsf_model.py | [Iteration 7800] SelfLoss : 0.306 CycleLoss : 0 StyleLoss : 0.025 ContentLoss : 0.126
2022-05-03 09:31:16 | INFO | train_tsf_model.py | [Iteration 7800] Model Checkpoint Saved with Loss : 0.282, Acc : 98.8, BLEU : 51.561
2022-05-03 09:31:49 | INFO | train_tsf_model.py | [Iteration 7900] SelfLoss : 0.315 CycleLoss : 0 StyleLoss : 0.011 ContentLoss : 0.131
2022-05-03 09:31:53 | INFO | train_tsf_model.py | [Iteration 7900] Model Checkpoint Saved with Loss : 0.273, Acc : 99.1, BLEU : 51.087
2022-05-03 09:32:25 | INFO | train_tsf_model.py | [Iteration 8000] SelfLoss : 0.316 CycleLoss : 0 StyleLoss : 0.024 ContentLoss : 0.125
2022-05-03 09:32:30 | INFO | train_tsf_model.py | [Iteration 8000] Model Checkpoint Saved with Loss : 0.273, Acc : 98.4, BLEU : 52.531
2022-05-03 09:33:03 | INFO | train_tsf_model.py | [Iteration 8100] SelfLoss : 0.345 CycleLoss : 0 StyleLoss : 0.016 ContentLoss : 0.129
2022-05-03 09:33:06 | INFO | train_tsf_model.py | [Iteration 8100] Model Checkpoint Saved with Loss : 0.267, Acc : 98.7, BLEU : 50.608
2022-05-03 09:33:40 | INFO | train_tsf_model.py | [Iteration 8200] SelfLoss : 0.32 CycleLoss : 0 StyleLoss : 0.008 ContentLoss : 0.125
2022-05-03 09:33:44 | INFO | train_tsf_model.py | [Iteration 8200] Model Checkpoint Saved with Loss : 0.261, Acc : 98.7, BLEU : 51.753
2022-05-03 09:34:17 | INFO | train_tsf_model.py | [Iteration 8300] SelfLoss : 0.295 CycleLoss : 0 StyleLoss : 0.033 ContentLoss : 0.121
2022-05-03 09:34:21 | INFO | train_tsf_model.py | [Iteration 8300] Model Checkpoint Saved with Loss : 0.255, Acc : 98.5, BLEU : 52.004
2022-05-03 09:34:54 | INFO | train_tsf_model.py | [Iteration 8400] SelfLoss : 0.332 CycleLoss : 0 StyleLoss : 0.017 ContentLoss : 0.124
2022-05-03 09:34:57 | INFO | train_tsf_model.py | [Iteration 8400] Model Checkpoint Saved with Loss : 0.288, Acc : 98.7, BLEU : 51.48
2022-05-03 09:35:30 | INFO | train_tsf_model.py | [Iteration 8500] SelfLoss : 0.309 CycleLoss : 0 StyleLoss : 0.042 ContentLoss : 0.127
2022-05-03 09:35:34 | INFO | train_tsf_model.py | [Iteration 8500] Model Checkpoint Saved with Loss : 0.252, Acc : 98.3, BLEU : 52.656
2022-05-03 09:36:07 | INFO | train_tsf_model.py | [Iteration 8600] SelfLoss : 0.297 CycleLoss : 0 StyleLoss : 0.016 ContentLoss : 0.121
2022-05-03 09:36:11 | INFO | train_tsf_model.py | [Iteration 8600] Model Checkpoint Saved with Loss : 0.242, Acc : 98.6, BLEU : 53.805
2022-05-03 09:36:44 | INFO | train_tsf_model.py | [Iteration 8700] SelfLoss : 0.262 CycleLoss : 0 StyleLoss : 0.032 ContentLoss : 0.121
2022-05-03 09:36:48 | INFO | train_tsf_model.py | [Iteration 8700] Model Checkpoint Saved with Loss : 0.247, Acc : 98.5, BLEU : 52.394
2022-05-03 09:37:21 | INFO | train_tsf_model.py | [Iteration 8800] SelfLoss : 0.275 CycleLoss : 0 StyleLoss : 0.025 ContentLoss : 0.123
2022-05-03 09:37:25 | INFO | train_tsf_model.py | [Iteration 8800] Model Checkpoint Saved with Loss : 0.24, Acc : 98.5, BLEU : 52.023
2022-05-03 09:37:57 | INFO | train_tsf_model.py | [Iteration 8900] SelfLoss : 0.295 CycleLoss : 0 StyleLoss : 0.021 ContentLoss : 0.122
2022-05-03 09:38:01 | INFO | train_tsf_model.py | [Iteration 8900] Model Checkpoint Saved with Loss : 0.239, Acc : 98.5, BLEU : 52.783
2022-05-03 09:38:34 | INFO | train_tsf_model.py | [Iteration 9000] SelfLoss : 0.292 CycleLoss : 0 StyleLoss : 0.019 ContentLoss : 0.118
2022-05-03 09:38:38 | INFO | train_tsf_model.py | [Iteration 9000] Model Checkpoint Saved with Loss : 0.234, Acc : 98.7, BLEU : 52.603
2022-05-03 09:39:11 | INFO | train_tsf_model.py | [Iteration 9100] SelfLoss : 0.251 CycleLoss : 0 StyleLoss : 0.014 ContentLoss : 0.117
2022-05-03 09:39:14 | INFO | train_tsf_model.py | [Iteration 9100] Model Checkpoint Saved with Loss : 0.237, Acc : 98.5, BLEU : 52.741
2022-05-03 09:39:47 | INFO | train_tsf_model.py | [Iteration 9200] SelfLoss : 0.242 CycleLoss : 0 StyleLoss : 0.034 ContentLoss : 0.121
2022-05-03 09:39:51 | INFO | train_tsf_model.py | [Iteration 9200] Model Checkpoint Saved with Loss : 0.224, Acc : 98.4, BLEU : 52.963
2022-05-03 09:40:24 | INFO | train_tsf_model.py | [Iteration 9300] SelfLoss : 0.287 CycleLoss : 0 StyleLoss : 0.016 ContentLoss : 0.118
2022-05-03 09:40:28 | INFO | train_tsf_model.py | [Iteration 9300] Model Checkpoint Saved with Loss : 0.223, Acc : 98.5, BLEU : 54.002
2022-05-03 09:41:01 | INFO | train_tsf_model.py | [Iteration 9400] SelfLoss : 0.321 CycleLoss : 0 StyleLoss : 0.026 ContentLoss : 0.12
2022-05-03 09:41:04 | INFO | train_tsf_model.py | [Iteration 9400] Model Checkpoint Saved with Loss : 0.231, Acc : 98.5, BLEU : 52.9
2022-05-03 09:41:37 | INFO | train_tsf_model.py | [Iteration 9500] SelfLoss : 0.291 CycleLoss : 0 StyleLoss : 0.049 ContentLoss : 0.115
2022-05-03 09:41:41 | INFO | train_tsf_model.py | [Iteration 9500] Model Checkpoint Saved with Loss : 0.217, Acc : 98.6, BLEU : 53.802
2022-05-03 09:42:14 | INFO | train_tsf_model.py | [Iteration 9600] SelfLoss : 0.25 CycleLoss : 0 StyleLoss : 0.047 ContentLoss : 0.119
2022-05-03 09:42:17 | INFO | train_tsf_model.py | [Iteration 9600] Model Checkpoint Saved with Loss : 0.218, Acc : 98.6, BLEU : 53.847
2022-05-03 09:42:50 | INFO | train_tsf_model.py | [Iteration 9700] SelfLoss : 0.304 CycleLoss : 0 StyleLoss : 0.012 ContentLoss : 0.12
2022-05-03 09:42:53 | INFO | train_tsf_model.py | [Iteration 9700] Model Checkpoint Saved with Loss : 0.215, Acc : 98.7, BLEU : 53.623
2022-05-03 09:43:26 | INFO | train_tsf_model.py | [Iteration 9800] SelfLoss : 0.228 CycleLoss : 0 StyleLoss : 0.025 ContentLoss : 0.114
2022-05-03 09:43:30 | INFO | train_tsf_model.py | [Iteration 9800] Model Checkpoint Saved with Loss : 0.213, Acc : 98.5, BLEU : 53.503
2022-05-03 09:44:04 | INFO | train_tsf_model.py | [Iteration 9900] SelfLoss : 0.233 CycleLoss : 0 StyleLoss : 0.023 ContentLoss : 0.114
2022-05-03 09:44:07 | INFO | train_tsf_model.py | [Iteration 9900] Model Checkpoint Saved with Loss : 0.206, Acc : 98.8, BLEU : 53.817
2022-05-03 09:44:41 | INFO | train_tsf_model.py | [Iteration 10000] SelfLoss : 0.295 CycleLoss : 0 StyleLoss : 0.038 ContentLoss : 0.114
2022-05-03 09:44:44 | INFO | train_tsf_model.py | [Iteration 10000] Model Checkpoint Saved with Loss : 0.228, Acc : 98.7, BLEU : 53.675
2022-05-03 09:45:17 | INFO | train_tsf_model.py | [Iteration 10100] SelfLoss : 0.253 CycleLoss : 0 StyleLoss : 0.037 ContentLoss : 0.113
2022-05-03 09:45:20 | INFO | train_tsf_model.py | [Iteration 10100] Model Checkpoint Saved with Loss : 0.207, Acc : 98.7, BLEU : 54.142
2022-05-03 09:45:54 | INFO | train_tsf_model.py | [Iteration 10200] SelfLoss : 0.241 CycleLoss : 0 StyleLoss : 0.022 ContentLoss : 0.116
2022-05-03 09:45:58 | INFO | train_tsf_model.py | [Iteration 10200] Model Checkpoint Saved with Loss : 0.198, Acc : 99.0, BLEU : 53.782
2022-05-03 09:46:30 | INFO | train_tsf_model.py | [Iteration 10300] SelfLoss : 0.23 CycleLoss : 0 StyleLoss : 0.04 ContentLoss : 0.112
2022-05-03 09:46:34 | INFO | train_tsf_model.py | [Iteration 10300] Model Checkpoint Saved with Loss : 0.199, Acc : 98.8, BLEU : 54.284
2022-05-03 09:47:07 | INFO | train_tsf_model.py | [Iteration 10400] SelfLoss : 0.196 CycleLoss : 0 StyleLoss : 0.029 ContentLoss : 0.118
2022-05-03 09:47:11 | INFO | train_tsf_model.py | [Iteration 10400] Model Checkpoint Saved with Loss : 0.195, Acc : 98.9, BLEU : 54.144
2022-05-03 09:47:43 | INFO | train_tsf_model.py | [Iteration 10500] SelfLoss : 0.2 CycleLoss : 0 StyleLoss : 0.003 ContentLoss : 0.108
2022-05-03 09:47:46 | INFO | train_tsf_model.py | [Iteration 10500] Model Checkpoint Saved with Loss : 0.197, Acc : 98.6, BLEU : 54.3
2022-05-03 09:48:19 | INFO | train_tsf_model.py | [Iteration 10600] SelfLoss : 0.194 CycleLoss : 0 StyleLoss : 0.03 ContentLoss : 0.113
2022-05-03 09:48:23 | INFO | train_tsf_model.py | [Iteration 10600] Model Checkpoint Saved with Loss : 0.191, Acc : 98.8, BLEU : 55.38
2022-05-03 09:48:55 | INFO | train_tsf_model.py | [Iteration 10700] SelfLoss : 0.203 CycleLoss : 0 StyleLoss : 0.037 ContentLoss : 0.108
2022-05-03 09:48:59 | INFO | train_tsf_model.py | [Iteration 10700] Model Checkpoint Saved with Loss : 0.187, Acc : 98.8, BLEU : 54.691
2022-05-03 09:49:32 | INFO | train_tsf_model.py | [Iteration 10800] SelfLoss : 0.189 CycleLoss : 0 StyleLoss : 0.026 ContentLoss : 0.108
2022-05-03 09:49:35 | INFO | train_tsf_model.py | [Iteration 10800] Model Checkpoint Saved with Loss : 0.191, Acc : 98.6, BLEU : 54.158
2022-05-03 09:50:07 | INFO | train_tsf_model.py | [Iteration 10900] SelfLoss : 0.216 CycleLoss : 0 StyleLoss : 0.008 ContentLoss : 0.109
2022-05-03 09:50:10 | INFO | train_tsf_model.py | [Iteration 10900] Model Checkpoint Saved with Loss : 0.19, Acc : 98.7, BLEU : 55.012
2022-05-03 09:50:43 | INFO | train_tsf_model.py | [Iteration 11000] SelfLoss : 0.217 CycleLoss : 0 StyleLoss : 0.016 ContentLoss : 0.107
2022-05-03 09:50:47 | INFO | train_tsf_model.py | [Iteration 11000] Model Checkpoint Saved with Loss : 0.184, Acc : 98.4, BLEU : 55.893
2022-05-03 09:51:19 | INFO | train_tsf_model.py | [Iteration 11100] SelfLoss : 0.195 CycleLoss : 0 StyleLoss : 0.015 ContentLoss : 0.104
2022-05-03 09:51:23 | INFO | train_tsf_model.py | [Iteration 11100] Model Checkpoint Saved with Loss : 0.186, Acc : 98.6, BLEU : 55.537
2022-05-03 09:51:56 | INFO | train_tsf_model.py | [Iteration 11200] SelfLoss : 0.19 CycleLoss : 0 StyleLoss : 0.014 ContentLoss : 0.11
2022-05-03 09:51:59 | INFO | train_tsf_model.py | [Iteration 11200] Model Checkpoint Saved with Loss : 0.186, Acc : 99.2, BLEU : 54.665
2022-05-03 09:52:32 | INFO | train_tsf_model.py | [Iteration 11300] SelfLoss : 0.195 CycleLoss : 0 StyleLoss : 0.025 ContentLoss : 0.109
2022-05-03 09:52:36 | INFO | train_tsf_model.py | [Iteration 11300] Model Checkpoint Saved with Loss : 0.181, Acc : 98.5, BLEU : 55.274
2022-05-03 09:53:08 | INFO | train_tsf_model.py | [Iteration 11400] SelfLoss : 0.173 CycleLoss : 0 StyleLoss : 0.038 ContentLoss : 0.112
2022-05-03 09:53:11 | INFO | train_tsf_model.py | [Iteration 11400] Model Checkpoint Saved with Loss : 0.177, Acc : 98.5, BLEU : 54.411
2022-05-03 09:53:44 | INFO | train_tsf_model.py | [Iteration 11500] SelfLoss : 0.193 CycleLoss : 0 StyleLoss : 0.027 ContentLoss : 0.106
2022-05-03 09:53:47 | INFO | train_tsf_model.py | [Iteration 11500] Model Checkpoint Saved with Loss : 0.179, Acc : 98.6, BLEU : 54.795
2022-05-03 09:54:21 | INFO | train_tsf_model.py | [Iteration 11600] SelfLoss : 0.192 CycleLoss : 0 StyleLoss : 0.023 ContentLoss : 0.104
2022-05-03 09:54:25 | INFO | train_tsf_model.py | [Iteration 11600] Model Checkpoint Saved with Loss : 0.179, Acc : 98.7, BLEU : 55.91
2022-05-03 09:54:58 | INFO | train_tsf_model.py | [Iteration 11700] SelfLoss : 0.208 CycleLoss : 0 StyleLoss : 0.017 ContentLoss : 0.108
2022-05-03 09:55:02 | INFO | train_tsf_model.py | [Iteration 11700] Model Checkpoint Saved with Loss : 0.174, Acc : 98.8, BLEU : 54.881
2022-05-03 09:55:35 | INFO | train_tsf_model.py | [Iteration 11800] SelfLoss : 0.178 CycleLoss : 0 StyleLoss : 0.052 ContentLoss : 0.105
2022-05-03 09:55:39 | INFO | train_tsf_model.py | [Iteration 11800] Model Checkpoint Saved with Loss : 0.175, Acc : 98.7, BLEU : 54.905
2022-05-03 09:56:12 | INFO | train_tsf_model.py | [Iteration 11900] SelfLoss : 0.197 CycleLoss : 0 StyleLoss : 0.007 ContentLoss : 0.108
2022-05-03 09:56:15 | INFO | train_tsf_model.py | [Iteration 11900] Model Checkpoint Saved with Loss : 0.178, Acc : 98.7, BLEU : 54.919
2022-05-03 09:56:48 | INFO | train_tsf_model.py | [Iteration 12000] SelfLoss : 0.182 CycleLoss : 0 StyleLoss : 0.018 ContentLoss : 0.107
2022-05-03 09:56:52 | INFO | train_tsf_model.py | [Iteration 12000] Model Checkpoint Saved with Loss : 0.172, Acc : 99.0, BLEU : 54.403
2022-05-03 09:57:25 | INFO | train_tsf_model.py | [Iteration 12100] SelfLoss : 0.206 CycleLoss : 0 StyleLoss : 0.042 ContentLoss : 0.108
2022-05-03 09:57:29 | INFO | train_tsf_model.py | [Iteration 12100] Model Checkpoint Saved with Loss : 0.17, Acc : 98.7, BLEU : 55.357
2022-05-03 09:58:01 | INFO | train_tsf_model.py | [Iteration 12200] SelfLoss : 0.169 CycleLoss : 0 StyleLoss : 0.028 ContentLoss : 0.105
2022-05-03 09:58:05 | INFO | train_tsf_model.py | [Iteration 12200] Model Checkpoint Saved with Loss : 0.166, Acc : 98.9, BLEU : 54.522
2022-05-03 09:58:37 | INFO | train_tsf_model.py | [Iteration 12300] SelfLoss : 0.154 CycleLoss : 0 StyleLoss : 0.012 ContentLoss : 0.103
2022-05-03 09:58:40 | INFO | train_tsf_model.py | [Iteration 12300] Model Checkpoint Saved with Loss : 0.167, Acc : 99.2, BLEU : 54.465
2022-05-03 09:59:14 | INFO | train_tsf_model.py | [Iteration 12400] SelfLoss : 0.152 CycleLoss : 0 StyleLoss : 0.01 ContentLoss : 0.102
2022-05-03 09:59:17 | INFO | train_tsf_model.py | [Iteration 12400] Model Checkpoint Saved with Loss : 0.167, Acc : 99.0, BLEU : 55.045
2022-05-03 09:59:50 | INFO | train_tsf_model.py | [Iteration 12500] SelfLoss : 0.184 CycleLoss : 0 StyleLoss : 0.045 ContentLoss : 0.103
2022-05-03 09:59:54 | INFO | train_tsf_model.py | [Iteration 12500] Model Checkpoint Saved with Loss : 0.161, Acc : 98.6, BLEU : 55.707
2022-05-03 10:00:27 | INFO | train_tsf_model.py | [Iteration 12600] SelfLoss : 0.17 CycleLoss : 0 StyleLoss : 0.02 ContentLoss : 0.104
2022-05-03 10:00:31 | INFO | train_tsf_model.py | [Iteration 12600] Model Checkpoint Saved with Loss : 0.161, Acc : 98.6, BLEU : 55.851
2022-05-03 10:01:03 | INFO | train_tsf_model.py | [Iteration 12700] SelfLoss : 0.195 CycleLoss : 0 StyleLoss : 0.026 ContentLoss : 0.104
2022-05-03 10:01:06 | INFO | train_tsf_model.py | [Iteration 12700] Model Checkpoint Saved with Loss : 0.162, Acc : 98.6, BLEU : 56.444
2022-05-03 10:01:40 | INFO | train_tsf_model.py | [Iteration 12800] SelfLoss : 0.178 CycleLoss : 0 StyleLoss : 0.026 ContentLoss : 0.103
2022-05-03 10:01:43 | INFO | train_tsf_model.py | [Iteration 12800] Model Checkpoint Saved with Loss : 0.162, Acc : 98.5, BLEU : 56.039
2022-05-03 10:02:16 | INFO | train_tsf_model.py | [Iteration 12900] SelfLoss : 0.177 CycleLoss : 0 StyleLoss : 0.033 ContentLoss : 0.099
2022-05-03 10:02:20 | INFO | train_tsf_model.py | [Iteration 12900] Model Checkpoint Saved with Loss : 0.156, Acc : 98.7, BLEU : 56.022
2022-05-03 10:02:53 | INFO | train_tsf_model.py | [Iteration 13000] SelfLoss : 0.167 CycleLoss : 0 StyleLoss : 0.032 ContentLoss : 0.103
2022-05-03 10:02:56 | INFO | train_tsf_model.py | [Iteration 13000] Model Checkpoint Saved with Loss : 0.154, Acc : 98.7, BLEU : 55.907
2022-05-03 10:03:30 | INFO | train_tsf_model.py | [Iteration 13100] SelfLoss : 0.153 CycleLoss : 0 StyleLoss : 0.021 ContentLoss : 0.101
2022-05-03 10:03:33 | INFO | train_tsf_model.py | [Iteration 13100] Model Checkpoint Saved with Loss : 0.158, Acc : 98.6, BLEU : 55.88
2022-05-03 10:04:06 | INFO | train_tsf_model.py | [Iteration 13200] SelfLoss : 0.163 CycleLoss : 0 StyleLoss : 0.026 ContentLoss : 0.097
2022-05-03 10:04:10 | INFO | train_tsf_model.py | [Iteration 13200] Model Checkpoint Saved with Loss : 0.155, Acc : 98.9, BLEU : 54.769
2022-05-03 10:04:43 | INFO | train_tsf_model.py | [Iteration 13300] SelfLoss : 0.132 CycleLoss : 0 StyleLoss : 0.026 ContentLoss : 0.1
2022-05-03 10:04:47 | INFO | train_tsf_model.py | [Iteration 13300] Model Checkpoint Saved with Loss : 0.155, Acc : 98.7, BLEU : 56.497
2022-05-03 10:05:19 | INFO | train_tsf_model.py | [Iteration 13400] SelfLoss : 0.162 CycleLoss : 0 StyleLoss : 0.02 ContentLoss : 0.104
2022-05-03 10:05:22 | INFO | train_tsf_model.py | [Iteration 13400] Model Checkpoint Saved with Loss : 0.156, Acc : 98.9, BLEU : 56.309
2022-05-03 10:05:55 | INFO | train_tsf_model.py | [Iteration 13500] SelfLoss : 0.172 CycleLoss : 0 StyleLoss : 0.025 ContentLoss : 0.098
2022-05-03 10:05:59 | INFO | train_tsf_model.py | [Iteration 13500] Model Checkpoint Saved with Loss : 0.149, Acc : 98.9, BLEU : 57.357
2022-05-03 10:06:31 | INFO | train_tsf_model.py | [Iteration 13600] SelfLoss : 0.141 CycleLoss : 0 StyleLoss : 0.014 ContentLoss : 0.101
2022-05-03 10:06:35 | INFO | train_tsf_model.py | [Iteration 13600] Model Checkpoint Saved with Loss : 0.149, Acc : 98.8, BLEU : 57.196
2022-05-03 10:07:08 | INFO | train_tsf_model.py | [Iteration 13700] SelfLoss : 0.166 CycleLoss : 0 StyleLoss : 0.015 ContentLoss : 0.099
2022-05-03 10:07:12 | INFO | train_tsf_model.py | [Iteration 13700] Model Checkpoint Saved with Loss : 0.147, Acc : 99.0, BLEU : 55.768
2022-05-03 10:07:44 | INFO | train_tsf_model.py | [Iteration 13800] SelfLoss : 0.155 CycleLoss : 0 StyleLoss : 0.019 ContentLoss : 0.098
2022-05-03 10:07:48 | INFO | train_tsf_model.py | [Iteration 13800] Model Checkpoint Saved with Loss : 0.145, Acc : 98.8, BLEU : 56.176
2022-05-03 10:08:21 | INFO | train_tsf_model.py | [Iteration 13900] SelfLoss : 0.127 CycleLoss : 0 StyleLoss : 0.009 ContentLoss : 0.097
2022-05-03 10:08:24 | INFO | train_tsf_model.py | [Iteration 13900] Model Checkpoint Saved with Loss : 0.149, Acc : 99.0, BLEU : 56.244
2022-05-03 10:08:58 | INFO | train_tsf_model.py | [Iteration 14000] SelfLoss : 0.154 CycleLoss : 0 StyleLoss : 0.008 ContentLoss : 0.1
2022-05-03 10:09:01 | INFO | train_tsf_model.py | [Iteration 14000] Model Checkpoint Saved with Loss : 0.15, Acc : 98.7, BLEU : 55.995
2022-05-03 10:09:34 | INFO | train_tsf_model.py | [Iteration 14100] SelfLoss : 0.132 CycleLoss : 0 StyleLoss : 0.018 ContentLoss : 0.094
2022-05-03 10:09:38 | INFO | train_tsf_model.py | [Iteration 14100] Model Checkpoint Saved with Loss : 0.145, Acc : 99.2, BLEU : 55.093
2022-05-03 10:10:11 | INFO | train_tsf_model.py | [Iteration 14200] SelfLoss : 0.149 CycleLoss : 0 StyleLoss : 0.018 ContentLoss : 0.095
2022-05-03 10:10:15 | INFO | train_tsf_model.py | [Iteration 14200] Model Checkpoint Saved with Loss : 0.147, Acc : 98.9, BLEU : 56.814
2022-05-03 10:10:47 | INFO | train_tsf_model.py | [Iteration 14300] SelfLoss : 0.145 CycleLoss : 0 StyleLoss : 0.014 ContentLoss : 0.095
2022-05-03 10:10:50 | INFO | train_tsf_model.py | [Iteration 14300] Model Checkpoint Saved with Loss : 0.147, Acc : 99.0, BLEU : 57.098
2022-05-03 10:11:23 | INFO | train_tsf_model.py | [Iteration 14400] SelfLoss : 0.145 CycleLoss : 0 StyleLoss : 0.02 ContentLoss : 0.098
2022-05-03 10:11:27 | INFO | train_tsf_model.py | [Iteration 14400] Model Checkpoint Saved with Loss : 0.141, Acc : 99.1, BLEU : 56.544
2022-05-03 10:12:00 | INFO | train_tsf_model.py | [Iteration 14500] SelfLoss : 0.127 CycleLoss : 0 StyleLoss : 0.026 ContentLoss : 0.093
2022-05-03 10:12:03 | INFO | train_tsf_model.py | [Iteration 14500] Model Checkpoint Saved with Loss : 0.143, Acc : 98.7, BLEU : 56.721
2022-05-03 10:12:37 | INFO | train_tsf_model.py | [Iteration 14600] SelfLoss : 0.14 CycleLoss : 0 StyleLoss : 0.013 ContentLoss : 0.094
2022-05-03 10:12:40 | INFO | train_tsf_model.py | [Iteration 14600] Model Checkpoint Saved with Loss : 0.136, Acc : 99.0, BLEU : 56.626
2022-05-03 10:13:14 | INFO | train_tsf_model.py | [Iteration 14700] SelfLoss : 0.155 CycleLoss : 0 StyleLoss : 0.022 ContentLoss : 0.096
2022-05-03 10:13:17 | INFO | train_tsf_model.py | [Iteration 14700] Model Checkpoint Saved with Loss : 0.141, Acc : 99.0, BLEU : 56.966
2022-05-03 10:13:50 | INFO | train_tsf_model.py | [Iteration 14800] SelfLoss : 0.131 CycleLoss : 0 StyleLoss : 0.033 ContentLoss : 0.092
2022-05-03 10:13:54 | INFO | train_tsf_model.py | [Iteration 14800] Model Checkpoint Saved with Loss : 0.141, Acc : 98.9, BLEU : 56.44
2022-05-03 10:14:27 | INFO | train_tsf_model.py | [Iteration 14900] SelfLoss : 0.151 CycleLoss : 0 StyleLoss : 0.03 ContentLoss : 0.092
2022-05-03 10:14:30 | INFO | train_tsf_model.py | [Iteration 14900] Model Checkpoint Saved with Loss : 0.143, Acc : 98.9, BLEU : 56.043
2022-05-03 10:15:04 | INFO | train_tsf_model.py | [Iteration 15000] SelfLoss : 0.14 CycleLoss : 0 StyleLoss : 0.025 ContentLoss : 0.096
2022-05-03 10:15:07 | INFO | train_tsf_model.py | [Iteration 15000] Model Checkpoint Saved with Loss : 0.143, Acc : 99.0, BLEU : 56.15
2022-05-03 10:15:40 | INFO | train_tsf_model.py | [Iteration 15100] SelfLoss : 0.117 CycleLoss : 0 StyleLoss : 0.011 ContentLoss : 0.092
2022-05-03 10:15:43 | INFO | train_tsf_model.py | [Iteration 15100] Model Checkpoint Saved with Loss : 0.142, Acc : 99.2, BLEU : 56.253
2022-05-03 10:16:17 | INFO | train_tsf_model.py | [Iteration 15200] SelfLoss : 0.106 CycleLoss : 0 StyleLoss : 0.01 ContentLoss : 0.094
2022-05-03 10:16:20 | INFO | train_tsf_model.py | [Iteration 15200] Model Checkpoint Saved with Loss : 0.14, Acc : 99.0, BLEU : 56.766
2022-05-03 10:16:53 | INFO | train_tsf_model.py | [Iteration 15300] SelfLoss : 0.132 CycleLoss : 0 StyleLoss : 0.023 ContentLoss : 0.091
2022-05-03 10:16:57 | INFO | train_tsf_model.py | [Iteration 15300] Model Checkpoint Saved with Loss : 0.14, Acc : 99.0, BLEU : 56.704
2022-05-03 10:17:30 | INFO | train_tsf_model.py | [Iteration 15400] SelfLoss : 0.131 CycleLoss : 0 StyleLoss : 0.02 ContentLoss : 0.094
2022-05-03 10:17:34 | INFO | train_tsf_model.py | [Iteration 15400] Model Checkpoint Saved with Loss : 0.139, Acc : 99.0, BLEU : 56.24
2022-05-03 10:18:07 | INFO | train_tsf_model.py | [Iteration 15500] SelfLoss : 0.146 CycleLoss : 0 StyleLoss : 0.052 ContentLoss : 0.091
2022-05-03 10:18:10 | INFO | train_tsf_model.py | [Iteration 15500] Model Checkpoint Saved with Loss : 0.138, Acc : 98.9, BLEU : 57.04
2022-05-03 10:18:44 | INFO | train_tsf_model.py | [Iteration 15600] SelfLoss : 0.114 CycleLoss : 0 StyleLoss : 0.042 ContentLoss : 0.088
2022-05-03 10:18:47 | INFO | train_tsf_model.py | [Iteration 15600] Model Checkpoint Saved with Loss : 0.142, Acc : 99.0, BLEU : 55.963
2022-05-03 10:19:20 | INFO | train_tsf_model.py | [Iteration 15700] SelfLoss : 0.127 CycleLoss : 0 StyleLoss : 0.034 ContentLoss : 0.094
2022-05-03 10:19:23 | INFO | train_tsf_model.py | [Iteration 15700] Model Checkpoint Saved with Loss : 0.138, Acc : 99.1, BLEU : 56.104
2022-05-03 10:19:56 | INFO | train_tsf_model.py | [Iteration 15800] SelfLoss : 0.136 CycleLoss : 0 StyleLoss : 0.015 ContentLoss : 0.093
2022-05-03 10:19:59 | INFO | train_tsf_model.py | [Iteration 15800] Model Checkpoint Saved with Loss : 0.137, Acc : 99.1, BLEU : 56.853
2022-05-03 10:20:33 | INFO | train_tsf_model.py | [Iteration 15900] SelfLoss : 0.124 CycleLoss : 0 StyleLoss : 0.022 ContentLoss : 0.088
2022-05-03 10:20:37 | INFO | train_tsf_model.py | [Iteration 15900] Model Checkpoint Saved with Loss : 0.132, Acc : 99.0, BLEU : 56.986
2022-05-03 10:21:10 | INFO | train_tsf_model.py | [Iteration 16000] SelfLoss : 0.115 CycleLoss : 0 StyleLoss : 0.022 ContentLoss : 0.087
2022-05-03 10:21:13 | INFO | train_tsf_model.py | [Iteration 16000] Model Checkpoint Saved with Loss : 0.134, Acc : 99.0, BLEU : 57.129
2022-05-03 10:21:46 | INFO | train_tsf_model.py | [Iteration 16100] SelfLoss : 0.113 CycleLoss : 0 StyleLoss : 0.014 ContentLoss : 0.089
2022-05-03 10:21:50 | INFO | train_tsf_model.py | [Iteration 16100] Model Checkpoint Saved with Loss : 0.136, Acc : 99.2, BLEU : 56.322
2022-05-03 10:22:23 | INFO | train_tsf_model.py | [Iteration 16200] SelfLoss : 0.134 CycleLoss : 0 StyleLoss : 0.006 ContentLoss : 0.092
2022-05-03 10:22:26 | INFO | train_tsf_model.py | [Iteration 16200] Model Checkpoint Saved with Loss : 0.135, Acc : 98.9, BLEU : 56.117
2022-05-03 10:23:00 | INFO | train_tsf_model.py | [Iteration 16300] SelfLoss : 0.134 CycleLoss : 0 StyleLoss : 0.021 ContentLoss : 0.09
2022-05-03 10:23:04 | INFO | train_tsf_model.py | [Iteration 16300] Model Checkpoint Saved with Loss : 0.133, Acc : 99.0, BLEU : 56.3
2022-05-03 10:23:37 | INFO | train_tsf_model.py | [Iteration 16400] SelfLoss : 0.112 CycleLoss : 0 StyleLoss : 0.015 ContentLoss : 0.089
2022-05-03 10:23:41 | INFO | train_tsf_model.py | [Iteration 16400] Model Checkpoint Saved with Loss : 0.133, Acc : 99.0, BLEU : 56.934
2022-05-03 10:24:14 | INFO | train_tsf_model.py | [Iteration 16500] SelfLoss : 0.091 CycleLoss : 0 StyleLoss : 0.014 ContentLoss : 0.091
2022-05-03 10:24:17 | INFO | train_tsf_model.py | [Iteration 16500] Model Checkpoint Saved with Loss : 0.129, Acc : 98.9, BLEU : 56.932
2022-05-03 10:24:50 | INFO | train_tsf_model.py | [Iteration 16600] SelfLoss : 0.115 CycleLoss : 0 StyleLoss : 0.023 ContentLoss : 0.089
2022-05-03 10:24:53 | INFO | train_tsf_model.py | [Iteration 16600] Model Checkpoint Saved with Loss : 0.135, Acc : 99.1, BLEU : 55.696
2022-05-03 10:25:26 | INFO | train_tsf_model.py | [Iteration 16700] SelfLoss : 0.117 CycleLoss : 0 StyleLoss : 0.027 ContentLoss : 0.086
2022-05-03 10:25:30 | INFO | train_tsf_model.py | [Iteration 16700] Model Checkpoint Saved with Loss : 0.131, Acc : 98.9, BLEU : 57.003
2022-05-03 10:26:02 | INFO | train_tsf_model.py | [Iteration 16800] SelfLoss : 0.115 CycleLoss : 0 StyleLoss : 0.025 ContentLoss : 0.088
2022-05-03 10:26:06 | INFO | train_tsf_model.py | [Iteration 16800] Model Checkpoint Saved with Loss : 0.131, Acc : 98.8, BLEU : 56.775
2022-05-03 10:26:39 | INFO | train_tsf_model.py | [Iteration 16900] SelfLoss : 0.106 CycleLoss : 0 StyleLoss : 0.021 ContentLoss : 0.089
2022-05-03 10:26:42 | INFO | train_tsf_model.py | [Iteration 16900] Model Checkpoint Saved with Loss : 0.131, Acc : 98.9, BLEU : 57.342
2022-05-03 10:27:16 | INFO | train_tsf_model.py | [Iteration 17000] SelfLoss : 0.116 CycleLoss : 0 StyleLoss : 0.026 ContentLoss : 0.09
2022-05-03 10:27:19 | INFO | train_tsf_model.py | [Iteration 17000] Model Checkpoint Saved with Loss : 0.128, Acc : 98.9, BLEU : 56.087
2022-05-03 10:27:53 | INFO | train_tsf_model.py | [Iteration 17100] SelfLoss : 0.106 CycleLoss : 0 StyleLoss : 0.036 ContentLoss : 0.087
2022-05-03 10:27:56 | INFO | train_tsf_model.py | [Iteration 17100] Model Checkpoint Saved with Loss : 0.127, Acc : 98.9, BLEU : 56.947
2022-05-03 10:28:29 | INFO | train_tsf_model.py | [Iteration 17200] SelfLoss : 0.116 CycleLoss : 0 StyleLoss : 0.04 ContentLoss : 0.092
2022-05-03 10:28:32 | INFO | train_tsf_model.py | [Iteration 17200] Model Checkpoint Saved with Loss : 0.128, Acc : 99.0, BLEU : 56.371
2022-05-03 10:29:06 | INFO | train_tsf_model.py | [Iteration 17300] SelfLoss : 0.124 CycleLoss : 0 StyleLoss : 0.024 ContentLoss : 0.089
2022-05-03 10:29:10 | INFO | train_tsf_model.py | [Iteration 17300] Model Checkpoint Saved with Loss : 0.129, Acc : 98.8, BLEU : 55.96
2022-05-03 10:29:42 | INFO | train_tsf_model.py | [Iteration 17400] SelfLoss : 0.109 CycleLoss : 0 StyleLoss : 0.009 ContentLoss : 0.088
2022-05-03 10:29:45 | INFO | train_tsf_model.py | [Iteration 17400] Model Checkpoint Saved with Loss : 0.129, Acc : 98.9, BLEU : 56.049
2022-05-03 10:30:19 | INFO | train_tsf_model.py | [Iteration 17500] SelfLoss : 0.099 CycleLoss : 0 StyleLoss : 0.011 ContentLoss : 0.088
2022-05-03 10:30:22 | INFO | train_tsf_model.py | [Iteration 17500] Model Checkpoint Saved with Loss : 0.126, Acc : 98.7, BLEU : 55.808
2022-05-03 10:30:56 | INFO | train_tsf_model.py | [Iteration 17600] SelfLoss : 0.105 CycleLoss : 0 StyleLoss : 0.007 ContentLoss : 0.083
2022-05-03 10:30:59 | INFO | train_tsf_model.py | [Iteration 17600] Model Checkpoint Saved with Loss : 0.13, Acc : 98.6, BLEU : 55.318
2022-05-03 10:31:33 | INFO | train_tsf_model.py | [Iteration 17700] SelfLoss : 0.11 CycleLoss : 0 StyleLoss : 0.019 ContentLoss : 0.085
2022-05-03 10:31:36 | INFO | train_tsf_model.py | [Iteration 17700] Model Checkpoint Saved with Loss : 0.127, Acc : 98.8, BLEU : 55.003
2022-05-03 10:32:10 | INFO | train_tsf_model.py | [Iteration 17800] SelfLoss : 0.106 CycleLoss : 0 StyleLoss : 0.017 ContentLoss : 0.083
2022-05-03 10:32:14 | INFO | train_tsf_model.py | [Iteration 17800] Model Checkpoint Saved with Loss : 0.124, Acc : 99.0, BLEU : 54.213
2022-05-03 10:32:47 | INFO | train_tsf_model.py | [Iteration 17900] SelfLoss : 0.113 CycleLoss : 0 StyleLoss : 0.031 ContentLoss : 0.086
2022-05-03 10:32:50 | INFO | train_tsf_model.py | [Iteration 17900] Model Checkpoint Saved with Loss : 0.128, Acc : 99.0, BLEU : 55.312
2022-05-03 10:33:23 | INFO | train_tsf_model.py | [Iteration 18000] SelfLoss : 0.106 CycleLoss : 0 StyleLoss : 0.033 ContentLoss : 0.085
2022-05-03 10:33:26 | INFO | train_tsf_model.py | [Iteration 18000] Model Checkpoint Saved with Loss : 0.127, Acc : 98.9, BLEU : 53.932
2022-05-03 10:34:00 | INFO | train_tsf_model.py | [Iteration 18100] SelfLoss : 0.132 CycleLoss : 0 StyleLoss : 0.007 ContentLoss : 0.088
2022-05-03 10:34:04 | INFO | train_tsf_model.py | [Iteration 18100] Model Checkpoint Saved with Loss : 0.122, Acc : 99.0, BLEU : 54.874
2022-05-03 10:34:37 | INFO | train_tsf_model.py | [Iteration 18200] SelfLoss : 0.099 CycleLoss : 0 StyleLoss : 0.01 ContentLoss : 0.086
2022-05-03 10:34:41 | INFO | train_tsf_model.py | [Iteration 18200] Model Checkpoint Saved with Loss : 0.119, Acc : 98.7, BLEU : 55.044
2022-05-03 10:35:15 | INFO | train_tsf_model.py | [Iteration 18300] SelfLoss : 0.096 CycleLoss : 0 StyleLoss : 0.022 ContentLoss : 0.083
2022-05-03 10:35:18 | INFO | train_tsf_model.py | [Iteration 18300] Model Checkpoint Saved with Loss : 0.119, Acc : 98.7, BLEU : 54.975
2022-05-03 10:35:52 | INFO | train_tsf_model.py | [Iteration 18400] SelfLoss : 0.092 CycleLoss : 0 StyleLoss : 0.024 ContentLoss : 0.085
2022-05-03 10:35:55 | INFO | train_tsf_model.py | [Iteration 18400] Model Checkpoint Saved with Loss : 0.121, Acc : 98.8, BLEU : 54.492
2022-05-03 10:36:28 | INFO | train_tsf_model.py | [Iteration 18500] SelfLoss : 0.099 CycleLoss : 0 StyleLoss : 0.021 ContentLoss : 0.082
2022-05-03 10:36:31 | INFO | train_tsf_model.py | [Iteration 18500] Model Checkpoint Saved with Loss : 0.123, Acc : 99.0, BLEU : 52.353
2022-05-03 10:37:05 | INFO | train_tsf_model.py | [Iteration 18600] SelfLoss : 0.117 CycleLoss : 0 StyleLoss : 0.046 ContentLoss : 0.08
2022-05-03 10:37:08 | INFO | train_tsf_model.py | [Iteration 18600] Model Checkpoint Saved with Loss : 0.124, Acc : 98.7, BLEU : 55.306
2022-05-03 10:37:42 | INFO | train_tsf_model.py | [Iteration 18700] SelfLoss : 0.103 CycleLoss : 0 StyleLoss : 0.016 ContentLoss : 0.082
2022-05-03 10:37:45 | INFO | train_tsf_model.py | [Iteration 18700] Model Checkpoint Saved with Loss : 0.121, Acc : 98.8, BLEU : 56.582
2022-05-03 10:38:19 | INFO | train_tsf_model.py | [Iteration 18800] SelfLoss : 0.095 CycleLoss : 0 StyleLoss : 0.047 ContentLoss : 0.082
2022-05-03 10:38:22 | INFO | train_tsf_model.py | [Iteration 18800] Model Checkpoint Saved with Loss : 0.117, Acc : 98.7, BLEU : 54.167
2022-05-03 10:38:56 | INFO | train_tsf_model.py | [Iteration 18900] SelfLoss : 0.113 CycleLoss : 0 StyleLoss : 0.006 ContentLoss : 0.084
2022-05-03 10:38:59 | INFO | train_tsf_model.py | [Iteration 18900] Model Checkpoint Saved with Loss : 0.125, Acc : 99.1, BLEU : 55.126
2022-05-03 10:39:33 | INFO | train_tsf_model.py | [Iteration 19000] SelfLoss : 0.092 CycleLoss : 0 StyleLoss : 0.009 ContentLoss : 0.082
2022-05-03 10:39:37 | INFO | train_tsf_model.py | [Iteration 19000] Model Checkpoint Saved with Loss : 0.122, Acc : 98.8, BLEU : 54.321
2022-05-03 10:40:10 | INFO | train_tsf_model.py | [Iteration 19100] SelfLoss : 0.085 CycleLoss : 0 StyleLoss : 0.019 ContentLoss : 0.085
2022-05-03 10:40:13 | INFO | train_tsf_model.py | [Iteration 19100] Model Checkpoint Saved with Loss : 0.118, Acc : 98.5, BLEU : 54.72
2022-05-03 10:40:47 | INFO | train_tsf_model.py | [Iteration 19200] SelfLoss : 0.089 CycleLoss : 0 StyleLoss : 0.022 ContentLoss : 0.085
2022-05-03 10:40:50 | INFO | train_tsf_model.py | [Iteration 19200] Model Checkpoint Saved with Loss : 0.12, Acc : 99.1, BLEU : 53.168
2022-05-03 10:41:23 | INFO | train_tsf_model.py | [Iteration 19300] SelfLoss : 0.092 CycleLoss : 0 StyleLoss : 0.014 ContentLoss : 0.083
2022-05-03 10:41:27 | INFO | train_tsf_model.py | [Iteration 19300] Model Checkpoint Saved with Loss : 0.119, Acc : 99.0, BLEU : 53.755
2022-05-03 10:41:59 | INFO | train_tsf_model.py | [Iteration 19400] SelfLoss : 0.086 CycleLoss : 0 StyleLoss : 0.023 ContentLoss : 0.081
2022-05-03 10:42:02 | INFO | train_tsf_model.py | [Iteration 19400] Model Checkpoint Saved with Loss : 0.119, Acc : 98.6, BLEU : 56.317
2022-05-03 10:42:35 | INFO | train_tsf_model.py | [Iteration 19500] SelfLoss : 0.099 CycleLoss : 0 StyleLoss : 0.038 ContentLoss : 0.082
2022-05-03 10:42:38 | INFO | train_tsf_model.py | [Iteration 19500] Model Checkpoint Saved with Loss : 0.121, Acc : 99.0, BLEU : 54.941
2022-05-03 10:43:12 | INFO | train_tsf_model.py | [Iteration 19600] SelfLoss : 0.098 CycleLoss : 0 StyleLoss : 0.028 ContentLoss : 0.081
2022-05-03 10:43:16 | INFO | train_tsf_model.py | [Iteration 19600] Model Checkpoint Saved with Loss : 0.12, Acc : 98.9, BLEU : 53.953
2022-05-03 10:43:50 | INFO | train_tsf_model.py | [Iteration 19700] SelfLoss : 0.092 CycleLoss : 0 StyleLoss : 0.008 ContentLoss : 0.081
2022-05-03 10:43:53 | INFO | train_tsf_model.py | [Iteration 19700] Model Checkpoint Saved with Loss : 0.119, Acc : 99.0, BLEU : 54.022
2022-05-03 10:44:26 | INFO | train_tsf_model.py | [Iteration 19800] SelfLoss : 0.105 CycleLoss : 0 StyleLoss : 0.022 ContentLoss : 0.079
2022-05-03 10:44:29 | INFO | train_tsf_model.py | [Iteration 19800] Model Checkpoint Saved with Loss : 0.118, Acc : 99.2, BLEU : 52.714
2022-05-03 10:45:03 | INFO | train_tsf_model.py | [Iteration 19900] SelfLoss : 0.107 CycleLoss : 0 StyleLoss : 0.014 ContentLoss : 0.08
2022-05-03 10:45:07 | INFO | train_tsf_model.py | [Iteration 19900] Model Checkpoint Saved with Loss : 0.119, Acc : 99.0, BLEU : 54.264
2022-05-03 10:45:40 | INFO | train_tsf_model.py | [Iteration 20000] SelfLoss : 0.082 CycleLoss : 0 StyleLoss : 0.021 ContentLoss : 0.081
2022-05-03 10:45:43 | INFO | train_tsf_model.py | [Iteration 20000] Model Checkpoint Saved with Loss : 0.118, Acc : 99.0, BLEU : 54.168
2022-05-03 10:46:17 | INFO | train_tsf_model.py | [Iteration 20100] SelfLoss : 0.09 CycleLoss : 0 StyleLoss : 0.027 ContentLoss : 0.079
2022-05-03 10:46:20 | INFO | train_tsf_model.py | [Iteration 20100] Model Checkpoint Saved with Loss : 0.118, Acc : 99.3, BLEU : 52.505
2022-05-03 10:46:54 | INFO | train_tsf_model.py | [Iteration 20200] SelfLoss : 0.08 CycleLoss : 0 StyleLoss : 0.008 ContentLoss : 0.08
2022-05-03 10:46:57 | INFO | train_tsf_model.py | [Iteration 20200] Model Checkpoint Saved with Loss : 0.119, Acc : 99.1, BLEU : 53.449
2022-05-03 10:47:31 | INFO | train_tsf_model.py | [Iteration 20300] SelfLoss : 0.068 CycleLoss : 0 StyleLoss : 0.015 ContentLoss : 0.078
2022-05-03 10:47:34 | INFO | train_tsf_model.py | [Iteration 20300] Model Checkpoint Saved with Loss : 0.122, Acc : 99.2, BLEU : 52.571
2022-05-03 10:48:07 | INFO | train_tsf_model.py | [Iteration 20400] SelfLoss : 0.084 CycleLoss : 0 StyleLoss : 0.011 ContentLoss : 0.082
2022-05-03 10:48:10 | INFO | train_tsf_model.py | [Iteration 20400] Model Checkpoint Saved with Loss : 0.12, Acc : 98.9, BLEU : 43.359
2022-05-03 10:48:44 | INFO | train_tsf_model.py | [Iteration 20500] SelfLoss : 0.092 CycleLoss : 0 StyleLoss : 0.012 ContentLoss : 0.078
2022-05-03 10:48:47 | INFO | train_tsf_model.py | [Iteration 20500] Model Checkpoint Saved with Loss : 0.12, Acc : 98.8, BLEU : 41.685
2022-05-03 10:49:21 | INFO | train_tsf_model.py | [Iteration 20600] SelfLoss : 0.096 CycleLoss : 0 StyleLoss : 0.019 ContentLoss : 0.078
2022-05-03 10:49:25 | INFO | train_tsf_model.py | [Iteration 20600] Model Checkpoint Saved with Loss : 0.113, Acc : 99.1, BLEU : 42.599
2022-05-03 10:50:00 | INFO | train_tsf_model.py | [Iteration 20700] SelfLoss : 0.099 CycleLoss : 0 StyleLoss : 0.004 ContentLoss : 0.079
2022-05-03 10:50:04 | INFO | train_tsf_model.py | [Iteration 20700] Model Checkpoint Saved with Loss : 0.115, Acc : 98.7, BLEU : 41.576
2022-05-03 10:50:38 | INFO | train_tsf_model.py | [Iteration 20800] SelfLoss : 0.078 CycleLoss : 0 StyleLoss : 0.023 ContentLoss : 0.077
2022-05-03 10:50:43 | INFO | train_tsf_model.py | [Iteration 20800] Model Checkpoint Saved with Loss : 0.113, Acc : 98.9, BLEU : 40.874
2022-05-03 10:51:17 | INFO | train_tsf_model.py | [Iteration 20900] SelfLoss : 0.076 CycleLoss : 0 StyleLoss : 0.005 ContentLoss : 0.074
2022-05-03 10:51:20 | INFO | train_tsf_model.py | [Iteration 20900] Model Checkpoint Saved with Loss : 0.114, Acc : 99.2, BLEU : 41.172
2022-05-03 10:51:55 | INFO | train_tsf_model.py | [Iteration 21000] SelfLoss : 0.083 CycleLoss : 0 StyleLoss : 0.013 ContentLoss : 0.076
2022-05-03 10:51:59 | INFO | train_tsf_model.py | [Iteration 21000] Model Checkpoint Saved with Loss : 0.115, Acc : 99.2, BLEU : 41.156
2022-05-03 10:52:32 | INFO | train_tsf_model.py | [Iteration 21100] SelfLoss : 0.082 CycleLoss : 0 StyleLoss : 0.017 ContentLoss : 0.076
2022-05-03 10:52:35 | INFO | train_tsf_model.py | [Iteration 21100] Model Checkpoint Saved with Loss : 0.114, Acc : 98.8, BLEU : 41.519
2022-05-03 10:53:10 | INFO | train_tsf_model.py | [Iteration 21200] SelfLoss : 0.083 CycleLoss : 0 StyleLoss : 0.006 ContentLoss : 0.077
2022-05-03 10:53:14 | INFO | train_tsf_model.py | [Iteration 21200] Model Checkpoint Saved with Loss : 0.109, Acc : 98.5, BLEU : 41.742
2022-05-03 10:53:48 | INFO | train_tsf_model.py | [Iteration 21300] SelfLoss : 0.082 CycleLoss : 0 StyleLoss : 0.021 ContentLoss : 0.075
2022-05-03 10:53:51 | INFO | train_tsf_model.py | [Iteration 21300] Model Checkpoint Saved with Loss : 0.111, Acc : 99.0, BLEU : 41.224
2022-05-03 10:54:26 | INFO | train_tsf_model.py | [Iteration 21400] SelfLoss : 0.093 CycleLoss : 0 StyleLoss : 0.03 ContentLoss : 0.075
2022-05-03 10:54:29 | INFO | train_tsf_model.py | [Iteration 21400] Model Checkpoint Saved with Loss : 0.11, Acc : 99.2, BLEU : 41.399
2022-05-03 10:55:03 | INFO | train_tsf_model.py | [Iteration 21500] SelfLoss : 0.072 CycleLoss : 0 StyleLoss : 0.023 ContentLoss : 0.074
2022-05-03 10:55:07 | INFO | train_tsf_model.py | [Iteration 21500] Model Checkpoint Saved with Loss : 0.113, Acc : 98.9, BLEU : 41.703
2022-05-03 10:55:41 | INFO | train_tsf_model.py | [Iteration 21600] SelfLoss : 0.084 CycleLoss : 0 StyleLoss : 0.02 ContentLoss : 0.077
2022-05-03 10:55:45 | INFO | train_tsf_model.py | [Iteration 21600] Model Checkpoint Saved with Loss : 0.107, Acc : 99.0, BLEU : 41.264
2022-05-03 10:56:20 | INFO | train_tsf_model.py | [Iteration 21700] SelfLoss : 0.069 CycleLoss : 0 StyleLoss : 0.005 ContentLoss : 0.075
2022-05-03 10:56:23 | INFO | train_tsf_model.py | [Iteration 21700] Model Checkpoint Saved with Loss : 0.11, Acc : 99.1, BLEU : 41.43
2022-05-03 10:56:58 | INFO | train_tsf_model.py | [Iteration 21800] SelfLoss : 0.083 CycleLoss : 0 StyleLoss : 0.022 ContentLoss : 0.076
2022-05-03 10:57:01 | INFO | train_tsf_model.py | [Iteration 21800] Model Checkpoint Saved with Loss : 0.111, Acc : 99.1, BLEU : 41.853
2022-05-03 10:57:36 | INFO | train_tsf_model.py | [Iteration 21900] SelfLoss : 0.079 CycleLoss : 0 StyleLoss : 0.027 ContentLoss : 0.074
2022-05-03 10:57:39 | INFO | train_tsf_model.py | [Iteration 21900] Model Checkpoint Saved with Loss : 0.111, Acc : 98.8, BLEU : 42.501
2022-05-03 10:58:14 | INFO | train_tsf_model.py | [Iteration 22000] SelfLoss : 0.079 CycleLoss : 0 StyleLoss : 0.057 ContentLoss : 0.076
2022-05-03 10:58:17 | INFO | train_tsf_model.py | [Iteration 22000] Model Checkpoint Saved with Loss : 0.109, Acc : 98.7, BLEU : 42.305
2022-05-03 10:58:52 | INFO | train_tsf_model.py | [Iteration 22100] SelfLoss : 0.081 CycleLoss : 0 StyleLoss : 0.038 ContentLoss : 0.075
2022-05-03 10:58:55 | INFO | train_tsf_model.py | [Iteration 22100] Model Checkpoint Saved with Loss : 0.109, Acc : 99.0, BLEU : 42.529
2022-05-03 10:59:30 | INFO | train_tsf_model.py | [Iteration 22200] SelfLoss : 0.067 CycleLoss : 0 StyleLoss : 0.008 ContentLoss : 0.074
2022-05-03 10:59:33 | INFO | train_tsf_model.py | [Iteration 22200] Model Checkpoint Saved with Loss : 0.107, Acc : 99.3, BLEU : 41.73
2022-05-03 11:00:08 | INFO | train_tsf_model.py | [Iteration 22300] SelfLoss : 0.076 CycleLoss : 0 StyleLoss : 0.019 ContentLoss : 0.071
2022-05-03 11:00:12 | INFO | train_tsf_model.py | [Iteration 22300] Model Checkpoint Saved with Loss : 0.107, Acc : 98.7, BLEU : 42.718
2022-05-03 11:00:46 | INFO | train_tsf_model.py | [Iteration 22400] SelfLoss : 0.082 CycleLoss : 0 StyleLoss : 0.026 ContentLoss : 0.074
2022-05-03 11:00:49 | INFO | train_tsf_model.py | [Iteration 22400] Model Checkpoint Saved with Loss : 0.101, Acc : 99.2, BLEU : 41.985
2022-05-03 11:01:24 | INFO | train_tsf_model.py | [Iteration 22500] SelfLoss : 0.07 CycleLoss : 0 StyleLoss : 0.008 ContentLoss : 0.073
2022-05-03 11:01:27 | INFO | train_tsf_model.py | [Iteration 22500] Model Checkpoint Saved with Loss : 0.106, Acc : 99.4, BLEU : 41.59
2022-05-03 11:02:03 | INFO | train_tsf_model.py | [Iteration 22600] SelfLoss : 0.073 CycleLoss : 0 StyleLoss : 0.034 ContentLoss : 0.075
2022-05-03 11:02:06 | INFO | train_tsf_model.py | [Iteration 22600] Model Checkpoint Saved with Loss : 0.111, Acc : 98.7, BLEU : 42.552
2022-05-03 11:02:41 | INFO | train_tsf_model.py | [Iteration 22700] SelfLoss : 0.071 CycleLoss : 0 StyleLoss : 0.032 ContentLoss : 0.073
2022-05-03 11:02:44 | INFO | train_tsf_model.py | [Iteration 22700] Model Checkpoint Saved with Loss : 0.108, Acc : 99.1, BLEU : 41.864
2022-05-03 11:03:19 | INFO | train_tsf_model.py | [Iteration 22800] SelfLoss : 0.064 CycleLoss : 0 StyleLoss : 0.016 ContentLoss : 0.072
2022-05-03 11:03:23 | INFO | train_tsf_model.py | [Iteration 22800] Model Checkpoint Saved with Loss : 0.103, Acc : 98.9, BLEU : 43.228
2022-05-03 11:03:57 | INFO | train_tsf_model.py | [Iteration 22900] SelfLoss : 0.075 CycleLoss : 0 StyleLoss : 0.03 ContentLoss : 0.071
2022-05-03 11:04:01 | INFO | train_tsf_model.py | [Iteration 22900] Model Checkpoint Saved with Loss : 0.105, Acc : 98.7, BLEU : 43.271
2022-05-03 11:04:35 | INFO | train_tsf_model.py | [Iteration 23000] SelfLoss : 0.087 CycleLoss : 0 StyleLoss : 0.011 ContentLoss : 0.072
2022-05-03 11:04:38 | INFO | train_tsf_model.py | [Iteration 23000] Model Checkpoint Saved with Loss : 0.106, Acc : 98.5, BLEU : 44.097
2022-05-03 11:05:13 | INFO | train_tsf_model.py | [Iteration 23100] SelfLoss : 0.063 CycleLoss : 0 StyleLoss : 0.006 ContentLoss : 0.073
2022-05-03 11:05:16 | INFO | train_tsf_model.py | [Iteration 23100] Model Checkpoint Saved with Loss : 0.106, Acc : 98.9, BLEU : 43.096
2022-05-03 11:05:51 | INFO | train_tsf_model.py | [Iteration 23200] SelfLoss : 0.066 CycleLoss : 0 StyleLoss : 0.004 ContentLoss : 0.069
2022-05-03 11:05:54 | INFO | train_tsf_model.py | [Iteration 23200] Model Checkpoint Saved with Loss : 0.104, Acc : 99.0, BLEU : 42.783
2022-05-03 11:06:29 | INFO | train_tsf_model.py | [Iteration 23300] SelfLoss : 0.086 CycleLoss : 0 StyleLoss : 0.007 ContentLoss : 0.071
2022-05-03 11:06:32 | INFO | train_tsf_model.py | [Iteration 23300] Model Checkpoint Saved with Loss : 0.104, Acc : 98.8, BLEU : 43.085
2022-05-03 11:07:08 | INFO | train_tsf_model.py | [Iteration 23400] SelfLoss : 0.081 CycleLoss : 0 StyleLoss : 0.021 ContentLoss : 0.072
2022-05-03 11:07:11 | INFO | train_tsf_model.py | [Iteration 23400] Model Checkpoint Saved with Loss : 0.104, Acc : 98.8, BLEU : 43.289
2022-05-03 11:07:46 | INFO | train_tsf_model.py | [Iteration 23500] SelfLoss : 0.078 CycleLoss : 0 StyleLoss : 0.012 ContentLoss : 0.07
2022-05-03 11:07:49 | INFO | train_tsf_model.py | [Iteration 23500] Model Checkpoint Saved with Loss : 0.105, Acc : 98.9, BLEU : 42.326
2022-05-03 11:08:23 | INFO | train_tsf_model.py | [Iteration 23600] SelfLoss : 0.06 CycleLoss : 0 StyleLoss : 0.012 ContentLoss : 0.07
2022-05-03 11:08:26 | INFO | train_tsf_model.py | [Iteration 23600] Model Checkpoint Saved with Loss : 0.102, Acc : 98.7, BLEU : 42.897
2022-05-03 11:09:01 | INFO | train_tsf_model.py | [Iteration 23700] SelfLoss : 0.067 CycleLoss : 0 StyleLoss : 0.024 ContentLoss : 0.07
2022-05-03 11:09:04 | INFO | train_tsf_model.py | [Iteration 23700] Model Checkpoint Saved with Loss : 0.103, Acc : 99.1, BLEU : 41.956
2022-05-03 11:09:39 | INFO | train_tsf_model.py | [Iteration 23800] SelfLoss : 0.071 CycleLoss : 0 StyleLoss : 0.02 ContentLoss : 0.069
2022-05-03 11:09:42 | INFO | train_tsf_model.py | [Iteration 23800] Model Checkpoint Saved with Loss : 0.102, Acc : 98.8, BLEU : 42.758
2022-05-03 11:10:16 | INFO | train_tsf_model.py | [Iteration 23900] SelfLoss : 0.083 CycleLoss : 0 StyleLoss : 0.028 ContentLoss : 0.071
2022-05-03 11:10:19 | INFO | train_tsf_model.py | [Iteration 23900] Model Checkpoint Saved with Loss : 0.106, Acc : 98.5, BLEU : 41.982
2022-05-03 11:10:54 | INFO | train_tsf_model.py | [Iteration 24000] SelfLoss : 0.069 CycleLoss : 0 StyleLoss : 0.008 ContentLoss : 0.068
2022-05-03 11:10:58 | INFO | train_tsf_model.py | [Iteration 24000] Model Checkpoint Saved with Loss : 0.1, Acc : 98.9, BLEU : 42.102
2022-05-03 11:11:33 | INFO | train_tsf_model.py | [Iteration 24100] SelfLoss : 0.07 CycleLoss : 0 StyleLoss : 0.01 ContentLoss : 0.067
2022-05-03 11:11:37 | INFO | train_tsf_model.py | [Iteration 24100] Model Checkpoint Saved with Loss : 0.1, Acc : 99.0, BLEU : 42.178
2022-05-03 11:12:11 | INFO | train_tsf_model.py | [Iteration 24200] SelfLoss : 0.065 CycleLoss : 0 StyleLoss : 0.023 ContentLoss : 0.068
2022-05-03 11:12:14 | INFO | train_tsf_model.py | [Iteration 24200] Model Checkpoint Saved with Loss : 0.099, Acc : 99.0, BLEU : 42.475
2022-05-03 11:12:49 | INFO | train_tsf_model.py | [Iteration 24300] SelfLoss : 0.065 CycleLoss : 0 StyleLoss : 0.005 ContentLoss : 0.067
2022-05-03 11:12:52 | INFO | train_tsf_model.py | [Iteration 24300] Model Checkpoint Saved with Loss : 0.103, Acc : 99.0, BLEU : 41.628
2022-05-03 11:13:27 | INFO | train_tsf_model.py | [Iteration 24400] SelfLoss : 0.075 CycleLoss : 0 StyleLoss : 0.01 ContentLoss : 0.067
2022-05-03 11:13:30 | INFO | train_tsf_model.py | [Iteration 24400] Model Checkpoint Saved with Loss : 0.103, Acc : 98.8, BLEU : 41.742
2022-05-03 11:14:05 | INFO | train_tsf_model.py | [Iteration 24500] SelfLoss : 0.06 CycleLoss : 0 StyleLoss : 0.001 ContentLoss : 0.068
2022-05-03 11:14:09 | INFO | train_tsf_model.py | [Iteration 24500] Model Checkpoint Saved with Loss : 0.101, Acc : 98.4, BLEU : 42.543
2022-05-03 11:14:44 | INFO | train_tsf_model.py | [Iteration 24600] SelfLoss : 0.068 CycleLoss : 0 StyleLoss : 0.034 ContentLoss : 0.066
2022-05-03 11:14:47 | INFO | train_tsf_model.py | [Iteration 24600] Model Checkpoint Saved with Loss : 0.101, Acc : 98.6, BLEU : 42.814
2022-05-03 11:15:22 | INFO | train_tsf_model.py | [Iteration 24700] SelfLoss : 0.077 CycleLoss : 0 StyleLoss : 0.037 ContentLoss : 0.069
2022-05-03 11:15:25 | INFO | train_tsf_model.py | [Iteration 24700] Model Checkpoint Saved with Loss : 0.102, Acc : 98.8, BLEU : 42.268
2022-05-03 11:16:00 | INFO | train_tsf_model.py | [Iteration 24800] SelfLoss : 0.065 CycleLoss : 0 StyleLoss : 0.012 ContentLoss : 0.067
2022-05-03 11:16:04 | INFO | train_tsf_model.py | [Iteration 24800] Model Checkpoint Saved with Loss : 0.1, Acc : 98.5, BLEU : 43.625
2022-05-03 11:16:39 | INFO | train_tsf_model.py | [Iteration 24900] SelfLoss : 0.08 CycleLoss : 0 StyleLoss : 0.029 ContentLoss : 0.07
2022-05-03 11:16:42 | INFO | train_tsf_model.py | [Iteration 24900] Model Checkpoint Saved with Loss : 0.1, Acc : 98.4, BLEU : 43.556
2022-05-03 11:17:17 | INFO | train_tsf_model.py | [Iteration 25000] SelfLoss : 0.063 CycleLoss : 0 StyleLoss : 0.006 ContentLoss : 0.068
2022-05-03 11:17:20 | INFO | train_tsf_model.py | [Iteration 25000] Model Checkpoint Saved with Loss : 0.1, Acc : 99.2, BLEU : 42.424
2022-05-03 11:17:55 | INFO | train_tsf_model.py | [Iteration 25100] SelfLoss : 0.072 CycleLoss : 0 StyleLoss : 0.009 ContentLoss : 0.067
2022-05-03 11:17:58 | INFO | train_tsf_model.py | [Iteration 25100] Model Checkpoint Saved with Loss : 0.098, Acc : 98.9, BLEU : 42.813
2022-05-03 11:18:33 | INFO | train_tsf_model.py | [Iteration 25200] SelfLoss : 0.058 CycleLoss : 0 StyleLoss : 0.021 ContentLoss : 0.067
2022-05-03 11:18:37 | INFO | train_tsf_model.py | [Iteration 25200] Model Checkpoint Saved with Loss : 0.097, Acc : 98.9, BLEU : 42.485
2022-05-03 11:19:12 | INFO | train_tsf_model.py | [Iteration 25300] SelfLoss : 0.06 CycleLoss : 0 StyleLoss : 0.021 ContentLoss : 0.068
2022-05-03 11:19:16 | INFO | train_tsf_model.py | [Iteration 25300] Model Checkpoint Saved with Loss : 0.096, Acc : 98.7, BLEU : 43.367
2022-05-03 11:19:50 | INFO | train_tsf_model.py | [Iteration 25400] SelfLoss : 0.063 CycleLoss : 0 StyleLoss : 0.007 ContentLoss : 0.066
2022-05-03 11:19:54 | INFO | train_tsf_model.py | [Iteration 25400] Model Checkpoint Saved with Loss : 0.1, Acc : 99.0, BLEU : 42.432
2022-05-03 11:20:29 | INFO | train_tsf_model.py | [Iteration 25500] SelfLoss : 0.059 CycleLoss : 0 StyleLoss : 0.009 ContentLoss : 0.066
2022-05-03 11:20:32 | INFO | train_tsf_model.py | [Iteration 25500] Model Checkpoint Saved with Loss : 0.101, Acc : 99.0, BLEU : 42.335
2022-05-03 11:21:07 | INFO | train_tsf_model.py | [Iteration 25600] SelfLoss : 0.059 CycleLoss : 0 StyleLoss : 0.032 ContentLoss : 0.065
2022-05-03 11:21:10 | INFO | train_tsf_model.py | [Iteration 25600] Model Checkpoint Saved with Loss : 0.101, Acc : 98.8, BLEU : 42.44
2022-05-03 11:21:46 | INFO | train_tsf_model.py | [Iteration 25700] SelfLoss : 0.064 CycleLoss : 0 StyleLoss : 0.002 ContentLoss : 0.065
2022-05-03 11:21:49 | INFO | train_tsf_model.py | [Iteration 25700] Model Checkpoint Saved with Loss : 0.105, Acc : 98.6, BLEU : 42.822
2022-05-03 11:22:24 | INFO | train_tsf_model.py | [Iteration 25800] SelfLoss : 0.059 CycleLoss : 0 StyleLoss : 0.006 ContentLoss : 0.067
2022-05-03 11:22:27 | INFO | train_tsf_model.py | [Iteration 25800] Model Checkpoint Saved with Loss : 0.102, Acc : 98.6, BLEU : 42.424
2022-05-03 11:23:02 | INFO | train_tsf_model.py | [Iteration 25900] SelfLoss : 0.063 CycleLoss : 0 StyleLoss : 0.005 ContentLoss : 0.069
2022-05-03 11:23:05 | INFO | train_tsf_model.py | [Iteration 25900] Model Checkpoint Saved with Loss : 0.101, Acc : 98.5, BLEU : 42.529
2022-05-03 11:23:41 | INFO | train_tsf_model.py | [Iteration 26000] SelfLoss : 0.061 CycleLoss : 0 StyleLoss : 0.007 ContentLoss : 0.066
2022-05-03 11:23:44 | INFO | train_tsf_model.py | [Iteration 26000] Model Checkpoint Saved with Loss : 0.098, Acc : 99.1, BLEU : 42.129
2022-05-03 11:24:19 | INFO | train_tsf_model.py | [Iteration 26100] SelfLoss : 0.058 CycleLoss : 0 StyleLoss : 0.013 ContentLoss : 0.065
2022-05-03 11:24:22 | INFO | train_tsf_model.py | [Iteration 26100] Model Checkpoint Saved with Loss : 0.1, Acc : 99.0, BLEU : 42.648
2022-05-03 11:24:57 | INFO | train_tsf_model.py | [Iteration 26200] SelfLoss : 0.07 CycleLoss : 0 StyleLoss : 0.015 ContentLoss : 0.066
2022-05-03 11:25:00 | INFO | train_tsf_model.py | [Iteration 26200] Model Checkpoint Saved with Loss : 0.097, Acc : 99.0, BLEU : 43.207
2022-05-03 11:25:35 | INFO | train_tsf_model.py | [Iteration 26300] SelfLoss : 0.07 CycleLoss : 0 StyleLoss : 0.018 ContentLoss : 0.065
2022-05-03 11:25:38 | INFO | train_tsf_model.py | [Iteration 26300] Model Checkpoint Saved with Loss : 0.099, Acc : 99.0, BLEU : 42.52
2022-05-03 11:26:12 | INFO | train_tsf_model.py | [Iteration 26400] SelfLoss : 0.064 CycleLoss : 0 StyleLoss : 0.009 ContentLoss : 0.065
2022-05-03 11:26:16 | INFO | train_tsf_model.py | [Iteration 26400] Model Checkpoint Saved with Loss : 0.1, Acc : 98.8, BLEU : 42.329
2022-05-03 11:26:51 | INFO | train_tsf_model.py | [Iteration 26500] SelfLoss : 0.05 CycleLoss : 0 StyleLoss : 0.01 ContentLoss : 0.067
2022-05-03 11:26:55 | INFO | train_tsf_model.py | [Iteration 26500] Model Checkpoint Saved with Loss : 0.098, Acc : 98.8, BLEU : 42.36
2022-05-03 11:27:29 | INFO | train_tsf_model.py | [Iteration 26600] SelfLoss : 0.066 CycleLoss : 0 StyleLoss : 0.009 ContentLoss : 0.065
2022-05-03 11:27:32 | INFO | train_tsf_model.py | [Iteration 26600] Model Checkpoint Saved with Loss : 0.096, Acc : 98.3, BLEU : 43.229
2022-05-03 11:28:07 | INFO | train_tsf_model.py | [Iteration 26700] SelfLoss : 0.072 CycleLoss : 0 StyleLoss : 0.026 ContentLoss : 0.066
2022-05-03 11:28:11 | INFO | train_tsf_model.py | [Iteration 26700] Model Checkpoint Saved with Loss : 0.094, Acc : 99.0, BLEU : 42.429
2022-05-03 11:28:45 | INFO | train_tsf_model.py | [Iteration 26800] SelfLoss : 0.069 CycleLoss : 0 StyleLoss : 0.015 ContentLoss : 0.065
2022-05-03 11:28:49 | INFO | train_tsf_model.py | [Iteration 26800] Model Checkpoint Saved with Loss : 0.092, Acc : 98.2, BLEU : 43.405
2022-05-03 11:29:24 | INFO | train_tsf_model.py | [Iteration 26900] SelfLoss : 0.054 CycleLoss : 0 StyleLoss : 0.004 ContentLoss : 0.064
2022-05-03 11:29:27 | INFO | train_tsf_model.py | [Iteration 26900] Model Checkpoint Saved with Loss : 0.097, Acc : 99.0, BLEU : 42.941
2022-05-03 11:30:01 | INFO | train_tsf_model.py | [Iteration 27000] SelfLoss : 0.063 CycleLoss : 0 StyleLoss : 0.029 ContentLoss : 0.065
2022-05-03 11:30:04 | INFO | train_tsf_model.py | [Iteration 27000] Model Checkpoint Saved with Loss : 0.096, Acc : 98.5, BLEU : 43.272
2022-05-03 11:30:40 | INFO | train_tsf_model.py | [Iteration 27100] SelfLoss : 0.065 CycleLoss : 0 StyleLoss : 0.022 ContentLoss : 0.064
2022-05-03 11:30:43 | INFO | train_tsf_model.py | [Iteration 27100] Model Checkpoint Saved with Loss : 0.098, Acc : 98.6, BLEU : 42.841
2022-05-03 11:31:17 | INFO | train_tsf_model.py | [Iteration 27200] SelfLoss : 0.046 CycleLoss : 0 StyleLoss : 0.003 ContentLoss : 0.064
2022-05-03 11:31:20 | INFO | train_tsf_model.py | [Iteration 27200] Model Checkpoint Saved with Loss : 0.095, Acc : 98.7, BLEU : 43.078
2022-05-03 11:31:55 | INFO | train_tsf_model.py | [Iteration 27300] SelfLoss : 0.05 CycleLoss : 0 StyleLoss : 0.006 ContentLoss : 0.062
2022-05-03 11:31:58 | INFO | train_tsf_model.py | [Iteration 27300] Model Checkpoint Saved with Loss : 0.094, Acc : 98.5, BLEU : 43.084
2022-05-03 11:32:32 | INFO | train_tsf_model.py | [Iteration 27400] SelfLoss : 0.062 CycleLoss : 0 StyleLoss : 0.025 ContentLoss : 0.063
2022-05-03 11:32:35 | INFO | train_tsf_model.py | [Iteration 27400] Model Checkpoint Saved with Loss : 0.095, Acc : 98.4, BLEU : 43.463
2022-05-03 11:33:10 | INFO | train_tsf_model.py | [Iteration 27500] SelfLoss : 0.057 CycleLoss : 0 StyleLoss : 0.017 ContentLoss : 0.063
2022-05-03 11:33:13 | INFO | train_tsf_model.py | [Iteration 27500] Model Checkpoint Saved with Loss : 0.097, Acc : 98.9, BLEU : 43.323
2022-05-03 11:33:48 | INFO | train_tsf_model.py | [Iteration 27600] SelfLoss : 0.058 CycleLoss : 0 StyleLoss : 0.013 ContentLoss : 0.062
2022-05-03 11:33:51 | INFO | train_tsf_model.py | [Iteration 27600] Model Checkpoint Saved with Loss : 0.093, Acc : 99.1, BLEU : 43.442
2022-05-03 11:34:26 | INFO | train_tsf_model.py | [Iteration 27700] SelfLoss : 0.061 CycleLoss : 0 StyleLoss : 0.002 ContentLoss : 0.063
2022-05-03 11:34:30 | INFO | train_tsf_model.py | [Iteration 27700] Model Checkpoint Saved with Loss : 0.097, Acc : 98.6, BLEU : 43.012
2022-05-03 11:35:05 | INFO | train_tsf_model.py | [Iteration 27800] SelfLoss : 0.061 CycleLoss : 0 StyleLoss : 0.015 ContentLoss : 0.062
2022-05-03 11:35:08 | INFO | train_tsf_model.py | [Iteration 27800] Model Checkpoint Saved with Loss : 0.096, Acc : 99.0, BLEU : 42.131
2022-05-03 11:35:42 | INFO | train_tsf_model.py | [Iteration 27900] SelfLoss : 0.049 CycleLoss : 0 StyleLoss : 0.018 ContentLoss : 0.063
2022-05-03 11:35:46 | INFO | train_tsf_model.py | [Iteration 27900] Model Checkpoint Saved with Loss : 0.094, Acc : 98.8, BLEU : 42.79
2022-05-03 11:36:21 | INFO | train_tsf_model.py | [Iteration 28000] SelfLoss : 0.049 CycleLoss : 0 StyleLoss : 0.023 ContentLoss : 0.06
2022-05-03 11:36:24 | INFO | train_tsf_model.py | [Iteration 28000] Model Checkpoint Saved with Loss : 0.096, Acc : 99.1, BLEU : 43.081
2022-05-03 11:36:59 | INFO | train_tsf_model.py | [Iteration 28100] SelfLoss : 0.052 CycleLoss : 0 StyleLoss : 0.02 ContentLoss : 0.061
2022-05-03 11:37:02 | INFO | train_tsf_model.py | [Iteration 28100] Model Checkpoint Saved with Loss : 0.094, Acc : 98.7, BLEU : 43.333
2022-05-03 11:37:36 | INFO | train_tsf_model.py | [Iteration 28200] SelfLoss : 0.062 CycleLoss : 0 StyleLoss : 0.027 ContentLoss : 0.064
2022-05-03 11:37:39 | INFO | train_tsf_model.py | [Iteration 28200] Model Checkpoint Saved with Loss : 0.093, Acc : 98.8, BLEU : 43.953
2022-05-03 11:38:14 | INFO | train_tsf_model.py | [Iteration 28300] SelfLoss : 0.062 CycleLoss : 0 StyleLoss : 0.02 ContentLoss : 0.063
2022-05-03 11:38:17 | INFO | train_tsf_model.py | [Iteration 28300] Model Checkpoint Saved with Loss : 0.093, Acc : 99.1, BLEU : 43.452
2022-05-03 11:38:52 | INFO | train_tsf_model.py | [Iteration 28400] SelfLoss : 0.054 CycleLoss : 0 StyleLoss : 0.016 ContentLoss : 0.059
2022-05-03 11:38:56 | INFO | train_tsf_model.py | [Iteration 28400] Model Checkpoint Saved with Loss : 0.094, Acc : 98.9, BLEU : 43.364
2022-05-03 11:39:31 | INFO | train_tsf_model.py | [Iteration 28500] SelfLoss : 0.045 CycleLoss : 0 StyleLoss : 0.013 ContentLoss : 0.062
2022-05-03 11:39:35 | INFO | train_tsf_model.py | [Iteration 28500] Model Checkpoint Saved with Loss : 0.093, Acc : 98.9, BLEU : 43.287
2022-05-03 11:40:10 | INFO | train_tsf_model.py | [Iteration 28600] SelfLoss : 0.05 CycleLoss : 0 StyleLoss : 0.006 ContentLoss : 0.061
2022-05-03 11:40:13 | INFO | train_tsf_model.py | [Iteration 28600] Model Checkpoint Saved with Loss : 0.095, Acc : 99.2, BLEU : 42.189
2022-05-03 11:40:48 | INFO | train_tsf_model.py | [Iteration 28700] SelfLoss : 0.05 CycleLoss : 0 StyleLoss : 0.018 ContentLoss : 0.061
2022-05-03 11:40:51 | INFO | train_tsf_model.py | [Iteration 28700] Model Checkpoint Saved with Loss : 0.091, Acc : 98.7, BLEU : 43.98
2022-05-03 11:41:26 | INFO | train_tsf_model.py | [Iteration 28800] SelfLoss : 0.053 CycleLoss : 0 StyleLoss : 0.032 ContentLoss : 0.062
2022-05-03 11:41:29 | INFO | train_tsf_model.py | [Iteration 28800] Model Checkpoint Saved with Loss : 0.09, Acc : 98.7, BLEU : 43.236
2022-05-03 11:42:04 | INFO | train_tsf_model.py | [Iteration 28900] SelfLoss : 0.048 CycleLoss : 0 StyleLoss : 0.004 ContentLoss : 0.061
2022-05-03 11:42:07 | INFO | train_tsf_model.py | [Iteration 28900] Model Checkpoint Saved with Loss : 0.091, Acc : 99.1, BLEU : 43.768
2022-05-03 11:42:42 | INFO | train_tsf_model.py | [Iteration 29000] SelfLoss : 0.052 CycleLoss : 0 StyleLoss : 0.019 ContentLoss : 0.061
2022-05-03 11:42:45 | INFO | train_tsf_model.py | [Iteration 29000] Model Checkpoint Saved with Loss : 0.096, Acc : 99.0, BLEU : 43.885
2022-05-03 11:43:20 | INFO | train_tsf_model.py | [Iteration 29100] SelfLoss : 0.061 CycleLoss : 0 StyleLoss : 0.035 ContentLoss : 0.059
2022-05-03 11:43:23 | INFO | train_tsf_model.py | [Iteration 29100] Model Checkpoint Saved with Loss : 0.092, Acc : 99.2, BLEU : 43.386
2022-05-03 11:43:58 | INFO | train_tsf_model.py | [Iteration 29200] SelfLoss : 0.051 CycleLoss : 0 StyleLoss : 0.004 ContentLoss : 0.061
2022-05-03 11:44:01 | INFO | train_tsf_model.py | [Iteration 29200] Model Checkpoint Saved with Loss : 0.093, Acc : 99.0, BLEU : 43.149
2022-05-03 11:44:36 | INFO | train_tsf_model.py | [Iteration 29300] SelfLoss : 0.067 CycleLoss : 0 StyleLoss : 0.015 ContentLoss : 0.061
2022-05-03 11:44:41 | INFO | train_tsf_model.py | [Iteration 29300] Model Checkpoint Saved with Loss : 0.094, Acc : 98.7, BLEU : 43.201
2022-05-03 11:45:15 | INFO | train_tsf_model.py | [Iteration 29400] SelfLoss : 0.06 CycleLoss : 0 StyleLoss : 0.009 ContentLoss : 0.059
2022-05-03 11:45:18 | INFO | train_tsf_model.py | [Iteration 29400] Model Checkpoint Saved with Loss : 0.093, Acc : 98.8, BLEU : 43.609
2022-05-03 11:45:53 | INFO | train_tsf_model.py | [Iteration 29500] SelfLoss : 0.06 CycleLoss : 0 StyleLoss : 0.012 ContentLoss : 0.059
2022-05-03 11:45:56 | INFO | train_tsf_model.py | [Iteration 29500] Model Checkpoint Saved with Loss : 0.093, Acc : 99.1, BLEU : 43.569
2022-05-03 11:46:31 | INFO | train_tsf_model.py | [Iteration 29600] SelfLoss : 0.062 CycleLoss : 0 StyleLoss : 0.035 ContentLoss : 0.061
2022-05-03 11:46:34 | INFO | train_tsf_model.py | [Iteration 29600] Model Checkpoint Saved with Loss : 0.095, Acc : 99.2, BLEU : 43.004
2022-05-03 11:47:09 | INFO | train_tsf_model.py | [Iteration 29700] SelfLoss : 0.054 CycleLoss : 0 StyleLoss : 0.029 ContentLoss : 0.061
2022-05-03 11:47:12 | INFO | train_tsf_model.py | [Iteration 29700] Model Checkpoint Saved with Loss : 0.096, Acc : 98.7, BLEU : 43.358
2022-05-03 11:47:47 | INFO | train_tsf_model.py | [Iteration 29800] SelfLoss : 0.059 CycleLoss : 0 StyleLoss : 0.007 ContentLoss : 0.061
2022-05-03 11:47:51 | INFO | train_tsf_model.py | [Iteration 29800] Model Checkpoint Saved with Loss : 0.097, Acc : 98.8, BLEU : 42.618
2022-05-03 11:48:26 | INFO | train_tsf_model.py | [Iteration 29900] SelfLoss : 0.06 CycleLoss : 0 StyleLoss : 0.009 ContentLoss : 0.061
2022-05-03 11:48:29 | INFO | train_tsf_model.py | [Iteration 29900] Model Checkpoint Saved with Loss : 0.094, Acc : 99.2, BLEU : 42.604
2022-05-03 11:49:03 | INFO | train_tsf_model.py | [Iteration 30000] SelfLoss : 0.043 CycleLoss : 0 StyleLoss : 0.004 ContentLoss : 0.058
2022-05-03 11:49:06 | INFO | train_tsf_model.py | [Iteration 30000] Model Checkpoint Saved with Loss : 0.092, Acc : 98.7, BLEU : 43.295
2022-05-03 11:49:41 | INFO | train_tsf_model.py | [Iteration 30100] SelfLoss : 0.046 CycleLoss : 0 StyleLoss : 0.004 ContentLoss : 0.057
2022-05-03 11:49:45 | INFO | train_tsf_model.py | [Iteration 30100] Model Checkpoint Saved with Loss : 0.09, Acc : 98.9, BLEU : 43.942
2022-05-03 11:50:19 | INFO | train_tsf_model.py | [Iteration 30200] SelfLoss : 0.047 CycleLoss : 0 StyleLoss : 0.013 ContentLoss : 0.06
2022-05-03 11:50:22 | INFO | train_tsf_model.py | [Iteration 30200] Model Checkpoint Saved with Loss : 0.09, Acc : 98.6, BLEU : 43.877
2022-05-03 11:50:56 | INFO | train_tsf_model.py | [Iteration 30300] SelfLoss : 0.049 CycleLoss : 0 StyleLoss : 0.023 ContentLoss : 0.059
2022-05-03 11:50:59 | INFO | train_tsf_model.py | [Iteration 30300] Model Checkpoint Saved with Loss : 0.089, Acc : 98.9, BLEU : 42.982
2022-05-03 11:51:34 | INFO | train_tsf_model.py | [Iteration 30400] SelfLoss : 0.052 CycleLoss : 0 StyleLoss : 0.024 ContentLoss : 0.058
2022-05-03 11:51:37 | INFO | train_tsf_model.py | [Iteration 30400] Model Checkpoint Saved with Loss : 0.092, Acc : 98.9, BLEU : 42.826
2022-05-03 11:52:12 | INFO | train_tsf_model.py | [Iteration 30500] SelfLoss : 0.047 CycleLoss : 0 StyleLoss : 0.006 ContentLoss : 0.059
2022-05-03 11:52:16 | INFO | train_tsf_model.py | [Iteration 30500] Model Checkpoint Saved with Loss : 0.093, Acc : 99.0, BLEU : 43.337
2022-05-03 11:52:50 | INFO | train_tsf_model.py | [Iteration 30600] SelfLoss : 0.046 CycleLoss : 0 StyleLoss : 0.02 ContentLoss : 0.058
2022-05-03 11:52:53 | INFO | train_tsf_model.py | [Iteration 30600] Model Checkpoint Saved with Loss : 0.093, Acc : 98.9, BLEU : 43.606
2022-05-03 11:53:28 | INFO | train_tsf_model.py | [Iteration 30700] SelfLoss : 0.048 CycleLoss : 0 StyleLoss : 0.006 ContentLoss : 0.059
2022-05-03 11:53:32 | INFO | train_tsf_model.py | [Iteration 30700] Model Checkpoint Saved with Loss : 0.089, Acc : 98.9, BLEU : 44.062
2022-05-03 11:54:06 | INFO | train_tsf_model.py | [Iteration 30800] SelfLoss : 0.044 CycleLoss : 0 StyleLoss : 0.021 ContentLoss : 0.059
2022-05-03 11:54:09 | INFO | train_tsf_model.py | [Iteration 30800] Model Checkpoint Saved with Loss : 0.095, Acc : 98.9, BLEU : 43.755
2022-05-03 11:54:43 | INFO | train_tsf_model.py | [Iteration 30900] SelfLoss : 0.056 CycleLoss : 0 StyleLoss : 0.012 ContentLoss : 0.058
2022-05-03 11:54:47 | INFO | train_tsf_model.py | [Iteration 30900] Model Checkpoint Saved with Loss : 0.092, Acc : 98.8, BLEU : 43.267
2022-05-03 11:55:22 | INFO | train_tsf_model.py | [Iteration 31000] SelfLoss : 0.056 CycleLoss : 0 StyleLoss : 0.009 ContentLoss : 0.058
2022-05-03 11:55:25 | INFO | train_tsf_model.py | [Iteration 31000] Model Checkpoint Saved with Loss : 0.093, Acc : 98.7, BLEU : 43.997
2022-05-03 11:56:00 | INFO | train_tsf_model.py | [Iteration 31100] SelfLoss : 0.055 CycleLoss : 0 StyleLoss : 0.021 ContentLoss : 0.059
2022-05-03 11:56:03 | INFO | train_tsf_model.py | [Iteration 31100] Model Checkpoint Saved with Loss : 0.091, Acc : 99.0, BLEU : 44.177
2022-05-03 11:56:37 | INFO | train_tsf_model.py | [Iteration 31200] SelfLoss : 0.05 CycleLoss : 0 StyleLoss : 0.011 ContentLoss : 0.059
2022-05-03 11:56:40 | INFO | train_tsf_model.py | [Iteration 31200] Model Checkpoint Saved with Loss : 0.091, Acc : 98.9, BLEU : 43.368
2022-05-03 11:57:14 | INFO | train_tsf_model.py | [Iteration 31300] SelfLoss : 0.048 CycleLoss : 0 StyleLoss : 0.026 ContentLoss : 0.057
2022-05-03 11:57:17 | INFO | train_tsf_model.py | [Iteration 31300] Model Checkpoint Saved with Loss : 0.092, Acc : 99.1, BLEU : 43.065
2022-05-03 11:57:51 | INFO | train_tsf_model.py | [Iteration 31400] SelfLoss : 0.059 CycleLoss : 0 StyleLoss : 0.014 ContentLoss : 0.059
2022-05-03 11:57:54 | INFO | train_tsf_model.py | [Iteration 31400] Model Checkpoint Saved with Loss : 0.091, Acc : 99.1, BLEU : 43.43
2022-05-03 11:58:28 | INFO | train_tsf_model.py | [Iteration 31500] SelfLoss : 0.049 CycleLoss : 0 StyleLoss : 0.024 ContentLoss : 0.057
2022-05-03 11:58:31 | INFO | train_tsf_model.py | [Iteration 31500] Model Checkpoint Saved with Loss : 0.093, Acc : 99.0, BLEU : 43.844
2022-05-03 11:59:06 | INFO | train_tsf_model.py | [Iteration 31600] SelfLoss : 0.038 CycleLoss : 0 StyleLoss : 0.023 ContentLoss : 0.057
2022-05-03 11:59:09 | INFO | train_tsf_model.py | [Iteration 31600] Model Checkpoint Saved with Loss : 0.088, Acc : 98.7, BLEU : 44.732
2022-05-03 11:59:44 | INFO | train_tsf_model.py | [Iteration 31700] SelfLoss : 0.053 CycleLoss : 0 StyleLoss : 0.017 ContentLoss : 0.058
2022-05-03 11:59:47 | INFO | train_tsf_model.py | [Iteration 31700] Model Checkpoint Saved with Loss : 0.089, Acc : 99.3, BLEU : 43.707
2022-05-03 12:00:22 | INFO | train_tsf_model.py | [Iteration 31800] SelfLoss : 0.055 CycleLoss : 0 StyleLoss : 0.008 ContentLoss : 0.057
2022-05-03 12:00:25 | INFO | train_tsf_model.py | [Iteration 31800] Model Checkpoint Saved with Loss : 0.089, Acc : 99.2, BLEU : 44.329
2022-05-03 12:01:00 | INFO | train_tsf_model.py | [Iteration 31900] SelfLoss : 0.051 CycleLoss : 0 StyleLoss : 0.008 ContentLoss : 0.058
2022-05-03 12:01:03 | INFO | train_tsf_model.py | [Iteration 31900] Model Checkpoint Saved with Loss : 0.088, Acc : 98.9, BLEU : 43.649
2022-05-03 12:01:38 | INFO | train_tsf_model.py | [Iteration 32000] SelfLoss : 0.044 CycleLoss : 0 StyleLoss : 0.018 ContentLoss : 0.059
2022-05-03 12:01:42 | INFO | train_tsf_model.py | [Iteration 32000] Model Checkpoint Saved with Loss : 0.089, Acc : 98.7, BLEU : 43.591
2022-05-03 12:02:16 | INFO | train_tsf_model.py | [Iteration 32100] SelfLoss : 0.034 CycleLoss : 0 StyleLoss : 0.021 ContentLoss : 0.055
2022-05-03 12:02:20 | INFO | train_tsf_model.py | [Iteration 32100] Model Checkpoint Saved with Loss : 0.091, Acc : 99.2, BLEU : 43.848
2022-05-03 12:02:54 | INFO | train_tsf_model.py | [Iteration 32200] SelfLoss : 0.048 CycleLoss : 0 StyleLoss : 0.016 ContentLoss : 0.055
2022-05-03 12:02:57 | INFO | train_tsf_model.py | [Iteration 32200] Model Checkpoint Saved with Loss : 0.09, Acc : 99.0, BLEU : 43.439
2022-05-03 12:03:32 | INFO | train_tsf_model.py | [Iteration 32300] SelfLoss : 0.053 CycleLoss : 0 StyleLoss : 0.01 ContentLoss : 0.056
2022-05-03 12:03:36 | INFO | train_tsf_model.py | [Iteration 32300] Model Checkpoint Saved with Loss : 0.09, Acc : 98.8, BLEU : 43.995
2022-05-03 12:04:11 | INFO | train_tsf_model.py | [Iteration 32400] SelfLoss : 0.053 CycleLoss : 0 StyleLoss : 0.02 ContentLoss : 0.057
2022-05-03 12:04:14 | INFO | train_tsf_model.py | [Iteration 32400] Model Checkpoint Saved with Loss : 0.091, Acc : 99.0, BLEU : 43.536
2022-05-03 12:04:49 | INFO | train_tsf_model.py | [Iteration 32500] SelfLoss : 0.039 CycleLoss : 0 StyleLoss : 0.011 ContentLoss : 0.056
2022-05-03 12:04:52 | INFO | train_tsf_model.py | [Iteration 32500] Model Checkpoint Saved with Loss : 0.089, Acc : 99.0, BLEU : 43.492
2022-05-03 12:05:26 | INFO | train_tsf_model.py | [Iteration 32600] SelfLoss : 0.046 CycleLoss : 0 StyleLoss : 0.008 ContentLoss : 0.057
2022-05-03 12:05:30 | INFO | train_tsf_model.py | [Iteration 32600] Model Checkpoint Saved with Loss : 0.09, Acc : 98.9, BLEU : 44.131
2022-05-03 12:06:05 | INFO | train_tsf_model.py | [Iteration 32700] SelfLoss : 0.049 CycleLoss : 0 StyleLoss : 0.007 ContentLoss : 0.056
2022-05-03 12:06:08 | INFO | train_tsf_model.py | [Iteration 32700] Model Checkpoint Saved with Loss : 0.089, Acc : 98.6, BLEU : 44.248
2022-05-03 12:06:43 | INFO | train_tsf_model.py | [Iteration 32800] SelfLoss : 0.048 CycleLoss : 0 StyleLoss : 0.025 ContentLoss : 0.056
2022-05-03 12:06:47 | INFO | train_tsf_model.py | [Iteration 32800] Model Checkpoint Saved with Loss : 0.089, Acc : 99.1, BLEU : 44.488
2022-05-03 12:07:21 | INFO | train_tsf_model.py | [Iteration 32900] SelfLoss : 0.054 CycleLoss : 0 StyleLoss : 0.03 ContentLoss : 0.057
2022-05-03 12:07:25 | INFO | train_tsf_model.py | [Iteration 32900] Model Checkpoint Saved with Loss : 0.089, Acc : 98.7, BLEU : 44.018
2022-05-03 12:07:59 | INFO | train_tsf_model.py | [Iteration 33000] SelfLoss : 0.044 CycleLoss : 0 StyleLoss : 0.028 ContentLoss : 0.058
2022-05-03 12:08:03 | INFO | train_tsf_model.py | [Iteration 33000] Model Checkpoint Saved with Loss : 0.089, Acc : 98.9, BLEU : 44.3
2022-05-03 12:08:37 | INFO | train_tsf_model.py | [Iteration 33100] SelfLoss : 0.045 CycleLoss : 0 StyleLoss : 0.012 ContentLoss : 0.056
2022-05-03 12:08:41 | INFO | train_tsf_model.py | [Iteration 33100] Model Checkpoint Saved with Loss : 0.091, Acc : 99.0, BLEU : 44.639
2022-05-03 12:09:15 | INFO | train_tsf_model.py | [Iteration 33200] SelfLoss : 0.049 CycleLoss : 0 StyleLoss : 0.014 ContentLoss : 0.056
2022-05-03 12:09:18 | INFO | train_tsf_model.py | [Iteration 33200] Model Checkpoint Saved with Loss : 0.093, Acc : 99.2, BLEU : 43.762
2022-05-03 12:09:53 | INFO | train_tsf_model.py | [Iteration 33300] SelfLoss : 0.048 CycleLoss : 0 StyleLoss : 0.015 ContentLoss : 0.054
2022-05-03 12:09:56 | INFO | train_tsf_model.py | [Iteration 33300] Model Checkpoint Saved with Loss : 0.092, Acc : 99.3, BLEU : 43.633
2022-05-03 12:10:31 | INFO | train_tsf_model.py | [Iteration 33400] SelfLoss : 0.044 CycleLoss : 0 StyleLoss : 0.009 ContentLoss : 0.056
2022-05-03 12:10:34 | INFO | train_tsf_model.py | [Iteration 33400] Model Checkpoint Saved with Loss : 0.09, Acc : 99.0, BLEU : 43.213
2022-05-03 12:11:09 | INFO | train_tsf_model.py | [Iteration 33500] SelfLoss : 0.052 CycleLoss : 0 StyleLoss : 0.014 ContentLoss : 0.056
2022-05-03 12:11:12 | INFO | train_tsf_model.py | [Iteration 33500] Model Checkpoint Saved with Loss : 0.092, Acc : 98.7, BLEU : 44.052
2022-05-03 12:11:47 | INFO | train_tsf_model.py | [Iteration 33600] SelfLoss : 0.048 CycleLoss : 0 StyleLoss : 0.013 ContentLoss : 0.055
2022-05-03 12:11:50 | INFO | train_tsf_model.py | [Iteration 33600] Model Checkpoint Saved with Loss : 0.088, Acc : 98.8, BLEU : 44.522
2022-05-03 12:12:24 | INFO | train_tsf_model.py | [Iteration 33700] SelfLoss : 0.044 CycleLoss : 0 StyleLoss : 0.002 ContentLoss : 0.055
2022-05-03 12:12:28 | INFO | train_tsf_model.py | [Iteration 33700] Model Checkpoint Saved with Loss : 0.089, Acc : 99.3, BLEU : 43.483
2022-05-03 12:13:03 | INFO | train_tsf_model.py | [Iteration 33800] SelfLoss : 0.042 CycleLoss : 0 StyleLoss : 0.016 ContentLoss : 0.055
2022-05-03 12:13:06 | INFO | train_tsf_model.py | [Iteration 33800] Model Checkpoint Saved with Loss : 0.091, Acc : 98.8, BLEU : 43.681
2022-05-03 12:13:40 | INFO | train_tsf_model.py | [Iteration 33900] SelfLoss : 0.04 CycleLoss : 0 StyleLoss : 0.011 ContentLoss : 0.054
2022-05-03 12:13:44 | INFO | train_tsf_model.py | [Iteration 33900] Model Checkpoint Saved with Loss : 0.09, Acc : 99.1, BLEU : 44.141
2022-05-03 12:14:18 | INFO | train_tsf_model.py | [Iteration 34000] SelfLoss : 0.047 CycleLoss : 0 StyleLoss : 0.027 ContentLoss : 0.053
2022-05-03 12:14:21 | INFO | train_tsf_model.py | [Iteration 34000] Model Checkpoint Saved with Loss : 0.086, Acc : 98.9, BLEU : 44.333
2022-05-03 12:14:56 | INFO | train_tsf_model.py | [Iteration 34100] SelfLoss : 0.041 CycleLoss : 0 StyleLoss : 0.01 ContentLoss : 0.056
2022-05-03 12:14:59 | INFO | train_tsf_model.py | [Iteration 34100] Model Checkpoint Saved with Loss : 0.087, Acc : 99.0, BLEU : 43.602
2022-05-03 12:15:33 | INFO | train_tsf_model.py | [Iteration 34200] SelfLoss : 0.042 CycleLoss : 0 StyleLoss : 0.034 ContentLoss : 0.054
2022-05-03 12:15:36 | INFO | train_tsf_model.py | [Iteration 34200] Model Checkpoint Saved with Loss : 0.088, Acc : 99.0, BLEU : 43.78
2022-05-03 12:16:10 | INFO | train_tsf_model.py | [Iteration 34300] SelfLoss : 0.048 CycleLoss : 0 StyleLoss : 0.019 ContentLoss : 0.053
2022-05-03 12:16:14 | INFO | train_tsf_model.py | [Iteration 34300] Model Checkpoint Saved with Loss : 0.088, Acc : 99.1, BLEU : 44.294
2022-05-03 12:16:49 | INFO | train_tsf_model.py | [Iteration 34400] SelfLoss : 0.053 CycleLoss : 0 StyleLoss : 0.025 ContentLoss : 0.055
2022-05-03 12:16:52 | INFO | train_tsf_model.py | [Iteration 34400] Model Checkpoint Saved with Loss : 0.085, Acc : 99.0, BLEU : 43.817
2022-05-03 12:17:26 | INFO | train_tsf_model.py | [Iteration 34500] SelfLoss : 0.05 CycleLoss : 0 StyleLoss : 0.004 ContentLoss : 0.053
2022-05-03 12:17:29 | INFO | train_tsf_model.py | [Iteration 34500] Model Checkpoint Saved with Loss : 0.087, Acc : 99.2, BLEU : 43.846
2022-05-03 12:18:03 | INFO | train_tsf_model.py | [Iteration 34600] SelfLoss : 0.053 CycleLoss : 0 StyleLoss : 0.008 ContentLoss : 0.055
2022-05-03 12:18:07 | INFO | train_tsf_model.py | [Iteration 34600] Model Checkpoint Saved with Loss : 0.087, Acc : 99.1, BLEU : 43.313
/n/fs/nlp-saml/miniconda3/envs/racoln/lib/python3.7/site-packages/torch/nn/modules/rnn.py:65: UserWarning: dropout option adds dropout after all but last recurrent layer, so non-zero dropout expects num_layers greater than 1, but got dropout=0.2 and num_layers=1
  "num_layers={}".format(dropout, num_layers))
wandb: Waiting for W&B process to finish... (success).
wandb: - 0.001 MB of 0.001 MB uploaded (0.000 MB deduped)wandb: \ 0.001 MB of 0.001 MB uploaded (0.000 MB deduped)wandb: | 0.001 MB of 0.093 MB uploaded (0.000 MB deduped)wandb: / 0.001 MB of 0.093 MB uploaded (0.000 MB deduped)wandb: - 0.001 MB of 0.093 MB uploaded (0.000 MB deduped)wandb: \ 0.093 MB of 0.093 MB uploaded (0.000 MB deduped)wandb: | 0.093 MB of 0.093 MB uploaded (0.000 MB deduped)wandb: / 0.093 MB of 0.093 MB uploaded (0.000 MB deduped)wandb: - 0.093 MB of 0.093 MB uploaded (0.000 MB deduped)wandb: \ 0.093 MB of 0.093 MB uploaded (0.000 MB deduped)wandb: | 0.093 MB of 0.093 MB uploaded (0.000 MB deduped)wandb: / 0.093 MB of 0.093 MB uploaded (0.000 MB deduped)wandb: - 0.093 MB of 0.093 MB uploaded (0.000 MB deduped)wandb:                                                                                
wandb: 
wandb: Run history:
wandb:    cycle_loss ▁▁▁▁▁▁▁▁▁▁▁▁▁▁▁▁▁▁▁▁▁▁▁▁▁▁▁▁▁▁▁▁▁▁▁▁▁▁▁▁
wandb:  dev_accuracy ▁▇██████████████████████████████████████
wandb:      dev_loss █▅▄▃▂▂▂▂▁▁▁▁▁▁▁▁▁▁▁▁▁▁▁▁▁▁▁▁▁▁▁▁▁▁▁▁▁▁▁▁
wandb:        loss_r █▃▃▂▅▄▅▄▄▄▅▅▄▂▃▂▂▆▅▁▂▄▃▆▆▄▃▁▃▆▂▂▄▂▃▅▆▂▃▄
wandb:       mseLoss ▆████▇▆▆▆▆▅▅▅▅▄▄▄▄▃▃▃▃▃▃▃▂▂▂▂▂▂▂▂▂▁▁▁▁▁▁
wandb:     self_loss █▆▄▃▃▂▂▂▂▂▂▁▁▁▁▁▁▁▁▁▁▁▁▁▁▁▁▁▁▁▁▁▁▁▁▁▁▁▁▁
wandb: test_accuracy ▁▇██████████████████████████████████████
wandb:     test_loss █▅▄▃▂▂▂▂▁▁▁▁▁▁▁▁▁▁▁▁▁▁▁▁▁▁▁▁▁▁▁▁▁▁▁▁▁▁▁▁
wandb: 
wandb: Run summary:
wandb:    cycle_loss 0
wandb:  dev_accuracy 0.991
wandb:      dev_loss 0.08398
wandb:        loss_r 0.01973
wandb:       mseLoss 0.0548
wandb:     self_loss 0.04192
wandb: test_accuracy 0.991
wandb:     test_loss 0.0875
wandb: 
wandb: Synced no_cycle_loss: https://wandb.ai/iamsamliang/RACoLN/runs/2iq44l8k
wandb: Synced 6 W&B file(s), 0 media file(s), 0 artifact file(s) and 0 other file(s)
wandb: Find logs at: ./wandb/run-20220503_084219-2iq44l8k/logs
